#
# There is insufficient memory for the Java Runtime Environment to continue.
# Native memory allocation (mmap) failed to map 65536 bytes for Failed to commit metaspace.
# Possible reasons:
#   The system is out of physical RAM or swap space
#   The process is running with CompressedOops enabled, and the Java Heap may be blocking the growth of the native heap
# Possible solutions:
#   Reduce memory load on the system
#   Increase physical memory or swap space
#   Check if swap backing store is full
#   Decrease Java heap size (-Xmx/-Xms)
#   Decrease number of Java threads
#   Decrease Java thread stack sizes (-Xss)
#   Set larger code cache with -XX:ReservedCodeCacheSize=
#   JVM is running with Unscaled Compressed Oops mode in which the Java heap is
#     placed in the first 4GB address space. The Java Heap base address is the
#     maximum limit for the native heap growth. Please use -XX:HeapBaseMinAddress
#     to set the Java Heap base and to place the Java Heap above 4GB virtual address.
# This output file may be truncated or incomplete.
#
#  Out of Memory Error (virtualSpaceNode.cpp:110), pid=22132, tid=18028
#
# JRE version: OpenJDK Runtime Environment Temurin-17.0.10+7 (17.0.10+7) (build 17.0.10+7)
# Java VM: OpenJDK 64-Bit Server VM Temurin-17.0.10+7 (17.0.10+7, mixed mode, emulated-client, tiered, compressed oops, compressed class ptrs, g1 gc, windows-amd64)
# No core dump will be written. Minidumps are not enabled by default on client versions of Windows
#

---------------  S U M M A R Y ------------

Command Line: -XX:+HeapDumpOnOutOfMemoryError -Xmx1024m -Dsts.lsp.client=vscode -Dsts.log.file=/dev/null -XX:TieredStopAtLevel=1 -Xlog:jni+resolve=off -Dspring.config.location=file:c:\Users\Juan Diego Cordoba F\.vscode\extensions\vmware.vscode-spring-boot-1.53.0\language-server\BOOT-INF\classes\application.properties org.springframework.ide.vscode.boot.app.BootLanguageServerBootApp

Host: AMD Ryzen 5 3500U with Radeon Vega Mobile Gfx  , 8 cores, 5G,  Windows 11 , 64 bit Build 22621 (10.0.22621.3085)
Time: Tue Mar 12 20:56:25 2024 Hora est. Pacífico, Sudamérica elapsed time: 1.176147 seconds (0d 0h 0m 1s)

---------------  T H R E A D  ---------------

Current thread (0x0000028df7839f10):  JavaThread "main" [_thread_in_vm, id=18028, stack(0x000000c304e00000,0x000000c304f00000)]

Stack: [0x000000c304e00000,0x000000c304f00000]
Native frames: (J=compiled Java code, j=interpreted, Vv=VM code, C=native code)
V  [jvm.dll+0x67d2c9]
V  [jvm.dll+0x834afa]
V  [jvm.dll+0x8365be]
V  [jvm.dll+0x836c23]
V  [jvm.dll+0x2477ff]
V  [jvm.dll+0x8307bb]
V  [jvm.dll+0x621d16]
V  [jvm.dll+0x621d7a]
V  [jvm.dll+0x6245aa]
V  [jvm.dll+0x6226b6]
V  [jvm.dll+0x23d160]
V  [jvm.dll+0x1ec25b]
V  [jvm.dll+0x1e1c01]
V  [jvm.dll+0x5427ce]
V  [jvm.dll+0x1f2647]
V  [jvm.dll+0x7adf9b]
V  [jvm.dll+0x7af36c]
V  [jvm.dll+0x417af5]
C  [java.dll+0x1a55]

Java frames: (J=compiled Java code, j=interpreted, Vv=VM code)
J 757  java.lang.ClassLoader.findBootstrapClass(Ljava/lang/String;)Ljava/lang/Class; java.base@17.0.10 (0 bytes) @ 0x0000028dfa7f78f2 [0x0000028dfa7f78a0+0x0000000000000052]
J 762 c1 jdk.internal.loader.ClassLoaders$BootClassLoader.loadClassOrNull(Ljava/lang/String;Z)Ljava/lang/Class; java.base@17.0.10 (10 bytes) @ 0x0000028dfa7faea4 [0x0000028dfa7fae40+0x0000000000000064]
J 697 c1 jdk.internal.loader.BuiltinClassLoader.loadClassOrNull(Ljava/lang/String;Z)Ljava/lang/Class; java.base@17.0.10 (143 bytes) @ 0x0000028dfa7ddb74 [0x0000028dfa7dd800+0x0000000000000374]
J 760 c1 jdk.internal.loader.ClassLoaders$AppClassLoader.loadClass(Ljava/lang/String;Z)Ljava/lang/Class; java.base@17.0.10 (40 bytes) @ 0x0000028dfa7fb324 [0x0000028dfa7fb1e0+0x0000000000000144]
J 759 c1 java.lang.ClassLoader.loadClass(Ljava/lang/String;)Ljava/lang/Class; java.base@17.0.10 (7 bytes) @ 0x0000028dfa7f8464 [0x0000028dfa7f8420+0x0000000000000044]
v  ~StubRoutines::call_stub
J 1077  java.lang.Class.forName0(Ljava/lang/String;ZLjava/lang/ClassLoader;Ljava/lang/Class;)Ljava/lang/Class; java.base@17.0.10 (0 bytes) @ 0x0000028dfa8779a7 [0x0000028dfa877920+0x0000000000000087]
J 1082 c1 java.lang.Class.forName(Ljava/lang/String;ZLjava/lang/ClassLoader;)Ljava/lang/Class; java.base@17.0.10 (47 bytes) @ 0x0000028dfa8790b4 [0x0000028dfa878fc0+0x00000000000000f4]
j  sun.reflect.generics.factory.CoreReflectionFactory.makeNamedType(Ljava/lang/String;)Ljava/lang/reflect/Type;+6 java.base@17.0.10
j  sun.reflect.generics.visitor.Reifier.visitClassTypeSignature(Lsun/reflect/generics/tree/ClassTypeSignature;)V+173 java.base@17.0.10
j  sun.reflect.generics.tree.ClassTypeSignature.accept(Lsun/reflect/generics/visitor/TypeTreeVisitor;)V+2 java.base@17.0.10
j  sun.reflect.generics.visitor.Reifier.reifyTypeArguments([Lsun/reflect/generics/tree/TypeArgument;)[Ljava/lang/reflect/Type;+18 java.base@17.0.10
j  sun.reflect.generics.visitor.Reifier.visitClassTypeSignature(Lsun/reflect/generics/tree/ClassTypeSignature;)V+250 java.base@17.0.10
j  sun.reflect.generics.tree.ClassTypeSignature.accept(Lsun/reflect/generics/visitor/TypeTreeVisitor;)V+2 java.base@17.0.10
j  sun.reflect.generics.repository.ClassRepository.computeSuperInterfaces()[Ljava/lang/reflect/Type;+40 java.base@17.0.10
j  sun.reflect.generics.repository.ClassRepository.getSuperInterfaces()[Ljava/lang/reflect/Type;+10 java.base@17.0.10
j  java.lang.Class.getGenericInterfaces()[Ljava/lang/reflect/Type;+17 java.base@17.0.10
j  org.springframework.core.ResolvableType.getInterfaces()[Lorg/springframework/core/ResolvableType;+23
j  org.springframework.core.ResolvableType.as(Ljava/lang/Class;)Lorg/springframework/core/ResolvableType;+28
j  org.springframework.core.convert.support.GenericConversionService.getRequiredTypeInfo(Ljava/lang/Class;Ljava/lang/Class;)[Lorg/springframework/core/ResolvableType;+5
j  org.springframework.core.convert.support.GenericConversionService.addConverter(Lorg/springframework/core/convert/converter/Converter;)V+7
j  org.springframework.boot.convert.ApplicationConversionService.addConverter(Lorg/springframework/core/convert/converter/Converter;)V+6
j  org.springframework.format.datetime.standard.DateTimeConverters.registerConverters(Lorg/springframework/core/convert/converter/ConverterRegistry;)V+90
j  org.springframework.format.datetime.standard.DateTimeFormatterRegistrar.registerFormatters(Lorg/springframework/format/FormatterRegistry;)V+1
j  org.springframework.format.support.DefaultFormattingConversionService.addDefaultFormatters(Lorg/springframework/format/FormatterRegistry;)V+66
j  org.springframework.boot.convert.ApplicationConversionService.configure(Lorg/springframework/format/FormatterRegistry;)V+5
j  org.springframework.boot.convert.ApplicationConversionService.<init>(Lorg/springframework/util/StringValueResolver;Z)V+14
j  org.springframework.boot.convert.ApplicationConversionService.<init>(Lorg/springframework/util/StringValueResolver;)V+3
j  org.springframework.boot.convert.ApplicationConversionService.<init>()V+2
j  org.springframework.boot.SpringApplication.configureEnvironment(Lorg/springframework/core/env/ConfigurableEnvironment;[Ljava/lang/String;)V+12
j  org.springframework.boot.SpringApplication.prepareEnvironment(Lorg/springframework/boot/SpringApplicationRunListeners;Lorg/springframework/boot/DefaultBootstrapContext;Lorg/springframework/boot/ApplicationArguments;)Lorg/springframework/core/env/ConfigurableEnvironment;+15
j  org.springframework.boot.SpringApplication.run([Ljava/lang/String;)Lorg/springframework/context/ConfigurableApplicationContext;+62
j  org.springframework.boot.SpringApplication.run([Ljava/lang/Class;[Ljava/lang/String;)Lorg/springframework/context/ConfigurableApplicationContext;+9
j  org.springframework.boot.SpringApplication.run(Ljava/lang/Class;[Ljava/lang/String;)Lorg/springframework/context/ConfigurableApplicationContext;+9
j  org.springframework.ide.vscode.boot.app.BootLanguageServerBootApp.main([Ljava/lang/String;)V+19
v  ~StubRoutines::call_stub

Compiled method (n/a)    1189  757     n 0       java.lang.ClassLoader::findBootstrapClass (native)
 total in heap  [0x0000028dfa7f7710,0x0000028dfa7f7b78] = 1128
 relocation     [0x0000028dfa7f7868,0x0000028dfa7f78a0] = 56
 main code      [0x0000028dfa7f78a0,0x0000028dfa7f7b78] = 728

[Constant Pool (empty)]

[MachCode]
[Entry Point]
  # {method} {0x0000028d8301e528} 'findBootstrapClass' '(Ljava/lang/String;)Ljava/lang/Class;' in 'java/lang/ClassLoader'
  # parm0:    rdx:rdx   = 'java/lang/String'
  #           [sp+0x70]  (sp of caller)
  0x0000028dfa7f78a0: 448b 5208 | 49c1 e203 | 493b c20f | 8407 0000 

  0x0000028dfa7f78b0: ;   {runtime_call ic_miss_stub}
  0x0000028dfa7f78b0: 00e9 ca97 | d0ff 6690 
[Verified Entry Point]
  0x0000028dfa7f78b8: 8984 2400 | 90ff ff55 | 488b ec48 | 83ec 6048 | 8954 2420 | 4883 fa00 | 4c8d 4424 | 204c 0f44 
  0x0000028dfa7f78d8: ;   {oop(a 'java/lang/Class'{0x00000000c0b99f58} = 'java/lang/ClassLoader')}
  0x0000028dfa7f78d8: 4424 2049 | be58 9fb9 | c000 0000 | 004c 8974 | 2450 4c8d | 7424 5049 | 8bd6 c5f8 

  0x0000028dfa7f78f4: ;   {internal_word}
  0x0000028dfa7f78f4: 7749 baf2 | 787f fa8d | 0200 004d | 8997 a002 | 0000 4989 | a798 0200 

  0x0000028dfa7f790c: ;   {external_word}
  0x0000028dfa7f790c: 0049 ba79 | 352e 29fa | 7f00 0041 | 803a 000f | 844e 0000 | 0052 4150 

  0x0000028dfa7f7924: ;   {metadata({method} {0x0000028d8301e528} 'findBootstrapClass' '(Ljava/lang/String;)Ljava/lang/Class;' in 'java/lang/ClassLoader')}
  0x0000028dfa7f7924: 48ba 20e5 | 0183 8d02 | 0000 498b | cf48 83ec | 20f7 c40f | 0000 000f | 841a 0000 | 0048 83ec 
  0x0000028dfa7f7944: ;   {runtime_call}
  0x0000028dfa7f7944: 0849 ba00 | 30e4 28fa | 7f00 0041 | ffd2 4883 | c408 e90d 

  0x0000028dfa7f7958: ;   {runtime_call}
  0x0000028dfa7f7958: 0000 0049 | ba00 30e4 | 28fa 7f00 | 0041 ffd2 | 4883 c420 | 4158 5a49 | 8d8f b802 | 0000 41c7 
  0x0000028dfa7f7978: 8748 0300 | 0004 0000 

  0x0000028dfa7f7980: ;   {runtime_call}
  0x0000028dfa7f7980: 0049 bad8 | 1970 6dfa | 7f00 0041 | ffd2 c5f8 | 7741 c787 | 4803 0000 | 0500 0000 | f083 4424 
  0x0000028dfa7f79a0: c000 493b | af50 0300 | 000f 8711 | 0000 0041 | 81bf 3803 | 0000 0000 | 0000 0f84 | 2c00 0000 
  0x0000028dfa7f79c0: c5f8 7748 | 8945 f849 | 8bcf 4c8b | e448 83ec | 2048 83e4 

  0x0000028dfa7f79d4: ;   {runtime_call}
  0x0000028dfa7f79d4: f049 ba70 | 44f4 28fa | 7f00 0041 | ffd2 498b | e44d 33e4 | 488b 45f8 | 41c7 8748 | 0300 0008 
  0x0000028dfa7f79f4: 0000 0041 | 81bf b803 | 0000 0200 | 0000 0f84 | 3f01 0000 

  0x0000028dfa7f7a08: ;   {external_word}
  0x0000028dfa7f7a08: 49ba 7935 | 2e29 fa7f | 0000 4180 | 3a00 0f84 | 5000 0000 | 4889 45f8 

  0x0000028dfa7f7a20: ;   {metadata({method} {0x0000028d8301e528} 'findBootstrapClass' '(Ljava/lang/String;)Ljava/lang/Class;' in 'java/lang/ClassLoader')}
  0x0000028dfa7f7a20: 48ba 20e5 | 0183 8d02 | 0000 498b | cf48 83ec | 20f7 c40f | 0000 000f | 841a 0000 | 0048 83ec 
  0x0000028dfa7f7a40: ;   {runtime_call}
  0x0000028dfa7f7a40: 0849 ba00 | 30e4 28fa | 7f00 0041 | ffd2 4883 | c408 e90d 

  0x0000028dfa7f7a54: ;   {runtime_call}
  0x0000028dfa7f7a54: 0000 0049 | ba00 30e4 | 28fa 7f00 | 0041 ffd2 | 4883 c420 | 488b 45f8 | 49c7 8798 | 0200 0000 
  0x0000028dfa7f7a74: 0000 0049 | c787 a002 | 0000 0000 | 0000 c5f8 | 7748 85c0 | 0f84 9300 | 0000 48f7 | c001 0000 
  0x0000028dfa7f7a94: 000f 8483 | 0000 0048 | 8b40 ff41 | 807f 3800 | 0f84 6f00 | 0000 4883 | f800 0f84 | 6500 0000 
  0x0000028dfa7f7ab4: 498b 4f20 | 4883 f900 | 0f84 1400 | 0000 4883 | e908 4989 | 4f20 4903 | 4f30 4889 | 01e9 4300 
  0x0000028dfa7f7ad4: 0000 5049 | 8bd7 488b | c848 83ec | 20f7 c40f | 0000 000f | 841a 0000 | 0048 83ec 

  0x0000028dfa7f7af0: ;   {runtime_call}
  0x0000028dfa7f7af0: 0849 ba60 | 48a3 28fa | 7f00 0041 | ffd2 4883 | c408 e90d 

  0x0000028dfa7f7b04: ;   {runtime_call}
  0x0000028dfa7f7b04: 0000 0049 | ba60 48a3 | 28fa 7f00 | 0041 ffd2 | 4883 c420 | 58e9 0300 | 0000 488b | 0049 8b8f 
  0x0000028dfa7f7b24: d800 0000 | c781 0001 | 0000 0000 | 0000 c949 | 817f 0800 | 0000 000f | 8501 0000 

  0x0000028dfa7f7b40: ;   {runtime_call StubRoutines (1)}
  0x0000028dfa7f7b40: 00c3 e9b9 | 93cb ffc5 | f877 4889 | 45f8 4c8b | e448 83ec | 2048 83e4 

  0x0000028dfa7f7b58: ;   {runtime_call}
  0x0000028dfa7f7b58: f049 ba80 | 60e4 28fa | 7f00 0041 | ffd2 498b | e44d 33e4 | 488b 45f8 | e993 feff | fff4 f4f4 
[/MachCode]


Compiled method (c1)    1199  762       1       jdk.internal.loader.ClassLoaders$BootClassLoader::loadClassOrNull (10 bytes)
 total in heap  [0x0000028dfa7fac90,0x0000028dfa7fafe8] = 856
 relocation     [0x0000028dfa7fade8,0x0000028dfa7fae28] = 64
 main code      [0x0000028dfa7fae40,0x0000028dfa7faf00] = 192
 stub code      [0x0000028dfa7faf00,0x0000028dfa7faf58] = 88
 metadata       [0x0000028dfa7faf58,0x0000028dfa7faf70] = 24
 scopes data    [0x0000028dfa7faf70,0x0000028dfa7fafa0] = 48
 scopes pcs     [0x0000028dfa7fafa0,0x0000028dfa7fafe0] = 64
 dependencies   [0x0000028dfa7fafe0,0x0000028dfa7fafe8] = 8

[Constant Pool (empty)]

[MachCode]
[Entry Point]
  # {method} {0x0000028d8326f660} 'loadClassOrNull' '(Ljava/lang/String;Z)Ljava/lang/Class;' in 'jdk/internal/loader/ClassLoaders$BootClassLoader'
  # this:     rdx:rdx   = 'jdk/internal/loader/ClassLoaders$BootClassLoader'
  # parm0:    r8:r8     = 'java/lang/String'
  # parm1:    r9        = boolean
  #           [sp+0x60]  (sp of caller)
  0x0000028dfa7fae40: 448b 5208 | 49c1 e203 

  0x0000028dfa7fae48: ;   {runtime_call ic_miss_stub}
  0x0000028dfa7fae48: 4c3b d00f | 852f 62d0 | ff0f 1f84 | 0000 0000 | 000f 1f80 | 0000 0000 
[Verified Entry Point]
  0x0000028dfa7fae60: 8984 2400 | 90ff ff55 | 4883 ec50 | 498b d04c | 8944 2438 

  0x0000028dfa7fae74: ;   {static_call}
  0x0000028dfa7fae74: 6666 90e8 

  0x0000028dfa7fae78: ; ImmutableOopMap {[56]=Oop }
                      ;*invokestatic checkName {reexecute=0 rethrow=0 return_oop=0}
                      ; - java.lang.ClassLoader::findBootstrapClassOrNull@1
                      ; - java.lang.System$2::findBootstrapClassOrNull@1
                      ; - jdk.internal.loader.ClassLoaders$BootClassLoader::loadClassOrNull@4
  0x0000028dfa7fae78: e426 f7ff | 83f8 000f | 850f 0000 

  0x0000028dfa7fae84: ;   {oop(NULL)}
  0x0000028dfa7fae84: 0048 be00 | 0000 0000 | 0000 00e9 | 1300 0000 | 4c8b 4424 | 3849 8bd0 

  0x0000028dfa7fae9c: ;   {static_call}
  0x0000028dfa7fae9c: 6666 90e8 

  0x0000028dfa7faea0: ; ImmutableOopMap {}
                      ;*invokestatic findBootstrapClass {reexecute=0 rethrow=0 return_oop=0}
                      ; - java.lang.ClassLoader::findBootstrapClassOrNull@10
                      ; - java.lang.System$2::findBootstrapClassOrNull@1
                      ; - jdk.internal.loader.ClassLoaders$BootClassLoader::loadClassOrNull@4
  0x0000028dfa7faea0: 14ca ffff | 488b f048 | 8bc6 4883 

  0x0000028dfa7faeac: ;   {poll_return}
  0x0000028dfa7faeac: c450 5d49 | 3ba7 5003 | 0000 0f87 | 0100 0000 

  0x0000028dfa7faebc: ;   {internal_word}
  0x0000028dfa7faebc: c349 baaf | ae7f fa8d | 0200 004d | 8997 6803 

  0x0000028dfa7faecc: ;   {runtime_call SafepointBlob}
  0x0000028dfa7faecc: 0000 e92d | cbd0 ff90 | 9049 8b87 | e003 0000 | 49c7 87e0 | 0300 0000 | 0000 0049 | c787 e803 
  0x0000028dfa7faeec: 0000 0000 | 0000 4883 

  0x0000028dfa7faef4: ;   {runtime_call unwind_exception Runtime1 stub}
  0x0000028dfa7faef4: c450 5de9 | 0467 daff | f4f4 f4f4 
[Stub Code]
  0x0000028dfa7faf00: ;   {no_reloc}
  0x0000028dfa7faf00: 0f1f 4400 

  0x0000028dfa7faf04: ;   {static_stub}
  0x0000028dfa7faf04: 0048 bb00 | 0000 0000 

  0x0000028dfa7faf0c: ;   {runtime_call}
  0x0000028dfa7faf0c: 0000 00e9 | fbff ffff 

  0x0000028dfa7faf14: ;   {static_stub}
  0x0000028dfa7faf14: 9048 bb00 | 0000 0000 

  0x0000028dfa7faf1c: ;   {runtime_call}
  0x0000028dfa7faf1c: 0000 00e9 | fbff ffff 
[Exception Handler]
  0x0000028dfa7faf24: ;   {runtime_call handle_exception_from_callee Runtime1 stub}
  0x0000028dfa7faf24: e8d7 93da 

  0x0000028dfa7faf28: ;   {external_word}
  0x0000028dfa7faf28: ff48 b940 | 9a08 29fa | 7f00 0048 

  0x0000028dfa7faf34: ;   {runtime_call}
  0x0000028dfa7faf34: 83e4 f049 | ba60 2dd1 | 28fa 7f00 | 0041 ffd2 

  0x0000028dfa7faf44: ;   {section_word}
  0x0000028dfa7faf44: f449 ba45 | af7f fa8d | 0200 0041 

  0x0000028dfa7faf50: ;   {runtime_call DeoptimizationBlob}
  0x0000028dfa7faf50: 52e9 4abd | d0ff f4f4 
[/MachCode]


Compiled method (c1)    1205  697   !   1       jdk.internal.loader.BuiltinClassLoader::loadClassOrNull (143 bytes)
 total in heap  [0x0000028dfa7dd590,0x0000028dfa7de6a8] = 4376
 relocation     [0x0000028dfa7dd6e8,0x0000028dfa7dd7f8] = 272
 main code      [0x0000028dfa7dd800,0x0000028dfa7dde60] = 1632
 stub code      [0x0000028dfa7dde60,0x0000028dfa7ddf78] = 280
 metadata       [0x0000028dfa7ddf78,0x0000028dfa7de000] = 136
 scopes data    [0x0000028dfa7de000,0x0000028dfa7de248] = 584
 scopes pcs     [0x0000028dfa7de248,0x0000028dfa7de428] = 480
 dependencies   [0x0000028dfa7de428,0x0000028dfa7de440] = 24
 handler table  [0x0000028dfa7de440,0x0000028dfa7de668] = 552
 nul chk table  [0x0000028dfa7de668,0x0000028dfa7de6a8] = 64

[Constant Pool (empty)]

[MachCode]
[Entry Point]
  # {method} {0x0000028d830c03b0} 'loadClassOrNull' '(Ljava/lang/String;Z)Ljava/lang/Class;' in 'jdk/internal/loader/BuiltinClassLoader'
  # this:     rdx:rdx   = 'jdk/internal/loader/BuiltinClassLoader'
  # parm0:    r8:r8     = 'java/lang/String'
  # parm1:    r9        = boolean
  #           [sp+0x110]  (sp of caller)
  0x0000028dfa7dd800: 448b 5208 | 49c1 e203 

  0x0000028dfa7dd808: ;   {runtime_call ic_miss_stub}
  0x0000028dfa7dd808: 4c3b d00f | 856f 38d2 | ff0f 1f84 | 0000 0000 | 000f 1f80 | 0000 0000 
[Verified Entry Point]
  0x0000028dfa7dd820: 8984 2400 | 90ff ff55 | 4881 ec00 | 0100 0048 | 8994 24a0 | 0000 004c | 8984 2498 | 0000 008b 
  0x0000028dfa7dd840: 5a28 4883 | fb00 0f85 | 1000 0000 | 488b f244 | 898c 24a8 | 0000 00e9 | 8d00 0000 | 4489 8c24 
  0x0000028dfa7dd860: a800 0000 

  0x0000028dfa7dd864: ;   {metadata('java/lang/Object')}
  0x0000028dfa7dd864: 48ba 800f | 0400 0100 | 0000 498b | 8708 0100 | 0048 8d78 | 1049 3bbf | 1801 0000 | 0f87 ef04 
  0x0000028dfa7dd884: 0000 4989 | bf08 0100 | 0048 c700 | 0100 0000 | 488b ca48 | c1e9 0389 | 4808 4833 | c989 480c 
  0x0000028dfa7dd8a4: 4833 c948 | 3b03 498b | f04c 8bc6 | 4c8b c8bf | 0100 0000 | 488b d348 | 8984 2490 | 0000 000f 
  0x0000028dfa7dd8c4: ;   {optimized virtual_call}
  0x0000028dfa7dd8c4: 1f40 00e8 

  0x0000028dfa7dd8c8: ; ImmutableOopMap {[152]=Oop [144]=Oop [160]=Oop }
                      ;*invokevirtual putVal {reexecute=0 rethrow=0 return_oop=0}
                      ; - java.util.concurrent.ConcurrentHashMap::putIfAbsent@4
                      ; - java.lang.ClassLoader::getClassLoadingLock@23
                      ; - jdk.internal.loader.BuiltinClassLoader::loadClassOrNull@2
  0x0000028dfa7dd8c8: 7482 deff | 4883 f800 | 0f84 0800 | 0000 488b | f0e9 0b00 | 0000 488b | 8424 9000 | 0000 488b 
  0x0000028dfa7dd8e8: f048 8d94 | 24e0 0000 | 0048 8972 | 0848 8b06 | 4883 c801 | 4889 02f0 | 480f b116 | 0f84 1300 
  0x0000028dfa7dd908: 0000 482b | c448 81e0 | 07f0 ffff | 4889 020f | 856f 0400 | 0048 8b94 | 2498 0000 | 0048 89b4 
  0x0000028dfa7dd928: 24b0 0000 

  0x0000028dfa7dd92c: ;   {static_call}
  0x0000028dfa7dd92c: 0066 90e8 

  0x0000028dfa7dd930: ; ImmutableOopMap {[152]=Oop [160]=Oop [176]=Oop [232]=Oop }
                      ;*invokestatic checkName {reexecute=0 rethrow=0 return_oop=0}
                      ; - java.lang.ClassLoader::findLoadedClass@1
                      ; - jdk.internal.loader.BuiltinClassLoader::loadClassOrNull@10
  0x0000028dfa7dd930: 2cfc f8ff | 83f8 000f | 850f 0000 

  0x0000028dfa7dd93c: ;   {oop(NULL)}
  0x0000028dfa7dd93c: 0048 be00 | 0000 0000 | 0000 00e9 | 1b00 0000 | 4c8b 8424 | 9800 0000 | 488b 9424 | a000 0000 
  0x0000028dfa7dd95c: ;   {optimized virtual_call}
  0x0000028dfa7dd95c: 6666 90e8 

  0x0000028dfa7dd960: ; ImmutableOopMap {[152]=Oop [160]=Oop [176]=Oop [232]=Oop }
                      ;*invokevirtual findLoadedClass0 {reexecute=0 rethrow=0 return_oop=0}
                      ; - java.lang.ClassLoader::findLoadedClass@11
                      ; - jdk.internal.loader.BuiltinClassLoader::loadClassOrNull@10
  0x0000028dfa7dd960: 54d9 ffff | 488b f048 | 83fe 000f | 85d6 0200 | 0048 89b4 | 24b8 0000 | 004c 8b84 | 2498 0000 
  0x0000028dfa7dd980: 0041 8b48 | 1444 8b49 | 0c41 0fbe | 4810 c1e1 | 18c1 f918 | 41d3 f941 | ffc9 498b | f841 b82e 
  0x0000028dfa7dd9a0: 0000 0048 

  0x0000028dfa7dd9a4: ;   {optimized virtual_call}
  0x0000028dfa7dd9a4: 8bd7 90e8 

  0x0000028dfa7dd9a8: ; ImmutableOopMap {[176]=Oop [160]=Oop [152]=Oop [184]=Oop [232]=Oop }
                      ;*invokevirtual lastIndexOf {reexecute=0 rethrow=0 return_oop=0}
                      ; - java.lang.String::lastIndexOf@8
                      ; - jdk.internal.loader.BuiltinClassLoader::findLoadedModule@3
                      ; - jdk.internal.loader.BuiltinClassLoader::loadClassOrNull@22
  0x0000028dfa7dd9a8: 34fa f1ff | 83f8 000f | 8d0f 0000 

  0x0000028dfa7dd9b4: ;   {oop(NULL)}
  0x0000028dfa7dd9b4: 0048 be00 | 0000 0000 | 0000 00e9 | 6000 0000 | 41b8 0000 | 0000 4c8b | c848 8b94 | 2498 0000 
  0x0000028dfa7dd9d4: ;   {optimized virtual_call}
  0x0000028dfa7dd9d4: 0066 90e8 

  0x0000028dfa7dd9d8: ; ImmutableOopMap {[176]=Oop [160]=Oop [152]=Oop [184]=Oop [232]=Oop }
                      ;*invokevirtual substring {reexecute=0 rethrow=0 return_oop=0}
                      ; - jdk.internal.loader.BuiltinClassLoader::findLoadedModule@16
                      ; - jdk.internal.loader.BuiltinClassLoader::loadClassOrNull@22
  0x0000028dfa7dd9d8: 24e2 f1ff 

  0x0000028dfa7dd9dc: ;   {oop(a 'java/util/concurrent/ConcurrentHashMap'{0x00000000c48006d8})}
  0x0000028dfa7dd9dc: 4c8b c048 | bad8 0680 | c400 0000 | 0066 0f1f 

  0x0000028dfa7dd9ec: ;   {optimized virtual_call}
  0x0000028dfa7dd9ec: 4400 00e8 

  0x0000028dfa7dd9f0: ; ImmutableOopMap {[176]=Oop [160]=Oop [152]=Oop [184]=Oop [232]=Oop }
                      ;*invokeinterface get {reexecute=0 rethrow=0 return_oop=0}
                      ; - jdk.internal.loader.BuiltinClassLoader::findLoadedModule@24
                      ; - jdk.internal.loader.BuiltinClassLoader::loadClassOrNull@22
  0x0000028dfa7dd9f0: 2c2e f8ff | 4883 f800 | 0f84 2000 

  0x0000028dfa7dd9fc: ;   {metadata('jdk/internal/loader/BuiltinClassLoader$LoadedModule')}
  0x0000028dfa7dd9fc: 0000 48be | 4813 0200 | 0100 0000 | 448b 4808 | 49c1 e103 | 493b f10f | 8590 0300 | 00e9 0000 
  0x0000028dfa7dda1c: 0000 4c8b | c049 8bf0 | 4883 fe00 | 488b 9424 | a000 0000 | 0f84 4601 | 0000 8b7e | 0c48 3bfa 
  0x0000028dfa7dda3c: 0f85 0a01 

  0x0000028dfa7dda40: ;   {oop(a 'java/lang/Class'{0x00000000c4800718} = 'jdk/internal/misc/VM')}
  0x0000028dfa7dda40: 0000 49b8 | 1807 80c4 | 0000 0000 | 458b 8094 | 0000 0041 | 83f8 0241 | b800 0000 | 000f 8c06 
  0x0000028dfa7dda60: 0000 0041 | b801 0000 | 0041 83e0 | 0141 83f8 | 000f 850d | 0000 0048 | 8bb4 24b8 | 0000 00e9 
  0x0000028dfa7dda80: c301 0000 

  0x0000028dfa7dda84: ;   {oop(a 'java/lang/Class'{0x00000000c4800610} = 'java/lang/System')}
  0x0000028dfa7dda84: 49b8 1006 | 80c4 0000 | 0000 458b | 407c 4983 | f800 0f85 | 1d00 0000 | 4c8b 8424 | 9800 0000 
  0x0000028dfa7ddaa4: 4c8b ce48 | 8bf2 488b 

  0x0000028dfa7ddaac: ;   {optimized virtual_call}
  0x0000028dfa7ddaac: d666 90e8 

  0x0000028dfa7ddab0: ; ImmutableOopMap {[176]=Oop [160]=Oop [232]=Oop }
                      ;*invokevirtual defineClass {reexecute=0 rethrow=0 return_oop=0}
                      ; - jdk.internal.loader.BuiltinClassLoader::findClassInModuleOrNull@9
                      ; - jdk.internal.loader.BuiltinClassLoader::loadClassOrNull@55
  0x0000028dfa7ddab0: cc38 d2ff | e98b 0000 | 000f 1f80 | 0000 0000 

  0x0000028dfa7ddac0: ;   {no_reloc}
  0x0000028dfa7ddac0: e901 0300 | 0090 9090 | 9090 488b | 9424 a000 | 0000 4c8b | 8424 9800 | 0000 4c8b 

  0x0000028dfa7ddadc: ;   {static_call}
  0x0000028dfa7ddadc: ce66 90e8 

  0x0000028dfa7ddae0: ; ImmutableOopMap {[176]=Oop [160]=Oop [232]=Oop }
                      ;*invokedynamic {reexecute=0 rethrow=0 return_oop=0}
                      ; - jdk.internal.loader.BuiltinClassLoader::findClassInModuleOrNull@16
                      ; - jdk.internal.loader.BuiltinClassLoader::loadClassOrNull@55
  0x0000028dfa7ddae0: 9c3e d2ff | 4889 8424 | c000 0000 

  0x0000028dfa7ddaec: ;   {static_call}
  0x0000028dfa7ddaec: 6666 90e8 

  0x0000028dfa7ddaf0: ; ImmutableOopMap {[176]=Oop [160]=Oop [192]=Oop [232]=Oop }
                      ;*invokestatic getCallerClass {reexecute=0 rethrow=0 return_oop=0}
                      ; - java.security.AccessController::doPrivileged@2
                      ; - jdk.internal.loader.BuiltinClassLoader::findClassInModuleOrNull@23
                      ; - jdk.internal.loader.BuiltinClassLoader::loadClassOrNull@55
  0x0000028dfa7ddaf0: 8c3e d2ff | 488b 9424 | c000 0000 | 4889 8424 | c800 0000 | 9048 b8ff | ffff ffff 

  0x0000028dfa7ddb0c: ;   {virtual_call}
  0x0000028dfa7ddb0c: ffff ffe8 

  0x0000028dfa7ddb10: ; ImmutableOopMap {[176]=Oop [160]=Oop [200]=Oop [232]=Oop }
                      ;*invokeinterface run {reexecute=0 rethrow=0 return_oop=0}
                      ; - java.security.AccessController::executePrivileged@29
                      ; - java.security.AccessController::doPrivileged@5
                      ; - jdk.internal.loader.BuiltinClassLoader::findClassInModuleOrNull@23
                      ; - jdk.internal.loader.BuiltinClassLoader::loadClassOrNull@55
  0x0000028dfa7ddb10: 6c3b d2ff | 4883 f800 | 0f84 2000 

  0x0000028dfa7ddb1c: ;   {metadata('java/lang/Class')}
  0x0000028dfa7ddb1c: 0000 48be | c827 0400 | 0100 0000 | 448b 4808 | 49c1 e103 | 493b f10f | 8597 0200 | 00e9 0000 
  0x0000028dfa7ddb3c: 0000 4c8b | c049 8bc0 | 488b f0e9 | fb00 0000 

  0x0000028dfa7ddb4c: ; implicit exception: dispatches to 0x0000028dfa7dddd9
  0x0000028dfa7ddb4c: 483b 074c | 8b84 2498 | 0000 0041 | b900 0000 | 0048 8bd7 | 0f1f 4400 | 0048 b8f0 | c507 0001 
  0x0000028dfa7ddb6c: ;   {virtual_call}
  0x0000028dfa7ddb6c: 0000 00e8 

  0x0000028dfa7ddb70: ; ImmutableOopMap {[176]=Oop [160]=Oop [232]=Oop }
                      ;*invokevirtual loadClassOrNull {reexecute=0 rethrow=0 return_oop=0}
                      ; - jdk.internal.loader.BuiltinClassLoader::loadClassOrNull@3
                      ; - jdk.internal.loader.BuiltinClassLoader::loadClassOrNull@66
  0x0000028dfa7ddb70: ccd2 0100 | 488b f0e9 | cb00 0000 | 8b72 5448 | 83fe 000f | 850d 0000 | 0048 8bb4 | 24b8 0000 
  0x0000028dfa7ddb90: 00e9 2900 | 0000 483b | 064c 8b84 | 2498 0000 | 0041 b900 | 0000 0048 | 8bd6 6666 | 9048 b8ff 
  0x0000028dfa7ddbb0: ffff ffff 

  0x0000028dfa7ddbb4: ;   {virtual_call}
  0x0000028dfa7ddbb4: ffff ffe8 

  0x0000028dfa7ddbb8: ; ImmutableOopMap {[176]=Oop [152]=Oop [160]=Oop [232]=Oop }
                      ;*invokevirtual loadClassOrNull {reexecute=0 rethrow=0 return_oop=0}
                      ; - jdk.internal.loader.BuiltinClassLoader::loadClassOrNull@3
                      ; - jdk.internal.loader.BuiltinClassLoader::loadClassOrNull@86
  0x0000028dfa7ddbb8: 04ea dcff | 488b f048 | 83fe 000f | 857e 0000 | 0048 8b94 | 24a0 0000 | 0044 8b42 | 5849 83f8 
  0x0000028dfa7ddbd8: 0041 b800 | 0000 000f | 8406 0000 | 0041 b801 | 0000 0041 | 83e0 0141 | 83f8 000f | 844e 0000 
  0x0000028dfa7ddbf8: ;   {oop(a 'java/lang/Class'{0x00000000c4800718} = 'jdk/internal/misc/VM')}
  0x0000028dfa7ddbf8: 0049 b818 | 0780 c400 | 0000 0045 | 8b80 9400 | 0000 4183 | f802 41b8 | 0000 0000 | 0f8c 0600 
  0x0000028dfa7ddc18: 0000 41b8 | 0100 0000 | 4183 e001 | 4183 f800 | 0f84 1900 | 0000 4c8b | 8424 9800 | 0000 488b 
  0x0000028dfa7ddc38: f248 8bd6 

  0x0000028dfa7ddc3c: ;   {optimized virtual_call}
  0x0000028dfa7ddc3c: 6666 90e8 

  0x0000028dfa7ddc40: ; ImmutableOopMap {[176]=Oop [160]=Oop [232]=Oop }
                      ;*invokevirtual findClassOnClassPathOrNull {reexecute=0 rethrow=0 return_oop=0}
                      ; - jdk.internal.loader.BuiltinClassLoader::loadClassOrNull@111
  0x0000028dfa7ddc40: 7c5a 0200 | 488b f044 | 8b8c 24a8 | 0000 0041 | 83f9 000f | 8414 0000 | 0048 83fe | 000f 840a 
  0x0000028dfa7ddc60: 0000 0048 | 83fe 000f | 843c 0000 | 0048 8d84 | 24e0 0000 | 0048 8b10 | 4885 d20f | 840f 0000 
  0x0000028dfa7ddc80: 0048 8b78 | 08f0 480f | b117 0f85 | 5301 0000 | 488b c648 | 81c4 0001 

  0x0000028dfa7ddc98: ;   {poll_return}
  0x0000028dfa7ddc98: 0000 5d49 | 3ba7 5003 | 0000 0f87 | 5101 0000 | c348 89b4 | 24d8 0000 

  0x0000028dfa7ddcb0: ;   {metadata('java/lang/NullPointerException')}
  0x0000028dfa7ddcb0: 0048 ba80 | 8f05 0001 | 0000 0049 | 8b87 0801 | 0000 488d | 7830 493b | bf18 0100 | 000f 873c 
  0x0000028dfa7ddcd0: 0100 0049 | 89bf 0801 | 0000 48c7 | 0001 0000 | 0048 8bca | 48c1 e903 | 8948 0848 | 33c9 8948 
  0x0000028dfa7ddcf0: 0c48 33c9 | 4889 4810 | 4889 4818 | 4889 4820 | 4889 4828 | 488b d048 | 8984 24d0 

  0x0000028dfa7ddd0c: ;   {optimized virtual_call}
  0x0000028dfa7ddd0c: 0000 00e8 

  0x0000028dfa7ddd10: ; ImmutableOopMap {[176]=Oop [208]=Oop [216]=Oop [232]=Oop }
                      ;*invokespecial <init> {reexecute=0 rethrow=0 return_oop=0}
                      ; - java.lang.ClassLoader::resolveClass@8
                      ; - jdk.internal.loader.BuiltinClassLoader::loadClassOrNull@128
  0x0000028dfa7ddd10: 6c36 d2ff | 488b 8424 

  0x0000028dfa7ddd18: ; ImmutableOopMap {[176]=Oop [216]=Oop [232]=Oop rax=Oop }
                      ;*athrow {reexecute=1 rethrow=0 return_oop=0}
                      ; - (reexecute) java.lang.ClassLoader::resolveClass@11
                      ; - jdk.internal.loader.BuiltinClassLoader::loadClassOrNull@128
  0x0000028dfa7ddd18: d000 0000 

  0x0000028dfa7ddd1c: ;   {section_word}
  0x0000028dfa7ddd1c: 48ba 1cdd | 7dfa 8d02 

  0x0000028dfa7ddd24: ;   {runtime_call handle_exception_nofpu Runtime1 stub}
  0x0000028dfa7ddd24: 0000 e8d5 | 5fdc ff90 | 498b 87e0 | 0300 004d | 33d2 4d89 | 97e0 0300 | 004d 33d2 | 4d89 97e8 
  0x0000028dfa7ddd44: 0300 0048 | 8bf0 488d | 8424 e000 | 0000 488b | 3848 85ff | 0f84 0f00 | 0000 488b | 5808 f048 
  0x0000028dfa7ddd64: 0fb1 3b0f | 85af 0000 | 0048 8bc6 | e9dc 0000 | 0048 8bd2 

  0x0000028dfa7ddd78: ;   {runtime_call fast_new_instance Runtime1 stub}
  0x0000028dfa7ddd78: e883 50dc 

  0x0000028dfa7ddd7c: ; ImmutableOopMap {r8=Oop [152]=Oop rbx=Oop [160]=Oop }
                      ;*new {reexecute=0 rethrow=0 return_oop=0}
                      ; - java.lang.ClassLoader::getClassLoadingLock@9
                      ; - jdk.internal.loader.BuiltinClassLoader::loadClassOrNull@2
  0x0000028dfa7ddd7c: ffe9 25fb 

  0x0000028dfa7ddd80: ;   {runtime_call throw_null_pointer_exception Runtime1 stub}
  0x0000028dfa7ddd80: ffff e899 

  0x0000028dfa7ddd84: ; ImmutableOopMap {r8=Oop [152]=Oop rbx=Oop [160]=Oop rax=Oop }
                      ;*invokevirtual putIfAbsent {reexecute=0 rethrow=0 return_oop=0}
                      ; - java.lang.ClassLoader::getClassLoadingLock@23
                      ; - jdk.internal.loader.BuiltinClassLoader::loadClassOrNull@2
                      ;   {runtime_call throw_null_pointer_exception Runtime1 stub}
  0x0000028dfa7ddd84: 47dc ffe8 

  0x0000028dfa7ddd88: ; ImmutableOopMap {[152]=Oop [160]=Oop rsi=Oop }
                      ;*monitorenter {reexecute=0 rethrow=0 return_oop=0}
                      ; - jdk.internal.loader.BuiltinClassLoader::loadClassOrNull@7
  0x0000028dfa7ddd88: 9447 dcff | 4889 7424 | 0848 8914 

  0x0000028dfa7ddd94: ;   {runtime_call monitorenter_nofpu Runtime1 stub}
  0x0000028dfa7ddd94: 24e8 6677 

  0x0000028dfa7ddd98: ; ImmutableOopMap {[152]=Oop [160]=Oop rsi=Oop [232]=Oop }
                      ;*monitorenter {reexecute=0 rethrow=0 return_oop=0}
                      ; - jdk.internal.loader.BuiltinClassLoader::loadClassOrNull@7
  0x0000028dfa7ddd98: dcff e97e 

  0x0000028dfa7ddd9c: ;   {runtime_call throw_null_pointer_exception Runtime1 stub}
  0x0000028dfa7ddd9c: fbff ffe8 

  0x0000028dfa7ddda0: ; ImmutableOopMap {[176]=Oop r8=Oop [152]=Oop [184]=Oop [160]=Oop [232]=Oop }
                      ;*invokevirtual lastIndexOf {reexecute=0 rethrow=0 return_oop=0}
                      ; - jdk.internal.loader.BuiltinClassLoader::findLoadedModule@3
                      ; - jdk.internal.loader.BuiltinClassLoader::loadClassOrNull@22
  0x0000028dfa7ddda0: 7c47 dcff 

  0x0000028dfa7ddda4: ;   {runtime_call throw_null_pointer_exception Runtime1 stub}
  0x0000028dfa7ddda4: e877 47dc 

  0x0000028dfa7ddda8: ; ImmutableOopMap {[176]=Oop r8=Oop [152]=Oop [184]=Oop [160]=Oop [232]=Oop }
                      ;*arraylength {reexecute=0 rethrow=0 return_oop=0}
                      ; - java.lang.String::length@4
                      ; - java.lang.String::lastIndexOf@3
                      ; - jdk.internal.loader.BuiltinClassLoader::findLoadedModule@3
                      ; - jdk.internal.loader.BuiltinClassLoader::loadClassOrNull@22
  0x0000028dfa7ddda8: ff48 8904 

  0x0000028dfa7dddac: ;   {runtime_call throw_class_cast_exception Runtime1 stub}
  0x0000028dfa7dddac: 24e8 6e6b 

  0x0000028dfa7dddb0: ; ImmutableOopMap {[176]=Oop [160]=Oop [152]=Oop [184]=Oop [232]=Oop }
                      ;*checkcast {reexecute=0 rethrow=0 return_oop=0}
                      ; - jdk.internal.loader.BuiltinClassLoader::findLoadedModule@29
                      ; - jdk.internal.loader.BuiltinClassLoader::loadClassOrNull@22
                      ;   {runtime_call throw_null_pointer_exception Runtime1 stub}
  0x0000028dfa7dddb0: dcff e869 

  0x0000028dfa7dddb4: ; ImmutableOopMap {[176]=Oop [152]=Oop [184]=Oop rsi=Oop rdx=Oop [160]=Oop [232]=Oop }
                      ;*invokevirtual loader {reexecute=0 rethrow=0 return_oop=0}
                      ; - jdk.internal.loader.BuiltinClassLoader::loadClassOrNull@34
  0x0000028dfa7dddb4: 47dc ff48 | bf00 0000 | 0000 0000 | 00b8 000f 

  0x0000028dfa7dddc4: ;   {runtime_call load_appendix_patching Runtime1 stub}
  0x0000028dfa7dddc4: 050a e8b5 

  0x0000028dfa7dddc8: ; ImmutableOopMap {[176]=Oop [152]=Oop rsi=Oop [160]=Oop [232]=Oop }
                      ;*invokedynamic {reexecute=1 rethrow=0 return_oop=0}
                      ; - (reexecute) jdk.internal.loader.BuiltinClassLoader::findClassInModuleOrNull@16
                      ; - jdk.internal.loader.BuiltinClassLoader::loadClassOrNull@55
  0x0000028dfa7dddc8: 9cdc ffe9 | f0fc ffff | 4889 0424 

  0x0000028dfa7dddd4: ;   {runtime_call throw_class_cast_exception Runtime1 stub}
  0x0000028dfa7dddd4: e847 6bdc 

  0x0000028dfa7dddd8: ; ImmutableOopMap {[176]=Oop [160]=Oop [232]=Oop }
                      ;*checkcast {reexecute=0 rethrow=0 return_oop=0}
                      ; - jdk.internal.loader.BuiltinClassLoader::findClassInModuleOrNull@26
                      ; - jdk.internal.loader.BuiltinClassLoader::loadClassOrNull@55
                      ;   {runtime_call throw_null_pointer_exception Runtime1 stub}
  0x0000028dfa7dddd8: ffe8 4247 

  0x0000028dfa7ddddc: ; ImmutableOopMap {[176]=Oop rdi=Oop [152]=Oop [160]=Oop [232]=Oop }
                      ;*invokevirtual loadClassOrNull {reexecute=0 rethrow=0 return_oop=0}
                      ; - jdk.internal.loader.BuiltinClassLoader::loadClassOrNull@66
                      ;   {runtime_call throw_null_pointer_exception Runtime1 stub}
  0x0000028dfa7ddddc: dcff e83d 

  0x0000028dfa7ddde0: ; ImmutableOopMap {[176]=Oop [152]=Oop [160]=Oop rsi=Oop [232]=Oop }
                      ;*invokevirtual loadClassOrNull {reexecute=0 rethrow=0 return_oop=0}
                      ; - jdk.internal.loader.BuiltinClassLoader::loadClassOrNull@86
  0x0000028dfa7ddde0: 47dc ff48 | 8d84 24e0 | 0000 0048 

  0x0000028dfa7dddec: ;   {runtime_call monitorexit_nofpu Runtime1 stub}
  0x0000028dfa7dddec: 8904 24e8 | 0c7d dcff | e997 feff 

  0x0000028dfa7dddf8: ;   {internal_word}
  0x0000028dfa7dddf8: ff49 ba9b | dc7d fa8d | 0200 004d | 8997 6803 

  0x0000028dfa7dde08: ;   {runtime_call SafepointBlob}
  0x0000028dfa7dde08: 0000 e9f1 | 9bd2 ff48 

  0x0000028dfa7dde10: ;   {runtime_call fast_new_instance Runtime1 stub}
  0x0000028dfa7dde10: 8bd2 e8e9 

  0x0000028dfa7dde14: ; ImmutableOopMap {[176]=Oop [216]=Oop [232]=Oop }
                      ;*new {reexecute=0 rethrow=0 return_oop=0}
                      ; - java.lang.ClassLoader::resolveClass@4
                      ; - jdk.internal.loader.BuiltinClassLoader::loadClassOrNull@128
  0x0000028dfa7dde14: 4fdc ffe9 | e8fe ffff | 488d 8424 | e000 0000 | 4889 0424 

  0x0000028dfa7dde28: ;   {runtime_call monitorexit_nofpu Runtime1 stub}
  0x0000028dfa7dde28: e8d3 7cdc | ffe9 3bff | ffff 9090 | 498b 87e0 | 0300 0049 | c787 e003 | 0000 0000 | 0000 49c7 
  0x0000028dfa7dde48: 87e8 0300 | 0000 0000 | 0048 81c4 | 0001 0000 

  0x0000028dfa7dde58: ;   {runtime_call unwind_exception Runtime1 stub}
  0x0000028dfa7dde58: 5de9 a237 | dcff f4f4 
[Stub Code]
  0x0000028dfa7dde60: ;   {no_reloc}
  0x0000028dfa7dde60: 0f1f 4400 

  0x0000028dfa7dde64: ;   {static_stub}
  0x0000028dfa7dde64: 0048 bb00 | 0000 0000 

  0x0000028dfa7dde6c: ;   {runtime_call}
  0x0000028dfa7dde6c: 0000 00e9 | fbff ffff 

  0x0000028dfa7dde74: ;   {static_stub}
  0x0000028dfa7dde74: 9048 bb00 | 0000 0000 

  0x0000028dfa7dde7c: ;   {runtime_call}
  0x0000028dfa7dde7c: 0000 00e9 | fbff ffff 

  0x0000028dfa7dde84: ;   {static_stub}
  0x0000028dfa7dde84: 9048 bb00 | 0000 0000 

  0x0000028dfa7dde8c: ;   {runtime_call}
  0x0000028dfa7dde8c: 0000 00e9 | fbff ffff 

  0x0000028dfa7dde94: ;   {static_stub}
  0x0000028dfa7dde94: 9048 bb00 | 0000 0000 

  0x0000028dfa7dde9c: ;   {runtime_call}
  0x0000028dfa7dde9c: 0000 00e9 | fbff ffff 

  0x0000028dfa7ddea4: ;   {static_stub}
  0x0000028dfa7ddea4: 9048 bb00 | 0000 0000 

  0x0000028dfa7ddeac: ;   {runtime_call}
  0x0000028dfa7ddeac: 0000 00e9 | fbff ffff 

  0x0000028dfa7ddeb4: ;   {static_stub}
  0x0000028dfa7ddeb4: 9048 bb00 | 0000 0000 

  0x0000028dfa7ddebc: ;   {runtime_call}
  0x0000028dfa7ddebc: 0000 00e9 | fbff ffff 

  0x0000028dfa7ddec4: ;   {static_stub}
  0x0000028dfa7ddec4: 9048 bb00 | 0000 0000 

  0x0000028dfa7ddecc: ;   {runtime_call}
  0x0000028dfa7ddecc: 0000 00e9 | fbff ffff 

  0x0000028dfa7dded4: ;   {static_stub}
  0x0000028dfa7dded4: 9048 bb00 | 0000 0000 

  0x0000028dfa7ddedc: ;   {runtime_call}
  0x0000028dfa7ddedc: 0000 00e9 | fbff ffff 

  0x0000028dfa7ddee4: ;   {static_stub}
  0x0000028dfa7ddee4: 9048 bb00 | 0000 0000 

  0x0000028dfa7ddeec: ;   {runtime_call}
  0x0000028dfa7ddeec: 0000 00e9 | fbff ffff 

  0x0000028dfa7ddef4: ;   {static_stub}
  0x0000028dfa7ddef4: 9048 bb00 | 0000 0000 

  0x0000028dfa7ddefc: ;   {runtime_call}
  0x0000028dfa7ddefc: 0000 00e9 | fbff ffff 

  0x0000028dfa7ddf04: ;   {static_stub}
  0x0000028dfa7ddf04: 9048 bb00 | 0000 0000 

  0x0000028dfa7ddf0c: ;   {runtime_call}
  0x0000028dfa7ddf0c: 0000 00e9 | fbff ffff 

  0x0000028dfa7ddf14: ;   {static_stub}
  0x0000028dfa7ddf14: 9048 bb00 | 0000 0000 

  0x0000028dfa7ddf1c: ;   {runtime_call}
  0x0000028dfa7ddf1c: 0000 00e9 | fbff ffff 

  0x0000028dfa7ddf24: ;   {static_stub}
  0x0000028dfa7ddf24: 9048 bb18 | 070c 838d 

  0x0000028dfa7ddf2c: ;   {runtime_call I2C/C2I adapters}
  0x0000028dfa7ddf2c: 0200 00e9 | 2087 d2ff 

  0x0000028dfa7ddf34: ;   {static_stub}
  0x0000028dfa7ddf34: 9048 bb00 | 0000 0000 

  0x0000028dfa7ddf3c: ;   {runtime_call}
  0x0000028dfa7ddf3c: 0000 00e9 | fbff ffff 
[Exception Handler]
  0x0000028dfa7ddf44: ;   {runtime_call handle_exception_from_callee Runtime1 stub}
  0x0000028dfa7ddf44: e8b7 63dc 

  0x0000028dfa7ddf48: ;   {external_word}
  0x0000028dfa7ddf48: ff48 b940 | 9a08 29fa | 7f00 0048 

  0x0000028dfa7ddf54: ;   {runtime_call}
  0x0000028dfa7ddf54: 83e4 f049 | ba60 2dd1 | 28fa 7f00 | 0041 ffd2 

  0x0000028dfa7ddf64: ;   {section_word}
  0x0000028dfa7ddf64: f449 ba65 | df7d fa8d | 0200 0041 

  0x0000028dfa7ddf70: ;   {runtime_call DeoptimizationBlob}
  0x0000028dfa7ddf70: 52e9 2a8d | d2ff f4f4 
[/MachCode]


---------------  P R O C E S S  ---------------

Threads class SMR info:
_java_thread_list=0x0000028d8286d280, length=13, elements={
0x0000028df7839f10, 0x0000028d82653380, 0x0000028d82654110, 0x0000028d8268c010,
0x0000028d8268c8e0, 0x0000028d8268f7d0, 0x0000028d826900a0, 0x0000028d8241d2c0,
0x0000028d8241dbd0, 0x0000028d82879aa0, 0x0000028d82886010, 0x0000028d8288cd80,
0x0000028d82891f20
}

Java Threads: ( => current thread )
=>0x0000028df7839f10 JavaThread "main" [_thread_in_vm, id=18028, stack(0x000000c304e00000,0x000000c304f00000)]
  0x0000028d82653380 JavaThread "Reference Handler" daemon [_thread_blocked, id=19716, stack(0x000000c305500000,0x000000c305600000)]
  0x0000028d82654110 JavaThread "Finalizer" daemon [_thread_blocked, id=31656, stack(0x000000c305600000,0x000000c305700000)]
  0x0000028d8268c010 JavaThread "Signal Dispatcher" daemon [_thread_blocked, id=27088, stack(0x000000c305700000,0x000000c305800000)]
  0x0000028d8268c8e0 JavaThread "Attach Listener" daemon [_thread_blocked, id=20528, stack(0x000000c305800000,0x000000c305900000)]
  0x0000028d8268f7d0 JavaThread "Service Thread" daemon [_thread_blocked, id=30240, stack(0x000000c305900000,0x000000c305a00000)]
  0x0000028d826900a0 JavaThread "Monitor Deflation Thread" daemon [_thread_blocked, id=6128, stack(0x000000c305a00000,0x000000c305b00000)]
  0x0000028d8241d2c0 JavaThread "C1 CompilerThread0" daemon [_thread_blocked, id=30776, stack(0x000000c305b00000,0x000000c305c00000)]
  0x0000028d8241dbd0 JavaThread "Sweeper thread" daemon [_thread_blocked, id=30132, stack(0x000000c305c00000,0x000000c305d00000)]
  0x0000028d82879aa0 JavaThread "C1 CompilerThread1" daemon [_thread_blocked, id=16360, stack(0x000000c305d00000,0x000000c305e00000)]
  0x0000028d82886010 JavaThread "C1 CompilerThread2" daemon [_thread_blocked, id=19800, stack(0x000000c305e00000,0x000000c305f00000)]
  0x0000028d8288cd80 JavaThread "Notification Thread" daemon [_thread_blocked, id=11052, stack(0x000000c305f00000,0x000000c306000000)]
  0x0000028d82891f20 JavaThread "Common-Cleaner" daemon [_thread_blocked, id=23664, stack(0x000000c306100000,0x000000c306200000)]

Other Threads:
  0x0000028d8240a7c0 VMThread "VM Thread" [stack: 0x000000c305400000,0x000000c305500000] [id=31348]
  0x0000028d82890280 WatcherThread [stack: 0x000000c306000000,0x000000c306100000] [id=3176]
  0x0000028df78772f0 GCTaskThread "GC Thread#0" [stack: 0x000000c304f00000,0x000000c305000000] [id=6264]
  0x0000028d8795a110 GCTaskThread "GC Thread#1" [stack: 0x000000c306200000,0x000000c306300000] [id=30212]
  0x0000028d87992f40 GCTaskThread "GC Thread#2" [stack: 0x000000c306300000,0x000000c306400000] [id=28580]
  0x0000028d87993200 GCTaskThread "GC Thread#3" [stack: 0x000000c306400000,0x000000c306500000] [id=23140]
  0x0000028df7881160 ConcurrentGCThread "G1 Main Marker" [stack: 0x000000c305000000,0x000000c305100000] [id=31028]
  0x0000028df7881a90 ConcurrentGCThread "G1 Conc#0" [stack: 0x000000c305100000,0x000000c305200000] [id=29540]
  0x0000028df78caa70 ConcurrentGCThread "G1 Refine#0" [stack: 0x000000c305200000,0x000000c305300000] [id=13840]
  0x0000028df78cb2b0 ConcurrentGCThread "G1 Service" [stack: 0x000000c305300000,0x000000c305400000] [id=31292]

Threads with active compile tasks:

VM state: not at safepoint (normal execution)

VM Mutex/Monitor currently owned by a thread:  ([mutex/lock_event])
[0x0000028df55e7eb0] Metaspace_lock - owner thread: 0x0000028df7839f10

Heap address: 0x00000000c0000000, size: 1024 MB, Compressed Oops mode: 32-bit

CDS archive(s) not mapped
Compressed class space mapped at: 0x0000000100000000-0x0000000140000000, reserved size: 1073741824
Narrow klass base: 0x0000000000000000, Narrow klass shift: 3, Narrow klass range: 0x140000000

GC Precious Log:
 CPUs: 8 total, 8 available
 Memory: 6020M
 Large Page Support: Disabled
 NUMA Support: Disabled
 Compressed Oops: Enabled (32-bit)
 Heap Region Size: 1M
 Heap Min Capacity: 8M
 Heap Initial Capacity: 96M
 Heap Max Capacity: 1G
 Pre-touch: Disabled
 Parallel Workers: 8
 Concurrent Workers: 2
 Concurrent Refinement Workers: 8
 Periodic GC: Disabled

Heap:
 garbage-first heap   total 98304K, used 34912K [0x00000000c0000000, 0x0000000100000000)
  region size 1024K, 23 young (23552K), 3 survivors (3072K)
 Metaspace       used 13275K, committed 13440K, reserved 1114112K
  class space    used 1631K, committed 1728K, reserved 1048576K

Heap Regions: E=young(eden), S=young(survivor), O=old, HS=humongous(starts), HC=humongous(continues), CS=collection set, F=free, OA=open archive, CA=closed archive, TAMS=top-at-mark-start (previous, next)
|   0|0x00000000c0000000, 0x00000000c0100000, 0x00000000c0100000|100%|HS|  |TAMS 0x00000000c0000000, 0x00000000c0000000| Complete 
|   1|0x00000000c0100000, 0x00000000c0200000, 0x00000000c0200000|100%|HC|  |TAMS 0x00000000c0100000, 0x00000000c0100000| Complete 
|   2|0x00000000c0200000, 0x00000000c0300000, 0x00000000c0300000|100%|HC|  |TAMS 0x00000000c0200000, 0x00000000c0200000| Complete 
|   3|0x00000000c0300000, 0x00000000c0400000, 0x00000000c0400000|100%|HC|  |TAMS 0x00000000c0300000, 0x00000000c0300000| Complete 
|   4|0x00000000c0400000, 0x00000000c0500000, 0x00000000c0500000|100%|HS|  |TAMS 0x00000000c0400000, 0x00000000c0400000| Complete 
|   5|0x00000000c0500000, 0x00000000c0600000, 0x00000000c0600000|100%|HC|  |TAMS 0x00000000c0500000, 0x00000000c0500000| Complete 
|   6|0x00000000c0600000, 0x00000000c0700000, 0x00000000c0700000|100%| O|  |TAMS 0x00000000c0600000, 0x00000000c0600000| Untracked 
|   7|0x00000000c0700000, 0x00000000c0800000, 0x00000000c0800000|100%| O|  |TAMS 0x00000000c0700000, 0x00000000c0700000| Untracked 
|   8|0x00000000c0800000, 0x00000000c0900000, 0x00000000c0900000|100%| O|  |TAMS 0x00000000c0800000, 0x00000000c0800000| Untracked 
|   9|0x00000000c0900000, 0x00000000c0a00000, 0x00000000c0a00000|100%| O|  |TAMS 0x00000000c0900000, 0x00000000c0900000| Untracked 
|  10|0x00000000c0a00000, 0x00000000c0b00000, 0x00000000c0b00000|100%| O|  |TAMS 0x00000000c0a00000, 0x00000000c0a00000| Untracked 
|  11|0x00000000c0b00000, 0x00000000c0c00000, 0x00000000c0c00000|100%| O|  |TAMS 0x00000000c0b00000, 0x00000000c0b00000| Untracked 
|  12|0x00000000c0c00000, 0x00000000c0c18000, 0x00000000c0d00000|  9%| O|  |TAMS 0x00000000c0c00000, 0x00000000c0c00000| Untracked 
|  13|0x00000000c0d00000, 0x00000000c0d00000, 0x00000000c0e00000|  0%| F|  |TAMS 0x00000000c0d00000, 0x00000000c0d00000| Untracked 
|  14|0x00000000c0e00000, 0x00000000c0e00000, 0x00000000c0f00000|  0%| F|  |TAMS 0x00000000c0e00000, 0x00000000c0e00000| Untracked 
|  15|0x00000000c0f00000, 0x00000000c0f00000, 0x00000000c1000000|  0%| F|  |TAMS 0x00000000c0f00000, 0x00000000c0f00000| Untracked 
|  16|0x00000000c1000000, 0x00000000c1000000, 0x00000000c1100000|  0%| F|  |TAMS 0x00000000c1000000, 0x00000000c1000000| Untracked 
|  17|0x00000000c1100000, 0x00000000c1100000, 0x00000000c1200000|  0%| F|  |TAMS 0x00000000c1100000, 0x00000000c1100000| Untracked 
|  18|0x00000000c1200000, 0x00000000c1200000, 0x00000000c1300000|  0%| F|  |TAMS 0x00000000c1200000, 0x00000000c1200000| Untracked 
|  19|0x00000000c1300000, 0x00000000c1300000, 0x00000000c1400000|  0%| F|  |TAMS 0x00000000c1300000, 0x00000000c1300000| Untracked 
|  20|0x00000000c1400000, 0x00000000c1400000, 0x00000000c1500000|  0%| F|  |TAMS 0x00000000c1400000, 0x00000000c1400000| Untracked 
|  21|0x00000000c1500000, 0x00000000c1500000, 0x00000000c1600000|  0%| F|  |TAMS 0x00000000c1500000, 0x00000000c1500000| Untracked 
|  22|0x00000000c1600000, 0x00000000c1600000, 0x00000000c1700000|  0%| F|  |TAMS 0x00000000c1600000, 0x00000000c1600000| Untracked 
|  23|0x00000000c1700000, 0x00000000c1700000, 0x00000000c1800000|  0%| F|  |TAMS 0x00000000c1700000, 0x00000000c1700000| Untracked 
|  24|0x00000000c1800000, 0x00000000c1800000, 0x00000000c1900000|  0%| F|  |TAMS 0x00000000c1800000, 0x00000000c1800000| Untracked 
|  25|0x00000000c1900000, 0x00000000c1900000, 0x00000000c1a00000|  0%| F|  |TAMS 0x00000000c1900000, 0x00000000c1900000| Untracked 
|  26|0x00000000c1a00000, 0x00000000c1a00000, 0x00000000c1b00000|  0%| F|  |TAMS 0x00000000c1a00000, 0x00000000c1a00000| Untracked 
|  27|0x00000000c1b00000, 0x00000000c1b00000, 0x00000000c1c00000|  0%| F|  |TAMS 0x00000000c1b00000, 0x00000000c1b00000| Untracked 
|  28|0x00000000c1c00000, 0x00000000c1c00000, 0x00000000c1d00000|  0%| F|  |TAMS 0x00000000c1c00000, 0x00000000c1c00000| Untracked 
|  29|0x00000000c1d00000, 0x00000000c1d00000, 0x00000000c1e00000|  0%| F|  |TAMS 0x00000000c1d00000, 0x00000000c1d00000| Untracked 
|  30|0x00000000c1e00000, 0x00000000c1e00000, 0x00000000c1f00000|  0%| F|  |TAMS 0x00000000c1e00000, 0x00000000c1e00000| Untracked 
|  31|0x00000000c1f00000, 0x00000000c1f00000, 0x00000000c2000000|  0%| F|  |TAMS 0x00000000c1f00000, 0x00000000c1f00000| Untracked 
|  32|0x00000000c2000000, 0x00000000c2000000, 0x00000000c2100000|  0%| F|  |TAMS 0x00000000c2000000, 0x00000000c2000000| Untracked 
|  33|0x00000000c2100000, 0x00000000c2100000, 0x00000000c2200000|  0%| F|  |TAMS 0x00000000c2100000, 0x00000000c2100000| Untracked 
|  34|0x00000000c2200000, 0x00000000c2200000, 0x00000000c2300000|  0%| F|  |TAMS 0x00000000c2200000, 0x00000000c2200000| Untracked 
|  35|0x00000000c2300000, 0x00000000c2300000, 0x00000000c2400000|  0%| F|  |TAMS 0x00000000c2300000, 0x00000000c2300000| Untracked 
|  36|0x00000000c2400000, 0x00000000c2400000, 0x00000000c2500000|  0%| F|  |TAMS 0x00000000c2400000, 0x00000000c2400000| Untracked 
|  37|0x00000000c2500000, 0x00000000c2500000, 0x00000000c2600000|  0%| F|  |TAMS 0x00000000c2500000, 0x00000000c2500000| Untracked 
|  38|0x00000000c2600000, 0x00000000c2600000, 0x00000000c2700000|  0%| F|  |TAMS 0x00000000c2600000, 0x00000000c2600000| Untracked 
|  39|0x00000000c2700000, 0x00000000c2700000, 0x00000000c2800000|  0%| F|  |TAMS 0x00000000c2700000, 0x00000000c2700000| Untracked 
|  40|0x00000000c2800000, 0x00000000c2800000, 0x00000000c2900000|  0%| F|  |TAMS 0x00000000c2800000, 0x00000000c2800000| Untracked 
|  41|0x00000000c2900000, 0x00000000c2900000, 0x00000000c2a00000|  0%| F|  |TAMS 0x00000000c2900000, 0x00000000c2900000| Untracked 
|  42|0x00000000c2a00000, 0x00000000c2a00000, 0x00000000c2b00000|  0%| F|  |TAMS 0x00000000c2a00000, 0x00000000c2a00000| Untracked 
|  43|0x00000000c2b00000, 0x00000000c2b00000, 0x00000000c2c00000|  0%| F|  |TAMS 0x00000000c2b00000, 0x00000000c2b00000| Untracked 
|  44|0x00000000c2c00000, 0x00000000c2c00000, 0x00000000c2d00000|  0%| F|  |TAMS 0x00000000c2c00000, 0x00000000c2c00000| Untracked 
|  45|0x00000000c2d00000, 0x00000000c2d00000, 0x00000000c2e00000|  0%| F|  |TAMS 0x00000000c2d00000, 0x00000000c2d00000| Untracked 
|  46|0x00000000c2e00000, 0x00000000c2e00000, 0x00000000c2f00000|  0%| F|  |TAMS 0x00000000c2e00000, 0x00000000c2e00000| Untracked 
|  47|0x00000000c2f00000, 0x00000000c2f00000, 0x00000000c3000000|  0%| F|  |TAMS 0x00000000c2f00000, 0x00000000c2f00000| Untracked 
|  48|0x00000000c3000000, 0x00000000c3000000, 0x00000000c3100000|  0%| F|  |TAMS 0x00000000c3000000, 0x00000000c3000000| Untracked 
|  49|0x00000000c3100000, 0x00000000c3100000, 0x00000000c3200000|  0%| F|  |TAMS 0x00000000c3100000, 0x00000000c3100000| Untracked 
|  50|0x00000000c3200000, 0x00000000c3200000, 0x00000000c3300000|  0%| F|  |TAMS 0x00000000c3200000, 0x00000000c3200000| Untracked 
|  51|0x00000000c3300000, 0x00000000c3300000, 0x00000000c3400000|  0%| F|  |TAMS 0x00000000c3300000, 0x00000000c3300000| Untracked 
|  52|0x00000000c3400000, 0x00000000c3400000, 0x00000000c3500000|  0%| F|  |TAMS 0x00000000c3400000, 0x00000000c3400000| Untracked 
|  53|0x00000000c3500000, 0x00000000c3500000, 0x00000000c3600000|  0%| F|  |TAMS 0x00000000c3500000, 0x00000000c3500000| Untracked 
|  54|0x00000000c3600000, 0x00000000c3600000, 0x00000000c3700000|  0%| F|  |TAMS 0x00000000c3600000, 0x00000000c3600000| Untracked 
|  55|0x00000000c3700000, 0x00000000c3700000, 0x00000000c3800000|  0%| F|  |TAMS 0x00000000c3700000, 0x00000000c3700000| Untracked 
|  56|0x00000000c3800000, 0x00000000c3800000, 0x00000000c3900000|  0%| F|  |TAMS 0x00000000c3800000, 0x00000000c3800000| Untracked 
|  57|0x00000000c3900000, 0x00000000c3900000, 0x00000000c3a00000|  0%| F|  |TAMS 0x00000000c3900000, 0x00000000c3900000| Untracked 
|  58|0x00000000c3a00000, 0x00000000c3a00000, 0x00000000c3b00000|  0%| F|  |TAMS 0x00000000c3a00000, 0x00000000c3a00000| Untracked 
|  59|0x00000000c3b00000, 0x00000000c3b00000, 0x00000000c3c00000|  0%| F|  |TAMS 0x00000000c3b00000, 0x00000000c3b00000| Untracked 
|  60|0x00000000c3c00000, 0x00000000c3c00000, 0x00000000c3d00000|  0%| F|  |TAMS 0x00000000c3c00000, 0x00000000c3c00000| Untracked 
|  61|0x00000000c3d00000, 0x00000000c3d00000, 0x00000000c3e00000|  0%| F|  |TAMS 0x00000000c3d00000, 0x00000000c3d00000| Untracked 
|  62|0x00000000c3e00000, 0x00000000c3e00000, 0x00000000c3f00000|  0%| F|  |TAMS 0x00000000c3e00000, 0x00000000c3e00000| Untracked 
|  63|0x00000000c3f00000, 0x00000000c3f00000, 0x00000000c4000000|  0%| F|  |TAMS 0x00000000c3f00000, 0x00000000c3f00000| Untracked 
|  64|0x00000000c4000000, 0x00000000c4000000, 0x00000000c4100000|  0%| F|  |TAMS 0x00000000c4000000, 0x00000000c4000000| Untracked 
|  65|0x00000000c4100000, 0x00000000c4100000, 0x00000000c4200000|  0%| F|  |TAMS 0x00000000c4100000, 0x00000000c4100000| Untracked 
|  66|0x00000000c4200000, 0x00000000c4200000, 0x00000000c4300000|  0%| F|  |TAMS 0x00000000c4200000, 0x00000000c4200000| Untracked 
|  67|0x00000000c4300000, 0x00000000c4300000, 0x00000000c4400000|  0%| F|  |TAMS 0x00000000c4300000, 0x00000000c4300000| Untracked 
|  68|0x00000000c4400000, 0x00000000c4400000, 0x00000000c4500000|  0%| F|  |TAMS 0x00000000c4400000, 0x00000000c4400000| Untracked 
|  69|0x00000000c4500000, 0x00000000c4500000, 0x00000000c4600000|  0%| F|  |TAMS 0x00000000c4500000, 0x00000000c4500000| Untracked 
|  70|0x00000000c4600000, 0x00000000c4700000, 0x00000000c4700000|100%| S|CS|TAMS 0x00000000c4600000, 0x00000000c4600000| Complete 
|  71|0x00000000c4700000, 0x00000000c4800000, 0x00000000c4800000|100%| S|CS|TAMS 0x00000000c4700000, 0x00000000c4700000| Complete 
|  72|0x00000000c4800000, 0x00000000c4900000, 0x00000000c4900000|100%| S|CS|TAMS 0x00000000c4800000, 0x00000000c4800000| Complete 
|  73|0x00000000c4900000, 0x00000000c4900000, 0x00000000c4a00000|  0%| F|  |TAMS 0x00000000c4900000, 0x00000000c4900000| Untracked 
|  74|0x00000000c4a00000, 0x00000000c4a00000, 0x00000000c4b00000|  0%| F|  |TAMS 0x00000000c4a00000, 0x00000000c4a00000| Untracked 
|  75|0x00000000c4b00000, 0x00000000c4b00000, 0x00000000c4c00000|  0%| F|  |TAMS 0x00000000c4b00000, 0x00000000c4b00000| Untracked 
|  76|0x00000000c4c00000, 0x00000000c4ceca68, 0x00000000c4d00000| 92%| E|  |TAMS 0x00000000c4c00000, 0x00000000c4c00000| Complete 
|  77|0x00000000c4d00000, 0x00000000c4e00000, 0x00000000c4e00000|100%| E|CS|TAMS 0x00000000c4d00000, 0x00000000c4d00000| Complete 
|  78|0x00000000c4e00000, 0x00000000c4f00000, 0x00000000c4f00000|100%| E|CS|TAMS 0x00000000c4e00000, 0x00000000c4e00000| Complete 
|  79|0x00000000c4f00000, 0x00000000c5000000, 0x00000000c5000000|100%| E|CS|TAMS 0x00000000c4f00000, 0x00000000c4f00000| Complete 
|  80|0x00000000c5000000, 0x00000000c5100000, 0x00000000c5100000|100%| E|CS|TAMS 0x00000000c5000000, 0x00000000c5000000| Complete 
|  81|0x00000000c5100000, 0x00000000c5200000, 0x00000000c5200000|100%| E|CS|TAMS 0x00000000c5100000, 0x00000000c5100000| Complete 
|  82|0x00000000c5200000, 0x00000000c5300000, 0x00000000c5300000|100%| E|CS|TAMS 0x00000000c5200000, 0x00000000c5200000| Complete 
|  83|0x00000000c5300000, 0x00000000c5400000, 0x00000000c5400000|100%| E|CS|TAMS 0x00000000c5300000, 0x00000000c5300000| Complete 
|  84|0x00000000c5400000, 0x00000000c5500000, 0x00000000c5500000|100%| E|CS|TAMS 0x00000000c5400000, 0x00000000c5400000| Complete 
|  85|0x00000000c5500000, 0x00000000c5600000, 0x00000000c5600000|100%| E|CS|TAMS 0x00000000c5500000, 0x00000000c5500000| Complete 
|  86|0x00000000c5600000, 0x00000000c5700000, 0x00000000c5700000|100%| E|CS|TAMS 0x00000000c5600000, 0x00000000c5600000| Complete 
|  87|0x00000000c5700000, 0x00000000c5800000, 0x00000000c5800000|100%| E|CS|TAMS 0x00000000c5700000, 0x00000000c5700000| Complete 
|  88|0x00000000c5800000, 0x00000000c5900000, 0x00000000c5900000|100%| E|CS|TAMS 0x00000000c5800000, 0x00000000c5800000| Complete 
|  89|0x00000000c5900000, 0x00000000c5a00000, 0x00000000c5a00000|100%| E|CS|TAMS 0x00000000c5900000, 0x00000000c5900000| Complete 
|  90|0x00000000c5a00000, 0x00000000c5b00000, 0x00000000c5b00000|100%| E|CS|TAMS 0x00000000c5a00000, 0x00000000c5a00000| Complete 
|  91|0x00000000c5b00000, 0x00000000c5c00000, 0x00000000c5c00000|100%| E|CS|TAMS 0x00000000c5b00000, 0x00000000c5b00000| Complete 
|  92|0x00000000c5c00000, 0x00000000c5d00000, 0x00000000c5d00000|100%| E|CS|TAMS 0x00000000c5c00000, 0x00000000c5c00000| Complete 
|  93|0x00000000c5d00000, 0x00000000c5e00000, 0x00000000c5e00000|100%| E|CS|TAMS 0x00000000c5d00000, 0x00000000c5d00000| Complete 
|  94|0x00000000c5e00000, 0x00000000c5f00000, 0x00000000c5f00000|100%| E|CS|TAMS 0x00000000c5e00000, 0x00000000c5e00000| Complete 
|  95|0x00000000c5f00000, 0x00000000c6000000, 0x00000000c6000000|100%| E|CS|TAMS 0x00000000c5f00000, 0x00000000c5f00000| Complete 

Card table byte_map: [0x0000028dfd7c0000,0x0000028dfd9c0000] _byte_map_base: 0x0000028dfd1c0000

Marking Bits (Prev, Next): (CMBitMap*) 0x0000028df7878830, (CMBitMap*) 0x0000028df7878870
 Prev Bits: [0x0000028dfdbc0000, 0x0000028dfebc0000)
 Next Bits: [0x0000028dfebc0000, 0x0000028dffbc0000)

Polling page: 0x0000028df5730000

Metaspace:

Usage:
  Non-class:     11.37 MB used.
      Class:      1.59 MB used.
       Both:     12.96 MB used.

Virtual space:
  Non-class space:       64.00 MB reserved,      11.44 MB ( 18%) committed,  1 nodes.
      Class space:        1.00 GB reserved,       1.69 MB ( <1%) committed,  1 nodes.
             Both:        1.06 GB reserved,      13.12 MB (  1%) committed. 

Chunk freelists:
   Non-Class:  4.20 MB
       Class:  14.31 MB
        Both:  18.52 MB

MaxMetaspaceSize: unlimited
CompressedClassSpaceSize: 1.00 GB
Initial GC threshold: 21.00 MB
Current GC threshold: 21.00 MB
CDS: off
MetaspaceReclaimPolicy: balanced
 - commit_granule_bytes: 65536.
 - commit_granule_words: 8192.
 - virtual_space_node_default_size: 8388608.
 - enlarge_chunks_in_place: 1.
 - new_chunks_are_fully_committed: 0.
 - uncommit_free_chunks: 1.
 - use_allocation_guard: 0.
 - handle_deallocations: 1.


Internal statistics:

num_allocs_failed_limit: 0.
num_arena_births: 118.
num_arena_deaths: 0.
num_vsnodes_births: 2.
num_vsnodes_deaths: 0.
num_space_committed: 210.
num_space_uncommitted: 0.
num_chunks_returned_to_freelist: 0.
num_chunks_taken_from_freelist: 338.
num_chunk_merges: 0.
num_chunk_splits: 222.
num_chunks_enlarged: 179.
num_inconsistent_stats: 0.

CodeCache: size=49152Kb used=3976Kb max_used=3976Kb free=45175Kb
 bounds [0x0000028dfa4b0000, 0x0000028dfa8a0000, 0x0000028dfd4b0000]
 total_blobs=1570 nmethods=1153 adapters=343
 compilation: enabled
              stopped_count=0, restarted_count=0
 full_count=0

Compilation events (20 events):
Event: 1.163 Thread 0x0000028d82886010 1141       1       java.lang.ClassLoader::getUnnamedModule (5 bytes)
Event: 1.163 Thread 0x0000028d82886010 nmethod 1141 0x0000028dfa88ed90 code [0x0000028dfa88ef20, 0x0000028dfa88eff8]
Event: 1.164 Thread 0x0000028d82886010 1142       1       org.springframework.util.ConcurrentReferenceHashMap$Task::hasOption (9 bytes)
Event: 1.164 Thread 0x0000028d82886010 nmethod 1142 0x0000028dfa88f090 code [0x0000028dfa88f220, 0x0000028dfa88f308]
Event: 1.165 Thread 0x0000028d82886010 1143       1       java.lang.invoke.DirectMethodHandle::allocateInstance (16 bytes)
Event: 1.165 Thread 0x0000028d8241d2c0 1145       1       java.lang.invoke.DirectMethodHandle::constructorMethod (10 bytes)
Event: 1.165 Thread 0x0000028d82886010 nmethod 1143 0x0000028dfa88f890 code [0x0000028dfa88fa20, 0x0000028dfa88fb28]
Event: 1.165 Thread 0x0000028d8241d2c0 nmethod 1145 0x0000028dfa88fc10 code [0x0000028dfa88fda0, 0x0000028dfa88fe78]
Event: 1.171 Thread 0x0000028d82886010 1147       1       jdk.internal.misc.Unsafe::weakCompareAndSetInt (11 bytes)
Event: 1.171 Thread 0x0000028d82886010 nmethod 1147 0x0000028dfa890310 code [0x0000028dfa8904a0, 0x0000028dfa890578]
Event: 1.172 Thread 0x0000028d82886010 1148       1       jdk.internal.misc.Unsafe::getAndAddInt (27 bytes)
Event: 1.172 Thread 0x0000028d82886010 nmethod 1148 0x0000028dfa890610 code [0x0000028dfa8907a0, 0x0000028dfa8908b8]
Event: 1.173 Thread 0x0000028d82886010 1150       1       sun.reflect.generics.parser.SignatureParser::mark (9 bytes)
Event: 1.173 Thread 0x0000028d8241d2c0 1151       1       sun.reflect.generics.parser.SignatureParser::markToCurrent (16 bytes)
Event: 1.173 Thread 0x0000028d82886010 nmethod 1150 0x0000028dfa890d90 code [0x0000028dfa890f20, 0x0000028dfa890ff8]
Event: 1.173 Thread 0x0000028d8241d2c0 nmethod 1151 0x0000028dfa891090 code [0x0000028dfa891220, 0x0000028dfa891308]
Event: 1.173 Thread 0x0000028d82886010 1152       1       java.lang.invoke.VarHandle::checkExactAccessMode (28 bytes)
Event: 1.173 Thread 0x0000028d8241d2c0 1153       1       java.lang.invoke.VarForm::getMemberName (31 bytes)
Event: 1.174 Thread 0x0000028d8241d2c0 nmethod 1153 0x0000028dfa891390 code [0x0000028dfa891540, 0x0000028dfa8916f8]
Event: 1.174 Thread 0x0000028d82886010 nmethod 1152 0x0000028dfa891810 code [0x0000028dfa891a00, 0x0000028dfa891e38]

GC Heap History (2 events):
Event: 0.722 GC heap before
{Heap before GC invocations=0 (full 0):
 garbage-first heap   total 98304K, used 28672K [0x00000000c0000000, 0x0000000100000000)
  region size 1024K, 23 young (23552K), 0 survivors (0K)
 Metaspace       used 7982K, committed 8128K, reserved 1114112K
  class space    used 876K, committed 960K, reserved 1048576K
}
Event: 0.730 GC heap after
{Heap after GC invocations=1 (full 0):
 garbage-first heap   total 98304K, used 15456K [0x00000000c0000000, 0x0000000100000000)
  region size 1024K, 3 young (3072K), 3 survivors (3072K)
 Metaspace       used 7982K, committed 8128K, reserved 1114112K
  class space    used 876K, committed 960K, reserved 1048576K
}

Dll operation events (5 events):
Event: 0.010 Loaded shared library c:\Users\Juan Diego Cordoba F\.vscode\extensions\redhat.java-1.28.1-win32-x64\jre\17.0.10-win32-x86_64\bin\java.dll
Event: 0.265 Loaded shared library C:\Users\Juan Diego Cordoba F\.vscode\extensions\redhat.java-1.28.1-win32-x64\jre\17.0.10-win32-x86_64\bin\net.dll
Event: 0.269 Loaded shared library C:\Users\Juan Diego Cordoba F\.vscode\extensions\redhat.java-1.28.1-win32-x64\jre\17.0.10-win32-x86_64\bin\nio.dll
Event: 0.278 Loaded shared library C:\Users\Juan Diego Cordoba F\.vscode\extensions\redhat.java-1.28.1-win32-x64\jre\17.0.10-win32-x86_64\bin\zip.dll
Event: 0.478 Loaded shared library C:\Users\Juan Diego Cordoba F\.vscode\extensions\redhat.java-1.28.1-win32-x64\jre\17.0.10-win32-x86_64\bin\jimage.dll

Deoptimization events (0 events):
No events

Classes unloaded (0 events):
No events

Classes redefined (0 events):
No events

Internal exceptions (17 events):
Event: 0.557 Thread 0x0000028df7839f10 Exception <a 'java/lang/ClassNotFoundException'{0x00000000c4f2e1a8}: javax/smartcardio/CardPermission> (0x00000000c4f2e1a8) 
thrown [s\src\hotspot\share\classfile\systemDictionary.cpp, line 256]
Event: 0.561 Thread 0x0000028df7839f10 Exception <a 'java/io/FileNotFoundException'{0x00000000c4f3d320}> (0x00000000c4f3d320) 
thrown [s\src\hotspot\share\prims\jni.cpp, line 516]
Event: 0.590 Thread 0x0000028df7839f10 Exception <a 'java/lang/NoSuchMethodError'{0x00000000c4fd3d78}: 'java.lang.Object java.lang.invoke.DirectMethodHandle$Holder.invokeSpecial(java.lang.Object, java.lang.Object, java.lang.Object, long, java.lang.Object)'> (0x00000000c4fd3d78) 
thrown [s\src\hotspot\share\interpreter\linkResolver.cpp, line 759]
Event: 0.590 Thread 0x0000028df7839f10 Exception <a 'java/lang/NoSuchMethodError'{0x00000000c4fd7a18}: 'java.lang.Object java.lang.invoke.Invokers$Holder.linkToTargetMethod(java.lang.Object, long, java.lang.Object, java.lang.Object)'> (0x00000000c4fd7a18) 
thrown [s\src\hotspot\share\interpreter\linkResolver.cpp, line 759]
Event: 0.614 Thread 0x0000028df7839f10 Exception <a 'java/lang/NoSuchMethodError'{0x00000000c4ebf208}: 'void java.lang.invoke.DirectMethodHandle$Holder.invokeStatic(java.lang.Object, java.lang.Object, java.lang.Object)'> (0x00000000c4ebf208) 
thrown [s\src\hotspot\share\interpreter\linkResolver.cpp, line 759]
Event: 0.744 Thread 0x0000028df7839f10 Exception <a 'java/lang/NoSuchMethodError'{0x00000000c5f72998}: 'void java.lang.invoke.DirectMethodHandle$Holder.invokeSpecialIFC(java.lang.Object, java.lang.Object, java.lang.Object, java.lang.Object, java.lang.Object)'> (0x00000000c5f72998) 
thrown [s\src\hotspot\share\interpreter\linkResolver.cpp, line 759]
Event: 0.745 Thread 0x0000028df7839f10 Exception <a 'java/lang/NoSuchMethodError'{0x00000000c5fb5bb0}: 'void java.lang.invoke.DirectMethodHandle$Holder.invokeStatic(java.lang.Object, java.lang.Object, java.lang.Object, java.lang.Object)'> (0x00000000c5fb5bb0) 
thrown [s\src\hotspot\share\interpreter\linkResolver.cpp, line 759]
Event: 0.746 Thread 0x0000028df7839f10 Exception <a 'java/lang/NoSuchMethodError'{0x00000000c5fc12d8}: 'int java.lang.invoke.DirectMethodHandle$Holder.invokeSpecial(java.lang.Object, java.lang.Object, java.lang.Object)'> (0x00000000c5fc12d8) 
thrown [s\src\hotspot\share\interpreter\linkResolver.cpp, line 759]
Event: 0.794 Thread 0x0000028df7839f10 Exception <a 'java/lang/NoSuchMethodError'{0x00000000c5eee978}: 'java.lang.Object java.lang.invoke.DirectMethodHandle$Holder.invokeStaticInit(java.lang.Object, java.lang.Object, java.lang.Object)'> (0x00000000c5eee978) 
thrown [s\src\hotspot\share\interpreter\linkResolver.cpp, line 759]
Event: 1.007 Thread 0x0000028df7839f10 Exception <a 'java/lang/NoSuchMethodError'{0x00000000c55e03d0}: 'int java.lang.invoke.DirectMethodHandle$Holder.invokeStaticInit(java.lang.Object, java.lang.Object)'> (0x00000000c55e03d0) 
thrown [s\src\hotspot\share\interpreter\linkResolver.cpp, line 759]
Event: 1.016 Thread 0x0000028df7839f10 Exception <a 'java/lang/NoSuchMethodError'{0x00000000c5459320}: 'void java.lang.invoke.DirectMethodHandle$Holder.invokeInterface(java.lang.Object, java.lang.Object, java.lang.Object, java.lang.Object)'> (0x00000000c5459320) 
thrown [s\src\hotspot\share\interpreter\linkResolver.cpp, line 759]
Event: 1.054 Thread 0x0000028df7839f10 Exception <a 'java/lang/NoSuchMethodError'{0x00000000c529c610}: 'java.lang.Object java.lang.invoke.DirectMethodHandle$Holder.invokeInterface(java.lang.Object, java.lang.Object)'> (0x00000000c529c610) 
thrown [s\src\hotspot\share\interpreter\linkResolver.cpp, line 759]
Event: 1.061 Thread 0x0000028df7839f10 Exception <a 'java/lang/NoSuchMethodError'{0x00000000c510dbd8}: 'java.lang.Object java.lang.invoke.DirectMethodHandle$Holder.invokeSpecialIFC(java.lang.Object, java.lang.Object, java.lang.Object, java.lang.Object)'> (0x00000000c510dbd8) 
thrown [s\src\hotspot\share\interpreter\linkResolver.cpp, line 759]
Event: 1.063 Thread 0x0000028df7839f10 Exception <a 'java/lang/NoSuchMethodError'{0x00000000c513cdc0}: 'java.lang.Object java.lang.invoke.DirectMethodHandle$Holder.invokeInterface(java.lang.Object, java.lang.Object, java.lang.Object)'> (0x00000000c513cdc0) 
thrown [s\src\hotspot\share\interpreter\linkResolver.cpp, line 759]
Event: 1.082 Thread 0x0000028df7839f10 Exception <a 'java/lang/NoSuchMethodError'{0x00000000c504b090}: 'int java.lang.invoke.DirectMethodHandle$Holder.invokeStaticInit(java.lang.Object, java.lang.Object, java.lang.Object)'> (0x00000000c504b090) 
thrown [s\src\hotspot\share\interpreter\linkResolver.cpp, line 759]
Event: 1.092 Thread 0x0000028df7839f10 Exception <a 'java/lang/NoSuchMethodError'{0x00000000c50bba98}: 'java.lang.Object java.lang.invoke.DirectMethodHandle$Holder.newInvokeSpecial(java.lang.Object, java.lang.Object, java.lang.Object, java.lang.Object, java.lang.Object)'> (0x00000000c50bba98) 
thrown [s\src\hotspot\share\interpreter\linkResolver.cpp, line 759]
Event: 1.117 Thread 0x0000028df7839f10 Exception <a 'java/lang/IncompatibleClassChangeError'{0x00000000c4fac9a8}: Found class java.lang.Object, but interface was expected> (0x00000000c4fac9a8) 
thrown [s\src\hotspot\share\interpreter\linkResolver.cpp, line 826]

VM Operations (16 events):
Event: 0.280 Executing VM operation: HandshakeAllThreads
Event: 0.280 Executing VM operation: HandshakeAllThreads done
Event: 0.470 Executing VM operation: HandshakeAllThreads
Event: 0.470 Executing VM operation: HandshakeAllThreads done
Event: 0.515 Executing VM operation: HandshakeAllThreads
Event: 0.515 Executing VM operation: HandshakeAllThreads done
Event: 0.535 Executing VM operation: HandshakeAllThreads
Event: 0.535 Executing VM operation: HandshakeAllThreads done
Event: 0.722 Executing VM operation: G1CollectForAllocation
Event: 0.730 Executing VM operation: G1CollectForAllocation done
Event: 0.902 Executing VM operation: HandshakeAllThreads
Event: 0.902 Executing VM operation: HandshakeAllThreads done
Event: 0.967 Executing VM operation: HandshakeAllThreads
Event: 0.967 Executing VM operation: HandshakeAllThreads done
Event: 1.124 Executing VM operation: HandshakeAllThreads
Event: 1.124 Executing VM operation: HandshakeAllThreads done

Events (20 events):
Event: 1.144 loading class java/util/Currency done
Event: 1.145 loading class java/util/UUID
Event: 1.146 loading class java/util/UUID done
Event: 1.157 loading class java/util/Calendar
Event: 1.158 loading class java/util/Calendar done
Event: 1.158 loading class java/util/GregorianCalendar
Event: 1.158 loading class java/util/GregorianCalendar done
Event: 1.158 loading class java/time/ZonedDateTime
Event: 1.158 loading class java/time/chrono/ChronoZonedDateTime
Event: 1.158 loading class java/time/chrono/ChronoZonedDateTime done
Event: 1.159 loading class java/time/ZonedDateTime done
Event: 1.165 loading class java/math/BigDecimal
Event: 1.166 loading class java/math/BigDecimal done
Event: 1.166 loading class java/text/ParseException
Event: 1.166 loading class java/text/ParseException done
Event: 1.169 loading class java/util/Date
Event: 1.169 loading class java/util/Date done
Event: 1.173 loading class java/time/OffsetDateTime
Event: 1.173 loading class java/time/OffsetDateTime done
Event: 1.174 loading class java/time/Instant


Dynamic libraries:
0x00007ff681830000 - 0x00007ff68183e000 	c:\Users\Juan Diego Cordoba F\.vscode\extensions\redhat.java-1.28.1-win32-x64\jre\17.0.10-win32-x86_64\bin\java.exe
0x00007ffacd930000 - 0x00007ffacdb47000 	C:\WINDOWS\SYSTEM32\ntdll.dll
0x00007ffacd030000 - 0x00007ffacd0f4000 	C:\WINDOWS\System32\KERNEL32.DLL
0x00007ffacb130000 - 0x00007ffacb4d6000 	C:\WINDOWS\System32\KERNELBASE.dll
0x00007ffac7da0000 - 0x00007ffac7e37000 	C:\WINDOWS\SYSTEM32\apphelp.dll
0x00007ffacae70000 - 0x00007ffacaf81000 	C:\WINDOWS\System32\ucrtbase.dll
0x00007ffa80010000 - 0x00007ffa8002b000 	c:\Users\Juan Diego Cordoba F\.vscode\extensions\redhat.java-1.28.1-win32-x64\jre\17.0.10-win32-x86_64\bin\VCRUNTIME140.dll
0x00007ffa803f0000 - 0x00007ffa80407000 	c:\Users\Juan Diego Cordoba F\.vscode\extensions\redhat.java-1.28.1-win32-x64\jre\17.0.10-win32-x86_64\bin\jli.dll
0x00007ffacc590000 - 0x00007ffacc73e000 	C:\WINDOWS\System32\USER32.dll
0x00007ffaa9bc0000 - 0x00007ffaa9e53000 	C:\WINDOWS\WinSxS\amd64_microsoft.windows.common-controls_6595b64144ccf1df_6.0.22621.2506_none_270c5ae97388e100\COMCTL32.dll
0x00007ffacada0000 - 0x00007ffacadc6000 	C:\WINDOWS\System32\win32u.dll
0x00007ffacbd50000 - 0x00007ffacbdf7000 	C:\WINDOWS\System32\msvcrt.dll
0x00007ffacbb90000 - 0x00007ffacbbb9000 	C:\WINDOWS\System32\GDI32.dll
0x00007ffacaf90000 - 0x00007ffacb0a8000 	C:\WINDOWS\System32\gdi32full.dll
0x00007ffacadd0000 - 0x00007ffacae6a000 	C:\WINDOWS\System32\msvcp_win.dll
0x00007ffacbe00000 - 0x00007ffacbe31000 	C:\WINDOWS\System32\IMM32.DLL
0x00007ffaa0f30000 - 0x00007ffaa0f3c000 	c:\Users\Juan Diego Cordoba F\.vscode\extensions\redhat.java-1.28.1-win32-x64\jre\17.0.10-win32-x86_64\bin\vcruntime140_1.dll
0x00007ffa53ee0000 - 0x00007ffa53f6d000 	c:\Users\Juan Diego Cordoba F\.vscode\extensions\redhat.java-1.28.1-win32-x64\jre\17.0.10-win32-x86_64\bin\msvcp140.dll
0x00007ffa28760000 - 0x00007ffa293c2000 	c:\Users\Juan Diego Cordoba F\.vscode\extensions\redhat.java-1.28.1-win32-x64\jre\17.0.10-win32-x86_64\bin\server\jvm.dll
0x00007ffacbad0000 - 0x00007ffacbb83000 	C:\WINDOWS\System32\ADVAPI32.dll
0x00007ffacc1d0000 - 0x00007ffacc278000 	C:\WINDOWS\System32\sechost.dll
0x00007ffacad70000 - 0x00007ffacad98000 	C:\WINDOWS\System32\bcrypt.dll
0x00007ffacd120000 - 0x00007ffacd237000 	C:\WINDOWS\System32\RPCRT4.dll
0x00007ffac2c00000 - 0x00007ffac2c34000 	C:\WINDOWS\SYSTEM32\WINMM.dll
0x00007ffab2bd0000 - 0x00007ffab2bd9000 	C:\WINDOWS\SYSTEM32\WSOCK32.dll
0x00007ffacab10000 - 0x00007ffacab5d000 	C:\WINDOWS\SYSTEM32\POWRPROF.dll
0x00007ffac3ea0000 - 0x00007ffac3eaa000 	C:\WINDOWS\SYSTEM32\VERSION.dll
0x00007ffacd830000 - 0x00007ffacd8a1000 	C:\WINDOWS\System32\WS2_32.dll
0x00007ffacaaf0000 - 0x00007ffacab03000 	C:\WINDOWS\SYSTEM32\UMPDC.dll
0x00007ffac9c80000 - 0x00007ffac9c98000 	C:\WINDOWS\SYSTEM32\kernel.appcore.dll
0x00007ffaa0df0000 - 0x00007ffaa0dfa000 	c:\Users\Juan Diego Cordoba F\.vscode\extensions\redhat.java-1.28.1-win32-x64\jre\17.0.10-win32-x86_64\bin\jimage.dll
0x00007ffac8670000 - 0x00007ffac88a3000 	C:\WINDOWS\SYSTEM32\DBGHELP.DLL
0x00007ffacbe40000 - 0x00007ffacc1c9000 	C:\WINDOWS\System32\combase.dll
0x00007ffacbbc0000 - 0x00007ffacbc97000 	C:\WINDOWS\System32\OLEAUT32.dll
0x00007ffabf160000 - 0x00007ffabf192000 	C:\WINDOWS\SYSTEM32\dbgcore.DLL
0x00007ffacb0b0000 - 0x00007ffacb12a000 	C:\WINDOWS\System32\bcryptPrimitives.dll
0x00007ffa6d700000 - 0x00007ffa6d725000 	c:\Users\Juan Diego Cordoba F\.vscode\extensions\redhat.java-1.28.1-win32-x64\jre\17.0.10-win32-x86_64\bin\java.dll
0x00007ffa7fb50000 - 0x00007ffa7fb68000 	c:\Users\Juan Diego Cordoba F\.vscode\extensions\redhat.java-1.28.1-win32-x64\jre\17.0.10-win32-x86_64\bin\zip.dll
0x00007ffacc740000 - 0x00007ffaccf9b000 	C:\WINDOWS\System32\SHELL32.dll
0x00007ffac8ba0000 - 0x00007ffac9496000 	C:\WINDOWS\SYSTEM32\windows.storage.dll
0x00007ffac8a60000 - 0x00007ffac8b9e000 	C:\WINDOWS\SYSTEM32\wintypes.dll
0x00007ffacc280000 - 0x00007ffacc373000 	C:\WINDOWS\System32\SHCORE.dll
0x00007ffacd7d0000 - 0x00007ffacd82e000 	C:\WINDOWS\System32\shlwapi.dll
0x00007ffacab70000 - 0x00007ffacab96000 	C:\WINDOWS\SYSTEM32\profapi.dll
0x00007ffa7a2b0000 - 0x00007ffa7a2c9000 	C:\Users\Juan Diego Cordoba F\.vscode\extensions\redhat.java-1.28.1-win32-x64\jre\17.0.10-win32-x86_64\bin\net.dll
0x00007ffac3f70000 - 0x00007ffac40a7000 	C:\WINDOWS\SYSTEM32\WINHTTP.dll
0x00007ffaca100000 - 0x00007ffaca169000 	C:\WINDOWS\system32\mswsock.dll
0x00007ffa6bf60000 - 0x00007ffa6bf76000 	C:\Users\Juan Diego Cordoba F\.vscode\extensions\redhat.java-1.28.1-win32-x64\jre\17.0.10-win32-x86_64\bin\nio.dll

dbghelp: loaded successfully - version: 4.0.5 - missing functions: none
symbol engine: initialized successfully - sym options: 0x614 - pdb path: .;c:\Users\Juan Diego Cordoba F\.vscode\extensions\redhat.java-1.28.1-win32-x64\jre\17.0.10-win32-x86_64\bin;C:\WINDOWS\SYSTEM32;C:\WINDOWS\WinSxS\amd64_microsoft.windows.common-controls_6595b64144ccf1df_6.0.22621.2506_none_270c5ae97388e100;c:\Users\Juan Diego Cordoba F\.vscode\extensions\redhat.java-1.28.1-win32-x64\jre\17.0.10-win32-x86_64\bin\server

VM Arguments:
jvm_args: -XX:+HeapDumpOnOutOfMemoryError -Xmx1024m -Dsts.lsp.client=vscode -Dsts.log.file=/dev/null -XX:TieredStopAtLevel=1 -Xlog:jni+resolve=off -Dspring.config.location=file:c:\Users\Juan Diego Cordoba F\.vscode\extensions\vmware.vscode-spring-boot-1.53.0\language-server\BOOT-INF\classes\application.properties 
java_command: org.springframework.ide.vscode.boot.app.BootLanguageServerBootApp
java_class_path (initial): c:\Users\Juan Diego Cordoba F\.vscode\extensions\vmware.vscode-spring-boot-1.53.0\language-server\BOOT-INF\classes;c:\Users\Juan Diego Cordoba F\.vscode\extensions\vmware.vscode-spring-boot-1.53.0\language-server\BOOT-INF\lib\annotations-24.1.0.jar;c:\Users\Juan Diego Cordoba F\.vscode\extensions\vmware.vscode-spring-boot-1.53.0\language-server\BOOT-INF\lib\antlr4-runtime-4.11.1.jar;c:\Users\Juan Diego Cordoba F\.vscode\extensions\vmware.vscode-spring-boot-1.53.0\language-server\BOOT-INF\lib\asm-9.6.jar;c:\Users\Juan Diego Cordoba F\.vscode\extensions\vmware.vscode-spring-boot-1.53.0\language-server\BOOT-INF\lib\asm-analysis-9.6.jar;c:\Users\Juan Diego Cordoba F\.vscode\extensions\vmware.vscode-spring-boot-1.53.0\language-server\BOOT-INF\lib\asm-tree-9.6.jar;c:\Users\Juan Diego Cordoba F\.vscode\extensions\vmware.vscode-spring-boot-1.53.0\language-server\BOOT-INF\lib\asm-util-9.6.jar;c:\Users\Juan Diego Cordoba F\.vscode\extensions\vmware.vscode-spring-boot-1.53.0\language-server\BOOT-INF\lib\caffeine-3.1.8.jar;c:\Users\Juan Diego Cordoba F\.vscode\extensions\vmware.vscode-spring-boot-1.53.0\language-server\BOOT-INF\lib\checker-qual-3.12.0.jar;c:\Users\Juan Diego Cordoba F\.vscode\extensions\vmware.vscode-spring-boot-1.53.0\language-server\BOOT-INF\lib\classgraph-4.8.149.jar;c:\Users\Juan Diego Cordoba F\.vscode\extensions\vmware.vscode-spring-boot-1.53.0\language-server\BOOT-INF\lib\commons-codec-1.16.1.jar;c:\Users\Juan Diego Cordoba F\.vscode\extensions\vmware.vscode-spring-boot-1.53.0\language-server\BOOT-INF\lib\commons-compress-1.26.0.jar;c:\Users\Juan Diego Cordoba F\.vscode\extensions\vmware.vscode-spring-boot-1.53.0\language-server\BOOT-INF\lib\commons-io-2.4.jar;c:\Users\Juan Diego Cordoba F\.vscode\extensions\vmware.vscode-spring-boot-1.53.0\language-server\BOOT-INF\lib\commons-java-1.53.0-SNAPSHOT.jar;c:\Users\Juan Diego Cordoba F\.vscode\extensions\vmware.vscode-spring-boot-1.53.0\language-server\BOOT-INF\lib\commons-lang3-3
Launcher Type: SUN_STANDARD

[Global flags]
     intx CICompilerCount                          = 4                                         {product} {ergonomic}
     uint ConcGCThreads                            = 2                                         {product} {ergonomic}
     uint G1ConcRefinementThreads                  = 8                                         {product} {ergonomic}
   size_t G1HeapRegionSize                         = 1048576                                   {product} {ergonomic}
    uintx GCDrainStackTargetSize                   = 64                                        {product} {ergonomic}
     bool HeapDumpOnOutOfMemoryError               = true                                   {manageable} {command line}
   size_t InitialHeapSize                          = 100663296                                 {product} {ergonomic}
   size_t MarkStackSize                            = 4194304                                   {product} {ergonomic}
   size_t MaxHeapSize                              = 1073741824                                {product} {command line}
   size_t MaxNewSize                               = 643825664                                 {product} {ergonomic}
   size_t MinHeapDeltaBytes                        = 1048576                                   {product} {ergonomic}
   size_t MinHeapSize                              = 8388608                                   {product} {ergonomic}
    uintx NonProfiledCodeHeapSize                  = 0                                      {pd product} {ergonomic}
     bool ProfileInterpreter                       = false                                  {pd product} {command line}
    uintx ProfiledCodeHeapSize                     = 0                                      {pd product} {ergonomic}
   size_t SoftMaxHeapSize                          = 1073741824                             {manageable} {ergonomic}
     intx TieredStopAtLevel                        = 1                                         {product} {command line}
     bool UseCompressedClassPointers               = true                           {product lp64_product} {ergonomic}
     bool UseCompressedOops                        = true                           {product lp64_product} {ergonomic}
     bool UseG1GC                                  = true                                      {product} {ergonomic}
     bool UseLargePagesIndividualAllocation        = false                                  {pd product} {ergonomic}

Logging:
Log output configuration:
 #0: stdout all=warning,jni+resolve=off uptime,level,tags
 #1: stderr all=off uptime,level,tags

Environment Variables:
PATH=C:\Program Files (x86)\VMware\VMware Player\bin\;C:\Program Files\Common Files\Oracle\Java\javapath;C:\Oracle\dbhomeXE\bin;C:\Program Files (x86)\Common Files\Oracle\Java\javapath;C:\Program Files\AdoptOpenJDK\jre-11.0.7.10-hotspot\bin;C:\WINDOWS\system32;C:\WINDOWS;C:\WINDOWS\System32\Wbem;C:\WINDOWS\System32\WindowsPowerShell\v1.0\;C:\WINDOWS\System32\OpenSSH\;C:\Program Files (x86)\dotnet\;C:\Program Files\Java\jdk-19\bin;C:\Program Files\Git\cmd;C:\workspace\apache-maven-3.9.6-bin\apache-maven-3.9.6\bin;C:\Users\Juan Diego Cordoba F\AppData\Local\Programs\Python\Python39\Scripts\;C:\Users\Juan Diego Cordoba F\AppData\Local\Programs\Python\Python39\;C:\Users\Juan Diego Cordoba F\AppData\Local\Microsoft\WindowsApps;C:\Users\Juan Diego Cordoba F\AppData\Local\atom\bin;C:\Users\Juan Diego Cordoba F\AppData\Local\Microsoft\WindowsApps;C:\MinGW\bin;C:\Users\Juan Diego Cordoba F\AppData\Local\Programs\Microsoft VS Code\bin;C:\Users\Juan Diego Cordoba F\AppData\Local\GitHubDesktop\bin
USERNAME=Juan Diego Cordoba F
OS=Windows_NT
PROCESSOR_IDENTIFIER=AMD64 Family 23 Model 24 Stepping 1, AuthenticAMD
TMP=C:\Users\JUANDI~1\AppData\Local\Temp
TEMP=C:\Users\JUANDI~1\AppData\Local\Temp



Periodic native trim disabled


---------------  S Y S T E M  ---------------

OS:
 Windows 11 , 64 bit Build 22621 (10.0.22621.3085)
OS uptime: 4 days 11:03 hours

CPU: total 8 (initial active 8) (8 cores per cpu, 2 threads per core) family 23 model 24 stepping 1 microcode 0x0, cx8, cmov, fxsr, ht, mmx, 3dnowpref, sse, sse2, sse3, ssse3, sse4a, sse4.1, sse4.2, popcnt, lzcnt, tsc, tscinvbit, avx, avx2, aes, clmul, bmi1, bmi2, adx, sha, fma, vzeroupper, clflush, clflushopt
Processor Information for processor 0
  Max Mhz: 2100, Current Mhz: 2100, Mhz Limit: 2100
Processor Information for processor 1
  Max Mhz: 2100, Current Mhz: 2100, Mhz Limit: 2100
Processor Information for processor 2
  Max Mhz: 2100, Current Mhz: 2100, Mhz Limit: 2100
Processor Information for processor 3
  Max Mhz: 2100, Current Mhz: 2100, Mhz Limit: 2100
Processor Information for processor 4
  Max Mhz: 2100, Current Mhz: 2100, Mhz Limit: 2100
Processor Information for processor 5
  Max Mhz: 2100, Current Mhz: 2100, Mhz Limit: 2100
Processor Information for processor 6
  Max Mhz: 2100, Current Mhz: 1400, Mhz Limit: 2100
Processor Information for processor 7
  Max Mhz: 2100, Current Mhz: 1400, Mhz Limit: 2100

Memory: 4k page, system-wide physical 6020M (400M free)
TotalPageFile size 24452M (AvailPageFile size 0M)
current process WorkingSet (physical memory assigned to process): 87M, peak: 87M
current process commit charge ("private bytes"): 188M, peak: 188M

vm_info: OpenJDK 64-Bit Server VM (17.0.10+7) for windows-amd64 JRE (17.0.10+7), built on Jan 16 2024 23:25:11 by "admin" with MS VC++ 16.10 / 16.11 (VS2019)

END.
