#
# There is insufficient memory for the Java Runtime Environment to continue.
# Native memory allocation (mmap) failed to map 65536 bytes for Failed to commit metaspace.
# Possible reasons:
#   The system is out of physical RAM or swap space
#   The process is running with CompressedOops enabled, and the Java Heap may be blocking the growth of the native heap
# Possible solutions:
#   Reduce memory load on the system
#   Increase physical memory or swap space
#   Check if swap backing store is full
#   Decrease Java heap size (-Xmx/-Xms)
#   Decrease number of Java threads
#   Decrease Java thread stack sizes (-Xss)
#   Set larger code cache with -XX:ReservedCodeCacheSize=
#   JVM is running with Unscaled Compressed Oops mode in which the Java heap is
#     placed in the first 4GB address space. The Java Heap base address is the
#     maximum limit for the native heap growth. Please use -XX:HeapBaseMinAddress
#     to set the Java Heap base and to place the Java Heap above 4GB virtual address.
# This output file may be truncated or incomplete.
#
#  Out of Memory Error (virtualSpaceNode.cpp:110), pid=16112, tid=22548
#
# JRE version: OpenJDK Runtime Environment Temurin-17.0.10+7 (17.0.10+7) (build 17.0.10+7)
# Java VM: OpenJDK 64-Bit Server VM Temurin-17.0.10+7 (17.0.10+7, mixed mode, emulated-client, tiered, compressed oops, compressed class ptrs, g1 gc, windows-amd64)
# No core dump will be written. Minidumps are not enabled by default on client versions of Windows
#

---------------  S U M M A R Y ------------

Command Line: -XX:+HeapDumpOnOutOfMemoryError -Xmx1024m -Dsts.lsp.client=vscode -Dsts.log.file=/dev/null -XX:TieredStopAtLevel=1 -Xlog:jni+resolve=off -Dspring.config.location=file:c:\Users\Juan Diego Cordoba F\.vscode\extensions\vmware.vscode-spring-boot-1.53.0\language-server\BOOT-INF\classes\application.properties org.springframework.ide.vscode.boot.app.BootLanguageServerBootApp

Host: AMD Ryzen 5 3500U with Radeon Vega Mobile Gfx  , 8 cores, 5G,  Windows 11 , 64 bit Build 22621 (10.0.22621.3085)
Time: Tue Mar 12 20:56:28 2024 Hora est. Pacífico, Sudamérica elapsed time: 1.176894 seconds (0d 0h 0m 1s)

---------------  T H R E A D  ---------------

Current thread (0x0000023df036a8f0):  JavaThread "main" [_thread_in_vm, id=22548, stack(0x000000be4b500000,0x000000be4b600000)]

Stack: [0x000000be4b500000,0x000000be4b600000]
Native frames: (J=compiled Java code, j=interpreted, Vv=VM code, C=native code)
V  [jvm.dll+0x67d2c9]
V  [jvm.dll+0x834afa]
V  [jvm.dll+0x8365be]
V  [jvm.dll+0x836c23]
V  [jvm.dll+0x2477ff]
V  [jvm.dll+0x8307bb]
V  [jvm.dll+0x621d16]
V  [jvm.dll+0x1c183e]
V  [jvm.dll+0x624671]
V  [jvm.dll+0x6226b6]
V  [jvm.dll+0x62c5a7]
V  [jvm.dll+0x1eb80b]
V  [jvm.dll+0x1ebd45]
V  [jvm.dll+0x1ec800]
V  [jvm.dll+0x1e1c01]
V  [jvm.dll+0x5427ce]
V  [jvm.dll+0x7aeb88]
V  [jvm.dll+0x7aec74]
V  [jvm.dll+0x4108f5]
V  [jvm.dll+0x416a79]
C  [java.dll+0x17ec]

Java frames: (J=compiled Java code, j=interpreted, Vv=VM code)
J 887  java.lang.ClassLoader.defineClass1(Ljava/lang/ClassLoader;Ljava/lang/String;[BIILjava/security/ProtectionDomain;Ljava/lang/String;)Ljava/lang/Class; java.base@17.0.10 (0 bytes) @ 0x0000023df4b59e5b [0x0000023df4b59da0+0x00000000000000bb]
J 883 c1 java.lang.ClassLoader.defineClass(Ljava/lang/String;[BIILjava/security/ProtectionDomain;)Ljava/lang/Class; java.base@17.0.10 (43 bytes) @ 0x0000023df4b5b45c [0x0000023df4b5b360+0x00000000000000fc]
J 787 c1 jdk.internal.loader.BuiltinClassLoader.defineClass(Ljava/lang/String;Ljdk/internal/loader/Resource;)Ljava/lang/Class; java.base@17.0.10 (121 bytes) @ 0x0000023df4b366c4 [0x0000023df4b36220+0x00000000000004a4]
J 786 c1 jdk.internal.loader.BuiltinClassLoader.findClassOnClassPathOrNull(Ljava/lang/String;)Ljava/lang/Class; java.base@17.0.10 (64 bytes) @ 0x0000023df4b35644 [0x0000023df4b353a0+0x00000000000002a4]
J 705 c1 jdk.internal.loader.BuiltinClassLoader.loadClassOrNull(Ljava/lang/String;Z)Ljava/lang/Class; java.base@17.0.10 (143 bytes) @ 0x0000023df4b0f944 [0x0000023df4b0f500+0x0000000000000444]
J 768 c1 jdk.internal.loader.ClassLoaders$AppClassLoader.loadClass(Ljava/lang/String;Z)Ljava/lang/Class; java.base@17.0.10 (40 bytes) @ 0x0000023df4b2ad24 [0x0000023df4b2abe0+0x0000000000000144]
J 767 c1 java.lang.ClassLoader.loadClass(Ljava/lang/String;)Ljava/lang/Class; java.base@17.0.10 (7 bytes) @ 0x0000023df4b2a164 [0x0000023df4b2a120+0x0000000000000044]
v  ~StubRoutines::call_stub
j  org.springframework.format.support.DefaultFormattingConversionService.addDefaultFormatters(Lorg/springframework/format/FormatterRegistry;)V+58
j  org.springframework.boot.convert.ApplicationConversionService.configure(Lorg/springframework/format/FormatterRegistry;)V+5
j  org.springframework.boot.convert.ApplicationConversionService.<init>(Lorg/springframework/util/StringValueResolver;Z)V+14
j  org.springframework.boot.convert.ApplicationConversionService.<init>(Lorg/springframework/util/StringValueResolver;)V+3
j  org.springframework.boot.convert.ApplicationConversionService.<init>()V+2
j  org.springframework.boot.SpringApplication.configureEnvironment(Lorg/springframework/core/env/ConfigurableEnvironment;[Ljava/lang/String;)V+12
j  org.springframework.boot.SpringApplication.prepareEnvironment(Lorg/springframework/boot/SpringApplicationRunListeners;Lorg/springframework/boot/DefaultBootstrapContext;Lorg/springframework/boot/ApplicationArguments;)Lorg/springframework/core/env/ConfigurableEnvironment;+15
j  org.springframework.boot.SpringApplication.run([Ljava/lang/String;)Lorg/springframework/context/ConfigurableApplicationContext;+62
j  org.springframework.boot.SpringApplication.run([Ljava/lang/Class;[Ljava/lang/String;)Lorg/springframework/context/ConfigurableApplicationContext;+9
j  org.springframework.boot.SpringApplication.run(Ljava/lang/Class;[Ljava/lang/String;)Lorg/springframework/context/ConfigurableApplicationContext;+9
j  org.springframework.ide.vscode.boot.app.BootLanguageServerBootApp.main([Ljava/lang/String;)V+19
v  ~StubRoutines::call_stub

Compiled method (n/a)    1190  887     n 0       java.lang.ClassLoader::defineClass1 (native)
 total in heap  [0x0000023df4b59c10,0x0000023df4b5a0e8] = 1240
 relocation     [0x0000023df4b59d68,0x0000023df4b59da0] = 56
 main code      [0x0000023df4b59da0,0x0000023df4b5a0e8] = 840

[Constant Pool (empty)]

[MachCode]
[Entry Point]
  # {method} {0x0000023d8001de78} 'defineClass1' '(Ljava/lang/ClassLoader;Ljava/lang/String;[BIILjava/security/ProtectionDomain;Ljava/lang/String;)Ljava/lang/Class;' in 'java/lang/ClassLoader'
  # parm0:    rdx:rdx   = 'java/lang/ClassLoader'
  # parm1:    r8:r8     = 'java/lang/String'
  # parm2:    r9:r9     = '[B'
  # parm3:    rdi       = int
  # parm4:    rsi       = int
  # parm5:    rcx:rcx   = 'java/security/ProtectionDomain'
  # parm6:    [sp+0xa0]   = 'java/lang/String'  (sp of caller)
  0x0000023df4b59da0: 448b 5208 | 49c1 e203 | 493b c20f | 8407 0000 

  0x0000023df4b59db0: ;   {runtime_call ic_miss_stub}
  0x0000023df4b59db0: 00e9 ca72 | cdff 6690 
[Verified Entry Point]
  0x0000023df4b59db8: 8984 2400 | 90ff ff55 | 488b ec48 | 81ec 9000 | 0000 4881 | 7d10 0000 | 0000 488d | 4510 480f 
  0x0000023df4b59dd8: 4445 1048 | 8944 2440 | 4889 4c24 | 7048 83f9 | 0048 8d44 | 2470 480f | 4444 2470 | 4889 4424 
  0x0000023df4b59df8: 3848 8974 | 2430 4889 | 7c24 284c | 894c 2458 | 4983 f900 | 488d 4424 | 5848 0f44 | 4424 5848 
  0x0000023df4b59e18: 8944 2420 | 4c89 4424 | 5049 83f8 | 004c 8d4c | 2450 4c0f | 444c 2450 | 4889 5424 | 4848 83fa 
  0x0000023df4b59e38: 004c 8d44 | 2448 4c0f | 4444 2448 

  0x0000023df4b59e44: ;   {oop(a 'java/lang/Class'{0x00000000c0b6e930} = 'java/lang/ClassLoader')}
  0x0000023df4b59e44: 49be 30e9 | b6c0 0000 | 0000 4c89 | 7424 784c | 8d74 2478 | 498b d6c5 

  0x0000023df4b59e5c: ;   {internal_word}
  0x0000023df4b59e5c: f877 49ba | 5b9e b5f4 | 3d02 0000 | 4d89 97a0 | 0200 0049 | 89a7 9802 

  0x0000023df4b59e74: ;   {external_word}
  0x0000023df4b59e74: 0000 49ba | 7935 2e29 | fa7f 0000 | 4180 3a00 | 0f84 5200 | 0000 5241 

  0x0000023df4b59e8c: ;   {metadata({method} {0x0000023d8001de78} 'defineClass1' '(Ljava/lang/ClassLoader;Ljava/lang/String;[BIILjava/security/ProtectionDomain;Ljava/lang/String;)Ljava/lang/Class;' in 'java/lang/ClassLoader')}
  0x0000023df4b59e8c: 5041 5148 | ba70 de01 | 803d 0200 | 0049 8bcf | 4883 ec20 | f7c4 0f00 | 0000 0f84 | 1a00 0000 
  0x0000023df4b59eac: 4883 ec08 

  0x0000023df4b59eb0: ;   {runtime_call}
  0x0000023df4b59eb0: 49ba 0030 | e428 fa7f | 0000 41ff | d248 83c4 | 08e9 0d00 

  0x0000023df4b59ec4: ;   {runtime_call}
  0x0000023df4b59ec4: 0000 49ba | 0030 e428 | fa7f 0000 | 41ff d248 | 83c4 2041 | 5941 585a | 498d 8fb8 | 0200 0041 
  0x0000023df4b59ee4: c787 4803 | 0000 0400 

  0x0000023df4b59eec: ;   {runtime_call}
  0x0000023df4b59eec: 0000 49ba | ac16 706d | fa7f 0000 | 41ff d2c5 | f877 41c7 | 8748 0300 | 0005 0000 | 00f0 8344 
  0x0000023df4b59f0c: 24c0 0049 | 3baf 5003 | 0000 0f87 | 1100 0000 | 4181 bf38 | 0300 0000 | 0000 000f | 842c 0000 
  0x0000023df4b59f2c: 00c5 f877 | 4889 45f8 | 498b cf4c | 8be4 4883 | ec20 4883 

  0x0000023df4b59f40: ;   {runtime_call}
  0x0000023df4b59f40: e4f0 49ba | 7044 f428 | fa7f 0000 | 41ff d249 | 8be4 4d33 | e448 8b45 | f841 c787 | 4803 0000 
  0x0000023df4b59f60: 0800 0000 | 4181 bfb8 | 0300 0002 | 0000 000f | 843f 0100 

  0x0000023df4b59f74: ;   {external_word}
  0x0000023df4b59f74: 0049 ba79 | 352e 29fa | 7f00 0041 | 803a 000f | 8450 0000 | 0048 8945 

  0x0000023df4b59f8c: ;   {metadata({method} {0x0000023d8001de78} 'defineClass1' '(Ljava/lang/ClassLoader;Ljava/lang/String;[BIILjava/security/ProtectionDomain;Ljava/lang/String;)Ljava/lang/Class;' in 'java/lang/ClassLoader')}
  0x0000023df4b59f8c: f848 ba70 | de01 803d | 0200 0049 | 8bcf 4883 | ec20 f7c4 | 0f00 0000 | 0f84 1a00 | 0000 4883 
  0x0000023df4b59fac: ;   {runtime_call}
  0x0000023df4b59fac: ec08 49ba | 0030 e428 | fa7f 0000 | 41ff d248 | 83c4 08e9 | 0d00 0000 

  0x0000023df4b59fc4: ;   {runtime_call}
  0x0000023df4b59fc4: 49ba 0030 | e428 fa7f | 0000 41ff | d248 83c4 | 2048 8b45 | f849 c787 | 9802 0000 | 0000 0000 
  0x0000023df4b59fe4: 49c7 87a0 | 0200 0000 | 0000 00c5 | f877 4885 | c00f 8493 | 0000 0048 | f7c0 0100 | 0000 0f84 
  0x0000023df4b5a004: 8300 0000 | 488b 40ff | 4180 7f38 | 000f 846f | 0000 0048 | 83f8 000f | 8465 0000 | 0049 8b4f 
  0x0000023df4b5a024: 2048 83f9 | 000f 8414 | 0000 0048 | 83e9 0849 | 894f 2049 | 034f 3048 | 8901 e943 | 0000 0050 
  0x0000023df4b5a044: 498b d748 | 8bc8 4883 | ec20 f7c4 | 0f00 0000 | 0f84 1a00 | 0000 4883 

  0x0000023df4b5a05c: ;   {runtime_call}
  0x0000023df4b5a05c: ec08 49ba | 6048 a328 | fa7f 0000 | 41ff d248 | 83c4 08e9 | 0d00 0000 

  0x0000023df4b5a074: ;   {runtime_call}
  0x0000023df4b5a074: 49ba 6048 | a328 fa7f | 0000 41ff | d248 83c4 | 2058 e903 | 0000 0048 | 8b00 498b | 8fd8 0000 
  0x0000023df4b5a094: 00c7 8100 | 0100 0000 | 0000 00c9 | 4981 7f08 | 0000 0000 | 0f85 0100 

  0x0000023df4b5a0ac: ;   {runtime_call StubRoutines (1)}
  0x0000023df4b5a0ac: 0000 c3e9 | 4c6e c8ff | c5f8 7748 | 8945 f84c | 8be4 4883 | ec20 4883 

  0x0000023df4b5a0c4: ;   {runtime_call}
  0x0000023df4b5a0c4: e4f0 49ba | 8060 e428 | fa7f 0000 | 41ff d249 | 8be4 4d33 | e448 8b45 | f8e9 93fe | ffff f4f4 
  0x0000023df4b5a0e4: f4f4 f4f4 
[/MachCode]


Compiled method (c1)    1202  883       1       java.lang.ClassLoader::defineClass (43 bytes)
 total in heap  [0x0000023df4b5b190,0x0000023df4b5b730] = 1440
 relocation     [0x0000023df4b5b2e8,0x0000023df4b5b348] = 96
 main code      [0x0000023df4b5b360,0x0000023df4b5b500] = 416
 stub code      [0x0000023df4b5b500,0x0000023df4b5b578] = 120
 metadata       [0x0000023df4b5b578,0x0000023df4b5b5a8] = 48
 scopes data    [0x0000023df4b5b5a8,0x0000023df4b5b660] = 184
 scopes pcs     [0x0000023df4b5b660,0x0000023df4b5b700] = 160
 dependencies   [0x0000023df4b5b700,0x0000023df4b5b708] = 8
 nul chk table  [0x0000023df4b5b708,0x0000023df4b5b730] = 40

[Constant Pool (empty)]

[MachCode]
[Entry Point]
  # {method} {0x0000023d8001dce8} 'defineClass' '(Ljava/lang/String;[BIILjava/security/ProtectionDomain;)Ljava/lang/Class;' in 'java/lang/ClassLoader'
  # this:     rdx:rdx   = 'java/lang/ClassLoader'
  # parm0:    r8:r8     = 'java/lang/String'
  # parm1:    r9:r9     = '[B'
  # parm2:    rdi       = int
  # parm3:    rsi       = int
  # parm4:    rcx:rcx   = 'java/security/ProtectionDomain'
  #           [sp+0xc0]  (sp of caller)
  0x0000023df4b5b360: 448b 5208 | 49c1 e203 

  0x0000023df4b5b368: ;   {runtime_call ic_miss_stub}
  0x0000023df4b5b368: 4c3b d00f | 850f 5dcd | ff0f 1f84 | 0000 0000 | 000f 1f80 | 0000 0000 
[Verified Entry Point]
  0x0000023df4b5b380: 8984 2400 | 90ff ff55 | 4881 ecb0 | 0000 0048 | 8954 2478 | 89b4 2494 | 0000 0089 | bc24 9000 
  0x0000023df4b5b3a0: 0000 4c89 | 8c24 8800 | 0000 498b | d84c 8bc3 | 4c8b c948 | 8bca 488b | d148 899c | 2480 0000 
  0x0000023df4b5b3c0: 0066 0f1f 

  0x0000023df4b5b3c4: ;   {optimized virtual_call}
  0x0000023df4b5b3c4: 4400 00e8 

  0x0000023df4b5b3c8: ; ImmutableOopMap {[120]=Oop [136]=Oop [128]=Oop }
                      ;*invokevirtual preDefineClass {reexecute=0 rethrow=0 return_oop=0}
                      ; - java.lang.ClassLoader::defineClass@4
  0x0000023df4b5b3c8: 7422 0000 | 4889 8424 | 9800 0000 

  0x0000023df4b5b3d4: ; implicit exception: dispatches to 0x0000023df4b5b49a
  0x0000023df4b5b3d4: 448b 4010 | 4983 f800 | 0f85 0f00 

  0x0000023df4b5b3e0: ;   {oop(NULL)}
  0x0000023df4b5b3e0: 0000 48bb | 0000 0000 | 0000 0000 | e936 0000 | 0045 8b40 | 0c49 83f8 | 000f 850f 

  0x0000023df4b5b3fc: ;   {oop(NULL)}
  0x0000023df4b5b3fc: 0000 0048 | bb00 0000 | 0000 0000 | 00e9 1900 | 0000 418b | 5038 483b 

  0x0000023df4b5b414: ;   {optimized virtual_call}
  0x0000023df4b5b414: 0266 90e8 

  0x0000023df4b5b418: ; ImmutableOopMap {[120]=Oop [136]=Oop [128]=Oop [152]=Oop }
                      ;*invokevirtual toExternalForm {reexecute=0 rethrow=0 return_oop=0}
                      ; - java.net.URL::toExternalForm@5
                      ; - java.net.URL::toString@1
                      ; - java.lang.ClassLoader::defineClassSourceLocation@22
                      ; - java.lang.ClassLoader::defineClass@12
  0x0000023df4b5b418: 84b8 f5ff | 488b d848 | 8b84 2498 | 0000 008b | b424 9400 | 0000 8bbc | 2490 0000 | 004c 8b8c 
  0x0000023df4b5b438: 2488 0000 | 004c 8b84 | 2480 0000 | 0048 8b54 | 2478 4c8b | da49 8bd3 | 488b c848 

  0x0000023df4b5b454: ;   {static_call}
  0x0000023df4b5b454: 891c 24e8 

  0x0000023df4b5b458: ; ImmutableOopMap {[152]=Oop [120]=Oop }
                      ;*invokestatic defineClass1 {reexecute=0 rethrow=0 return_oop=0}
                      ; - java.lang.ClassLoader::defineClass@27
  0x0000023df4b5b458: 5ce9 ffff | 4c8b c04c | 8b8c 2498 | 0000 0048 | 8b54 2478 | 4889 8424 | a000 0000 

  0x0000023df4b5b474: ;   {optimized virtual_call}
  0x0000023df4b5b474: 6666 90e8 

  0x0000023df4b5b478: ; ImmutableOopMap {[160]=Oop }
                      ;*invokevirtual postDefineClass {reexecute=0 rethrow=0 return_oop=0}
                      ; - java.lang.ClassLoader::defineClass@37
  0x0000023df4b5b478: 841c 0000 | 488b 8424 | a000 0000 | 4881 c4b0 | 0000 005d 

  0x0000023df4b5b48c: ;   {poll_return}
  0x0000023df4b5b48c: 493b a750 | 0300 000f | 8715 0000 

  0x0000023df4b5b498: ;   {runtime_call throw_null_pointer_exception Runtime1 stub}
  0x0000023df4b5b498: 00c3 e881 

  0x0000023df4b5b49c: ; ImmutableOopMap {[120]=Oop [136]=Oop [128]=Oop rax=Oop [152]=Oop }
                      ;*invokevirtual getCodeSource {reexecute=0 rethrow=0 return_oop=0}
                      ; - java.lang.ClassLoader::defineClassSourceLocation@1
                      ; - java.lang.ClassLoader::defineClass@12
                      ;   {runtime_call throw_null_pointer_exception Runtime1 stub}
  0x0000023df4b5b49c: 7cd7 ffe8 

  0x0000023df4b5b4a0: ; ImmutableOopMap {[120]=Oop [136]=Oop [128]=Oop rax=Oop [152]=Oop }
                      ;*invokevirtual getLocation {reexecute=0 rethrow=0 return_oop=0}
                      ; - java.lang.ClassLoader::defineClassSourceLocation@12
                      ; - java.lang.ClassLoader::defineClass@12
  0x0000023df4b5b4a0: 7c7c d7ff 

  0x0000023df4b5b4a4: ;   {runtime_call throw_null_pointer_exception Runtime1 stub}
  0x0000023df4b5b4a4: e877 7cd7 

  0x0000023df4b5b4a8: ; ImmutableOopMap {[120]=Oop [136]=Oop [128]=Oop [152]=Oop r8=Oop }
                      ;*invokevirtual toString {reexecute=0 rethrow=0 return_oop=0}
                      ; - java.lang.ClassLoader::defineClassSourceLocation@22
                      ; - java.lang.ClassLoader::defineClass@12
                      ;   {runtime_call throw_null_pointer_exception Runtime1 stub}
  0x0000023df4b5b4a8: ffe8 727c 

  0x0000023df4b5b4ac: ; ImmutableOopMap {[120]=Oop [136]=Oop [128]=Oop [152]=Oop r8=Oop rdx=Oop }
                      ;*invokevirtual toExternalForm {reexecute=0 rethrow=0 return_oop=0}
                      ; - java.net.URL::toExternalForm@5
                      ; - java.net.URL::toString@1
                      ; - java.lang.ClassLoader::defineClassSourceLocation@22
                      ; - java.lang.ClassLoader::defineClass@12
                      ;   {internal_word}
  0x0000023df4b5b4ac: d7ff 49ba | 8cb4 b5f4 | 3d02 0000 | 4d89 9768 

  0x0000023df4b5b4bc: ;   {runtime_call SafepointBlob}
  0x0000023df4b5b4bc: 0300 00e9 | 3cc5 cdff | 9090 498b | 87e0 0300 | 0049 c787 | e003 0000 | 0000 0000 | 49c7 87e8 
  0x0000023df4b5b4dc: 0300 0000 | 0000 0048 | 81c4 b000 

  0x0000023df4b5b4e8: ;   {runtime_call unwind_exception Runtime1 stub}
  0x0000023df4b5b4e8: 0000 5de9 | 106d d7ff | f4f4 f4f4 | f4f4 f4f4 | f4f4 f4f4 | f4f4 f4f4 
[Stub Code]
  0x0000023df4b5b500: ;   {no_reloc}
  0x0000023df4b5b500: 0f1f 4400 

  0x0000023df4b5b504: ;   {static_stub}
  0x0000023df4b5b504: 0048 bb00 | 0000 0000 

  0x0000023df4b5b50c: ;   {runtime_call}
  0x0000023df4b5b50c: 0000 00e9 | fbff ffff 

  0x0000023df4b5b514: ;   {static_stub}
  0x0000023df4b5b514: 9048 bb00 | 0000 0000 

  0x0000023df4b5b51c: ;   {runtime_call}
  0x0000023df4b5b51c: 0000 00e9 | fbff ffff 

  0x0000023df4b5b524: ;   {static_stub}
  0x0000023df4b5b524: 9048 bb00 | 0000 0000 

  0x0000023df4b5b52c: ;   {runtime_call}
  0x0000023df4b5b52c: 0000 00e9 | fbff ffff 

  0x0000023df4b5b534: ;   {static_stub}
  0x0000023df4b5b534: 9048 bb00 | 0000 0000 

  0x0000023df4b5b53c: ;   {runtime_call}
  0x0000023df4b5b53c: 0000 00e9 | fbff ffff 
[Exception Handler]
  0x0000023df4b5b544: ;   {runtime_call handle_exception_from_callee Runtime1 stub}
  0x0000023df4b5b544: e8b7 99d7 

  0x0000023df4b5b548: ;   {external_word}
  0x0000023df4b5b548: ff48 b940 | 9a08 29fa | 7f00 0048 

  0x0000023df4b5b554: ;   {runtime_call}
  0x0000023df4b5b554: 83e4 f049 | ba60 2dd1 | 28fa 7f00 | 0041 ffd2 

  0x0000023df4b5b564: ;   {section_word}
  0x0000023df4b5b564: f449 ba65 | b5b5 f43d | 0200 0041 

  0x0000023df4b5b570: ;   {runtime_call DeoptimizationBlob}
  0x0000023df4b5b570: 52e9 2ab7 | cdff f4f4 
[/MachCode]


Compiled method (c1)    1211  787       1       jdk.internal.loader.BuiltinClassLoader::defineClass (121 bytes)
 total in heap  [0x0000023df4b35f90,0x0000023df4b36de8] = 3672
 relocation     [0x0000023df4b360e8,0x0000023df4b36218] = 304
 main code      [0x0000023df4b36220,0x0000023df4b36820] = 1536
 stub code      [0x0000023df4b36820,0x0000023df4b36968] = 328
 metadata       [0x0000023df4b36968,0x0000023df4b369b0] = 72
 scopes data    [0x0000023df4b369b0,0x0000023df4b36c08] = 600
 scopes pcs     [0x0000023df4b36c08,0x0000023df4b36da8] = 416
 dependencies   [0x0000023df4b36da8,0x0000023df4b36db0] = 8
 handler table  [0x0000023df4b36db0,0x0000023df4b36dc8] = 24
 nul chk table  [0x0000023df4b36dc8,0x0000023df4b36de8] = 32

[Constant Pool (empty)]

[MachCode]
[Entry Point]
  # {method} {0x0000023d800c0980} 'defineClass' '(Ljava/lang/String;Ljdk/internal/loader/Resource;)Ljava/lang/Class;' in 'jdk/internal/loader/BuiltinClassLoader'
  # this:     rdx:rdx   = 'jdk/internal/loader/BuiltinClassLoader'
  # parm0:    r8:r8     = 'java/lang/String'
  # parm1:    r9:r9     = 'jdk/internal/loader/Resource'
  #           [sp+0x110]  (sp of caller)
  0x0000023df4b36220: 448b 5208 | 49c1 e203 

  0x0000023df4b36228: ;   {runtime_call ic_miss_stub}
  0x0000023df4b36228: 4c3b d00f | 854f aecf | ff0f 1f84 | 0000 0000 | 000f 1f80 | 0000 0000 
[Verified Entry Point]
  0x0000023df4b36240: 8984 2400 | 90ff ff55 | 4881 ec00 | 0100 0048 | 8994 24a0 | 0000 004c | 8984 2490 | 0000 004c 
  0x0000023df4b36260: 898c 2498 | 0000 0049 | 8bd1 6666 | 9048 b8e8 | 3101 0001 

  0x0000023df4b36274: ;   {virtual_call}
  0x0000023df4b36274: 0000 00e8 

  0x0000023df4b36278: ; ImmutableOopMap {[152]=Oop [160]=Oop [144]=Oop }
                      ;*invokevirtual getCodeSourceURL {reexecute=0 rethrow=0 return_oop=0}
                      ; - jdk.internal.loader.BuiltinClassLoader::defineClass@1
  0x0000023df4b36278: 24c8 0000 | 4889 8424 | a800 0000 | 4c8b 8424 | 9000 0000 

  0x0000023df4b3628c: ; implicit exception: dispatches to 0x0000023df4b36723
  0x0000023df4b3628c: 418b 7014 

  0x0000023df4b36290: ; implicit exception: dispatches to 0x0000023df4b36728
  0x0000023df4b36290: 8b56 0c45 | 0fbe 4810 | 498b c9c1 | e118 c1f9 | 18d3 fa48 | 8bfa ffcf | 4183 f900 | ba00 0000 
  0x0000023df4b362b0: 000f 8505 | 0000 00ba | 0100 0000 | 83e2 0183 | fa00 488b | d641 b82e | 0000 004c | 8bcf 0f84 
  0x0000023df4b362d0: 0d00 0000 

  0x0000023df4b362d4: ;   {static_call}
  0x0000023df4b362d4: 6666 90e8 

  0x0000023df4b362d8: ; ImmutableOopMap {[152]=Oop [160]=Oop [168]=Oop [144]=Oop }
                      ;*invokestatic lastIndexOf {reexecute=0 rethrow=0 return_oop=0}
                      ; - java.lang.String::lastIndexOf@13
                      ; - java.lang.String::lastIndexOf@8
                      ; - jdk.internal.loader.BuiltinClassLoader::defineClass@8
  0x0000023df4b362d8: 44fd daff | e90b 0000 | 0066 0f1f 

  0x0000023df4b362e4: ;   {static_call}
  0x0000023df4b362e4: 4400 00e8 

  0x0000023df4b362e8: ; ImmutableOopMap {[152]=Oop [160]=Oop [168]=Oop [144]=Oop }
                      ;*invokestatic lastIndexOf {reexecute=0 rethrow=0 return_oop=0}
                      ; - java.lang.String::lastIndexOf@25
                      ; - java.lang.String::lastIndexOf@8
                      ; - jdk.internal.loader.BuiltinClassLoader::defineClass@8
  0x0000023df4b362e8: 94b6 cfff | 83f8 ff0f | 8467 0000 | 0041 b800 | 0000 004c | 8bc8 488b | 9424 9000 

  0x0000023df4b36304: ;   {optimized virtual_call}
  0x0000023df4b36304: 0000 90e8 

  0x0000023df4b36308: ; ImmutableOopMap {[152]=Oop [160]=Oop [168]=Oop [144]=Oop }
                      ;*invokevirtual substring {reexecute=0 rethrow=0 return_oop=0}
                      ; - jdk.internal.loader.BuiltinClassLoader::defineClass@23
  0x0000023df4b36308: f455 efff | 488b 9424 | 9800 0000 | 4889 8424 | b000 0000 | 9048 b8e8 | 3101 0001 

  0x0000023df4b36324: ;   {virtual_call}
  0x0000023df4b36324: 0000 00e8 

  0x0000023df4b36328: ; ImmutableOopMap {[152]=Oop [160]=Oop [168]=Oop [144]=Oop [176]=Oop }
                      ;*invokevirtual getManifest {reexecute=0 rethrow=0 return_oop=0}
                      ; - jdk.internal.loader.BuiltinClassLoader::defineClass@29
  0x0000023df4b36328: d4d1 0000 | 4c8b 8424 | b000 0000 | 4c8b c848 | 8bbc 24a8 | 0000 0048 | 8b94 24a0 | 0000 0066 
  0x0000023df4b36348: 0f1f 4400 | 0048 b8f0 | 1405 0001 

  0x0000023df4b36354: ;   {virtual_call}
  0x0000023df4b36354: 0000 00e8 

  0x0000023df4b36358: ; ImmutableOopMap {[152]=Oop [160]=Oop [168]=Oop [144]=Oop }
                      ;*invokevirtual defineOrCheckPackage {reexecute=0 rethrow=0 return_oop=0}
                      ; - jdk.internal.loader.BuiltinClassLoader::defineClass@40
  0x0000023df4b36358: 44ec ffff | 4c8b 8c24 | 9800 0000 | 488d 9424 | e000 0000 | 4c89 4a08 | 498b 0148 | 83c8 0148 
  0x0000023df4b36378: 8902 f049 | 0fb1 110f | 8413 0000 | 0048 2bc4 | 4881 e007 | f0ff ff48 | 8902 0f85 | 9503 0000 
  0x0000023df4b36398: 418b 510c | 4883 fa00 | 0f85 4700 | 0000 498b | d10f 1f40 | 0048 b8e8 | 3101 0001 

  0x0000023df4b363b4: ;   {virtual_call}
  0x0000023df4b363b4: 0000 00e8 

  0x0000023df4b363b8: ; ImmutableOopMap {[160]=Oop [168]=Oop [144]=Oop [152]=Oop [232]=Oop }
                      ;*invokevirtual getInputStream {reexecute=0 rethrow=0 return_oop=0}
                      ; - jdk.internal.loader.Resource::cachedInputStream@9
                      ; - jdk.internal.loader.Resource::getByteBuffer@1
                      ; - jdk.internal.loader.BuiltinClassLoader::defineClass@45
  0x0000023df4b363b8: e4d7 0000 | 410f be57 | 3883 fa00 | 4c8b 8c24 | 9800 0000 | 0f85 6e03 | 0000 4c8b | d045 8951 
  0x0000023df4b363d8: 0c49 8bd1 | 4833 d048 | c1ea 1448 | 83fa 000f | 856f 0300 | 0041 8b51 | 0c48 8d84 | 24e0 0000 
  0x0000023df4b363f8: 0048 8b30 | 4885 f60f | 840f 0000 | 0048 8b78 | 08f0 480f | b137 0f85 | 6003 0000 | 4883 fa00 
  0x0000023df4b36418: 0f84 3b00 

  0x0000023df4b3641c: ;   {metadata('sun/nio/ByteBuffered')}
  0x0000023df4b3641c: 0000 48b8 | c0b7 0200 | 0100 0000 | 8b5a 0848 | c1e3 0348 | 3b43 200f | 8425 0000 | 0048 3bd8 
  0x0000023df4b3643c: 0f84 1c00 | 0000 5350 

  0x0000023df4b36444: ;   {runtime_call slow_subtype_check Runtime1 stub}
  0x0000023df4b36444: e8b7 f6d9 | ff5b 5b83 | fb00 0f84 | 0500 0000 | e905 0000 | 0048 33f6 | eb0a 48be | 0100 0000 
  0x0000023df4b36464: 0000 0000 | 83fe 000f | 8460 0000 | 0048 83fa | 000f 843b 

  0x0000023df4b36478: ;   {metadata('sun/nio/ByteBuffered')}
  0x0000023df4b36478: 0000 0048 | bbc0 b702 | 0001 0000 | 008b 7a08 | 48c1 e703 | 483b 5f20 | 0f84 2000 | 0000 483b 
  0x0000023df4b36498: fb0f 8417 | 0000 0057 

  0x0000023df4b364a0: ;   {runtime_call slow_subtype_check Runtime1 stub}
  0x0000023df4b364a0: 53e8 5af6 | d9ff 5f5f | 83ff 000f | 84d9 0200 | 00e9 0000 | 0000 0f1f | 8000 0000 | 0048 b8ff 
  0x0000023df4b364c0: ffff ffff 

  0x0000023df4b364c4: ;   {virtual_call}
  0x0000023df4b364c4: ffff ffe8 

  0x0000023df4b364c8: ; ImmutableOopMap {[160]=Oop [168]=Oop [144]=Oop [152]=Oop }
                      ;*invokeinterface getByteBuffer {reexecute=0 rethrow=0 return_oop=0}
                      ; - jdk.internal.loader.Resource::getByteBuffer@16
                      ; - jdk.internal.loader.BuiltinClassLoader::defineClass@45
  0x0000023df4b364c8: b4b1 cfff | e90a 0000 

  0x0000023df4b364d0: ;   {oop(NULL)}
  0x0000023df4b364d0: 0048 b800 | 0000 0000 | 0000 0048 | 83f8 000f | 84dd 0000 | 0048 8984 | 24b8 0000 | 0048 8b94 
  0x0000023df4b364f0: 2498 0000 | 0048 b8ff | ffff ffff 

  0x0000023df4b364fc: ;   {virtual_call}
  0x0000023df4b364fc: ffff ffe8 

  0x0000023df4b36500: ; ImmutableOopMap {[160]=Oop [168]=Oop [144]=Oop [184]=Oop }
                      ;*invokevirtual getCodeSigners {reexecute=0 rethrow=0 return_oop=0}
                      ; - jdk.internal.loader.BuiltinClassLoader::defineClass@56
  0x0000023df4b36500: 7cb1 cfff 

  0x0000023df4b36504: ;   {metadata('java/security/CodeSource')}
  0x0000023df4b36504: 4c8b c848 | ba68 1b05 | 0001 0000 | 0049 8b87 | 0801 0000 | 488d 7828 | 493b bf18 | 0100 000f 
  0x0000023df4b36524: 876a 0200 | 0049 89bf | 0801 0000 | 48c7 0001 | 0000 0048 | 8bca 48c1 | e903 8948 | 0848 33c9 
  0x0000023df4b36544: 8948 0c48 | 33c9 4889 | 4810 4889 | 4818 4889 | 4820 4c8b | 8424 a800 | 0000 488b | d048 8984 
  0x0000023df4b36564: 24c0 0000 | 0066 0f1f 

  0x0000023df4b3656c: ;   {optimized virtual_call}
  0x0000023df4b3656c: 4400 00e8 

  0x0000023df4b36570: ; ImmutableOopMap {[160]=Oop [144]=Oop [184]=Oop [192]=Oop }
                      ;*invokespecial <init> {reexecute=0 rethrow=0 return_oop=0}
                      ; - jdk.internal.loader.BuiltinClassLoader::defineClass@68
  0x0000023df4b36570: 0cae cfff | 4c8b 8424 | c000 0000 | 488b 9424 | a000 0000 

  0x0000023df4b36584: ;   {optimized virtual_call}
  0x0000023df4b36584: 6666 90e8 

  0x0000023df4b36588: ; ImmutableOopMap {[160]=Oop [144]=Oop [184]=Oop }
                      ;*invokevirtual getProtectionDomain {reexecute=0 rethrow=0 return_oop=0}
                      ; - java.security.SecureClassLoader::defineClass@5
                      ; - jdk.internal.loader.BuiltinClassLoader::defineClass@79
  0x0000023df4b36588: f4ad cfff | 4c8b 8424 | 9000 0000 | 4c8b 8c24 | b800 0000 | 488b f848 | 8b94 24a0 

  0x0000023df4b365a4: ;   {optimized virtual_call}
  0x0000023df4b365a4: 0000 00e8 

  0x0000023df4b365a8: ; ImmutableOopMap {}
                      ;*invokevirtual defineClass {reexecute=0 rethrow=0 return_oop=0}
                      ; - java.security.SecureClassLoader::defineClass@8
                      ; - jdk.internal.loader.BuiltinClassLoader::defineClass@79
  0x0000023df4b365a8: d4ad cfff | 4881 c400 | 0100 005d 

  0x0000023df4b365b4: ;   {poll_return}
  0x0000023df4b365b4: 493b a750 | 0300 000f | 87df 0100 | 00c3 4c8b | 8c24 9800 | 0000 498b | d148 b8e8 | 3101 0001 
  0x0000023df4b365d4: ;   {virtual_call}
  0x0000023df4b365d4: 0000 00e8 

  0x0000023df4b365d8: ; ImmutableOopMap {[160]=Oop [144]=Oop [152]=Oop [168]=Oop }
                      ;*invokevirtual getBytes {reexecute=0 rethrow=0 return_oop=0}
                      ; - jdk.internal.loader.BuiltinClassLoader::defineClass@84
  0x0000023df4b365d8: 84d9 0000 | 4889 8424 | c800 0000 | 488b 9424 | 9800 0000 | 9048 b880 | dc19 fe3d 

  0x0000023df4b365f4: ;   {virtual_call}
  0x0000023df4b365f4: 0200 00e8 

  0x0000023df4b365f8: ; ImmutableOopMap {[160]=Oop [144]=Oop [168]=Oop [200]=Oop }
                      ;*invokevirtual getCodeSigners {reexecute=0 rethrow=0 return_oop=0}
                      ; - jdk.internal.loader.BuiltinClassLoader::defineClass@90
  0x0000023df4b365f8: e476 cfff 

  0x0000023df4b365fc: ;   {metadata('java/security/CodeSource')}
  0x0000023df4b365fc: 4c8b c848 | ba68 1b05 | 0001 0000 | 0049 8b87 | 0801 0000 | 488d 7828 | 493b bf18 | 0100 000f 
  0x0000023df4b3661c: 8795 0100 | 0049 89bf | 0801 0000 | 48c7 0001 | 0000 0048 | 8bca 48c1 | e903 8948 | 0848 33c9 
  0x0000023df4b3663c: 8948 0c48 | 33c9 4889 | 4810 4889 | 4818 4889 | 4820 4c8b | 8424 a800 | 0000 488b | d048 8984 
  0x0000023df4b3665c: 24d0 0000 | 0066 0f1f 

  0x0000023df4b36664: ;   {optimized virtual_call}
  0x0000023df4b36664: 4400 00e8 

  0x0000023df4b36668: ; ImmutableOopMap {[160]=Oop [144]=Oop [200]=Oop [208]=Oop }
                      ;*invokespecial <init> {reexecute=0 rethrow=0 return_oop=0}
                      ; - jdk.internal.loader.BuiltinClassLoader::defineClass@102
  0x0000023df4b36668: f447 0000 | 488b 8424 | c800 0000 

  0x0000023df4b36674: ; implicit exception: dispatches to 0x0000023df4b367c3
  0x0000023df4b36674: 8b70 0c4c | 8b84 24d0 | 0000 0048 | 8b94 24a0 | 0000 0089 | b424 d800 

  0x0000023df4b3668c: ;   {optimized virtual_call}
  0x0000023df4b3668c: 0000 90e8 

  0x0000023df4b36690: ; ImmutableOopMap {[160]=Oop [144]=Oop [200]=Oop }
                      ;*invokevirtual getProtectionDomain {reexecute=0 rethrow=0 return_oop=0}
                      ; - java.security.SecureClassLoader::defineClass@9
                      ; - jdk.internal.loader.BuiltinClassLoader::defineClass@117
  0x0000023df4b36690: cc42 0200 | 4c8b 8424 | 9000 0000 | 4c8b 8c24 | c800 0000 | bf00 0000 | 008b b424 | d800 0000 
  0x0000023df4b366b0: 488b c848 | 8b94 24a0 | 0000 000f 

  0x0000023df4b366bc: ;   {optimized virtual_call}
  0x0000023df4b366bc: 1f40 00e8 

  0x0000023df4b366c0: ; ImmutableOopMap {}
                      ;*invokevirtual defineClass {reexecute=0 rethrow=0 return_oop=0}
                      ; - java.security.SecureClassLoader::defineClass@12
                      ; - jdk.internal.loader.BuiltinClassLoader::defineClass@117
  0x0000023df4b366c0: bc4c 0200 | 4881 c400 | 0100 005d 

  0x0000023df4b366cc: ;   {poll_return}
  0x0000023df4b366cc: 493b a750 | 0300 000f | 87ef 0000 | 00c3 498b | 87e0 0300 | 004d 33d2 | 4d89 97e0 | 0300 004d 
  0x0000023df4b366ec: 33d2 4d89 | 97e8 0300 | 0048 8bf0 | 488d 8424 | e000 0000 | 488b 3848 | 85ff 0f84 | 0f00 0000 
  0x0000023df4b3670c: 488b 5808 | f048 0fb1 | 3b0f 85c3 | 0000 0048 | 8bc6 e9f0 

  0x0000023df4b36720: ;   {runtime_call throw_null_pointer_exception Runtime1 stub}
  0x0000023df4b36720: 0000 00e8 

  0x0000023df4b36724: ; ImmutableOopMap {[152]=Oop [160]=Oop rax=Oop [168]=Oop r8=Oop [144]=Oop }
                      ;*invokevirtual lastIndexOf {reexecute=0 rethrow=0 return_oop=0}
                      ; - jdk.internal.loader.BuiltinClassLoader::defineClass@8
  0x0000023df4b36724: f8c9 d9ff 

  0x0000023df4b36728: ;   {runtime_call throw_null_pointer_exception Runtime1 stub}
  0x0000023df4b36728: e8f3 c9d9 

  0x0000023df4b3672c: ; ImmutableOopMap {[152]=Oop [160]=Oop rax=Oop [168]=Oop r8=Oop [144]=Oop rsi=Oop }
                      ;*arraylength {reexecute=0 rethrow=0 return_oop=0}
                      ; - java.lang.String::length@4
                      ; - java.lang.String::lastIndexOf@3
                      ; - jdk.internal.loader.BuiltinClassLoader::defineClass@8
  0x0000023df4b3672c: ff4c 894c | 2408 4889 

  0x0000023df4b36734: ;   {runtime_call monitorenter_nofpu Runtime1 stub}
  0x0000023df4b36734: 1424 e8c5 

  0x0000023df4b36738: ; ImmutableOopMap {[160]=Oop [168]=Oop [144]=Oop r9=Oop [152]=Oop [232]=Oop }
                      ;*synchronization entry
                      ; - jdk.internal.loader.Resource::cachedInputStream@-1
                      ; - jdk.internal.loader.Resource::getByteBuffer@1
                      ; - jdk.internal.loader.BuiltinClassLoader::defineClass@45
  0x0000023df4b36738: f9d9 ffe9 | 58fc ffff | 418b 510c | 4883 fa00 | 0f84 84fc | ffff 4889 

  0x0000023df4b36750: ;   {runtime_call g1_pre_barrier_slow}
  0x0000023df4b36750: 1424 e8a9 | 20da ffe9 | 76fc ffff | 4883 f800 | 0f84 87fc | ffff 4c89 

  0x0000023df4b36768: ;   {runtime_call g1_post_barrier_slow}
  0x0000023df4b36768: 0c24 e891 | 23da ffe9 | 79fc ffff | 488d 8424 | e000 0000 | 4889 0424 

  0x0000023df4b36780: ;   {runtime_call monitorexit_nofpu Runtime1 stub}
  0x0000023df4b36780: e87b ffd9 | ffe9 8afc | ffff 4889 

  0x0000023df4b3678c: ;   {runtime_call throw_class_cast_exception Runtime1 stub}
  0x0000023df4b3678c: 1424 e88d 

  0x0000023df4b36790: ; ImmutableOopMap {[160]=Oop [168]=Oop [144]=Oop [152]=Oop }
                      ;*checkcast {reexecute=0 rethrow=0 return_oop=0}
                      ; - jdk.internal.loader.Resource::getByteBuffer@13
                      ; - jdk.internal.loader.BuiltinClassLoader::defineClass@45
  0x0000023df4b36790: edd9 ff48 

  0x0000023df4b36794: ;   {runtime_call fast_new_instance Runtime1 stub}
  0x0000023df4b36794: 8bd2 e865 

  0x0000023df4b36798: ; ImmutableOopMap {[160]=Oop [168]=Oop [144]=Oop [184]=Oop r9=Oop }
                      ;*new {reexecute=0 rethrow=0 return_oop=0}
                      ; - jdk.internal.loader.BuiltinClassLoader::defineClass@61
  0x0000023df4b36798: d2d9 ffe9 | b6fd ffff 

  0x0000023df4b367a0: ;   {internal_word}
  0x0000023df4b367a0: 49ba b465 | b3f4 3d02 | 0000 4d89 | 9768 0300 

  0x0000023df4b367b0: ;   {runtime_call SafepointBlob}
  0x0000023df4b367b0: 00e9 4a12 | d0ff 488b 

  0x0000023df4b367b8: ;   {runtime_call fast_new_instance Runtime1 stub}
  0x0000023df4b367b8: d2e8 42d2 

  0x0000023df4b367bc: ; ImmutableOopMap {[160]=Oop [144]=Oop [168]=Oop [200]=Oop r9=Oop }
                      ;*new {reexecute=0 rethrow=0 return_oop=0}
                      ; - jdk.internal.loader.BuiltinClassLoader::defineClass@95
  0x0000023df4b367bc: d9ff e98b 

  0x0000023df4b367c0: ;   {runtime_call throw_null_pointer_exception Runtime1 stub}
  0x0000023df4b367c0: feff ffe8 

  0x0000023df4b367c4: ; ImmutableOopMap {[160]=Oop [144]=Oop [208]=Oop rax=Oop [200]=Oop }
                      ;*arraylength {reexecute=0 rethrow=0 return_oop=0}
                      ; - jdk.internal.loader.BuiltinClassLoader::defineClass@114
  0x0000023df4b367c4: 58c9 d9ff 

  0x0000023df4b367c8: ;   {internal_word}
  0x0000023df4b367c8: 49ba cc66 | b3f4 3d02 | 0000 4d89 | 9768 0300 

  0x0000023df4b367d8: ;   {runtime_call SafepointBlob}
  0x0000023df4b367d8: 00e9 2212 | d0ff 488d | 8424 e000 | 0000 4889 

  0x0000023df4b367e8: ;   {runtime_call monitorexit_nofpu Runtime1 stub}
  0x0000023df4b367e8: 0424 e811 | ffd9 ffe9 | 27ff ffff | 9090 498b | 87e0 0300 | 0049 c787 | e003 0000 | 0000 0000 
  0x0000023df4b36808: 49c7 87e8 | 0300 0000 | 0000 0048 | 81c4 0001 

  0x0000023df4b36818: ;   {runtime_call unwind_exception Runtime1 stub}
  0x0000023df4b36818: 0000 5de9 | e0b9 d9ff 
[Stub Code]
  0x0000023df4b36820: ;   {no_reloc}
  0x0000023df4b36820: 0f1f 4400 

  0x0000023df4b36824: ;   {static_stub}
  0x0000023df4b36824: 0048 bb00 | 0000 0000 

  0x0000023df4b3682c: ;   {runtime_call}
  0x0000023df4b3682c: 0000 00e9 | fbff ffff 

  0x0000023df4b36834: ;   {static_stub}
  0x0000023df4b36834: 9048 bb00 | 0000 0000 

  0x0000023df4b3683c: ;   {runtime_call}
  0x0000023df4b3683c: 0000 00e9 | fbff ffff 

  0x0000023df4b36844: ;   {static_stub}
  0x0000023df4b36844: 9048 bb00 | 0000 0000 

  0x0000023df4b3684c: ;   {runtime_call}
  0x0000023df4b3684c: 0000 00e9 | fbff ffff 

  0x0000023df4b36854: ;   {static_stub}
  0x0000023df4b36854: 9048 bb00 | 0000 0000 

  0x0000023df4b3685c: ;   {runtime_call}
  0x0000023df4b3685c: 0000 00e9 | fbff ffff 

  0x0000023df4b36864: ;   {static_stub}
  0x0000023df4b36864: 9048 bb00 | 0000 0000 

  0x0000023df4b3686c: ;   {runtime_call}
  0x0000023df4b3686c: 0000 00e9 | fbff ffff 

  0x0000023df4b36874: ;   {static_stub}
  0x0000023df4b36874: 9048 bb00 | 0000 0000 

  0x0000023df4b3687c: ;   {runtime_call}
  0x0000023df4b3687c: 0000 00e9 | fbff ffff 

  0x0000023df4b36884: ;   {static_stub}
  0x0000023df4b36884: 9048 bb00 | 0000 0000 

  0x0000023df4b3688c: ;   {runtime_call}
  0x0000023df4b3688c: 0000 00e9 | fbff ffff 

  0x0000023df4b36894: ;   {static_stub}
  0x0000023df4b36894: 9048 bb00 | 0000 0000 

  0x0000023df4b3689c: ;   {runtime_call}
  0x0000023df4b3689c: 0000 00e9 | fbff ffff 

  0x0000023df4b368a4: ;   {static_stub}
  0x0000023df4b368a4: 9048 bb00 | 0000 0000 

  0x0000023df4b368ac: ;   {runtime_call}
  0x0000023df4b368ac: 0000 00e9 | fbff ffff 

  0x0000023df4b368b4: ;   {static_stub}
  0x0000023df4b368b4: 9048 bb00 | 0000 0000 

  0x0000023df4b368bc: ;   {runtime_call}
  0x0000023df4b368bc: 0000 00e9 | fbff ffff 

  0x0000023df4b368c4: ;   {static_stub}
  0x0000023df4b368c4: 9048 bb00 | 0000 0000 

  0x0000023df4b368cc: ;   {runtime_call}
  0x0000023df4b368cc: 0000 00e9 | fbff ffff 

  0x0000023df4b368d4: ;   {static_stub}
  0x0000023df4b368d4: 9048 bb00 | 0000 0000 

  0x0000023df4b368dc: ;   {runtime_call}
  0x0000023df4b368dc: 0000 00e9 | fbff ffff 

  0x0000023df4b368e4: ;   {static_stub}
  0x0000023df4b368e4: 9048 bb00 | 0000 0000 

  0x0000023df4b368ec: ;   {runtime_call}
  0x0000023df4b368ec: 0000 00e9 | fbff ffff 

  0x0000023df4b368f4: ;   {static_stub}
  0x0000023df4b368f4: 9048 bb00 | 0000 0000 

  0x0000023df4b368fc: ;   {runtime_call}
  0x0000023df4b368fc: 0000 00e9 | fbff ffff 

  0x0000023df4b36904: ;   {static_stub}
  0x0000023df4b36904: 9048 bb00 | 0000 0000 

  0x0000023df4b3690c: ;   {runtime_call}
  0x0000023df4b3690c: 0000 00e9 | fbff ffff 

  0x0000023df4b36914: ;   {static_stub}
  0x0000023df4b36914: 9048 bbb8 | 1e03 803d 

  0x0000023df4b3691c: ;   {runtime_call I2C/C2I adapters}
  0x0000023df4b3691c: 0200 00e9 | 30fd cfff 

  0x0000023df4b36924: ;   {static_stub}
  0x0000023df4b36924: 9048 bbe0 | dc01 803d 

  0x0000023df4b3692c: ;   {runtime_call I2C/C2I adapters}
  0x0000023df4b3692c: 0200 00e9 | ae0d cfff 
[Exception Handler]
  0x0000023df4b36934: ;   {runtime_call handle_exception_from_callee Runtime1 stub}
  0x0000023df4b36934: e8c7 e5d9 

  0x0000023df4b36938: ;   {external_word}
  0x0000023df4b36938: ff48 b940 | 9a08 29fa | 7f00 0048 

  0x0000023df4b36944: ;   {runtime_call}
  0x0000023df4b36944: 83e4 f049 | ba60 2dd1 | 28fa 7f00 | 0041 ffd2 

  0x0000023df4b36954: ;   {section_word}
  0x0000023df4b36954: f449 ba55 | 69b3 f43d | 0200 0041 

  0x0000023df4b36960: ;   {runtime_call DeoptimizationBlob}
  0x0000023df4b36960: 52e9 3a03 | d0ff f4f4 
[/MachCode]


---------------  P R O C E S S  ---------------

Threads class SMR info:
_java_thread_list=0x0000023dfd4d4f60, length=13, elements={
0x0000023df036a8f0, 0x0000023dfd161380, 0x0000023dfd161f10, 0x0000023dfd2ea010,
0x0000023dfd2ea8e0, 0x0000023dfd2eb1b0, 0x0000023dfd2eda90, 0x0000023dfd2ee360,
0x0000023dfd2f6c80, 0x0000023dfd4e8120, 0x0000023dfd4eea60, 0x0000023dfd4fd9a0,
0x0000023dfd50cc40
}

Java Threads: ( => current thread )
=>0x0000023df036a8f0 JavaThread "main" [_thread_in_vm, id=22548, stack(0x000000be4b500000,0x000000be4b600000)]
  0x0000023dfd161380 JavaThread "Reference Handler" daemon [_thread_blocked, id=6168, stack(0x000000be4bc00000,0x000000be4bd00000)]
  0x0000023dfd161f10 JavaThread "Finalizer" daemon [_thread_blocked, id=31004, stack(0x000000be4bd00000,0x000000be4be00000)]
  0x0000023dfd2ea010 JavaThread "Signal Dispatcher" daemon [_thread_blocked, id=18632, stack(0x000000be4be00000,0x000000be4bf00000)]
  0x0000023dfd2ea8e0 JavaThread "Attach Listener" daemon [_thread_blocked, id=5036, stack(0x000000be4bf00000,0x000000be4c000000)]
  0x0000023dfd2eb1b0 JavaThread "Service Thread" daemon [_thread_blocked, id=12972, stack(0x000000be4c000000,0x000000be4c100000)]
  0x0000023dfd2eda90 JavaThread "Monitor Deflation Thread" daemon [_thread_blocked, id=18620, stack(0x000000be4c100000,0x000000be4c200000)]
  0x0000023dfd2ee360 JavaThread "C1 CompilerThread0" daemon [_thread_blocked, id=29684, stack(0x000000be4c200000,0x000000be4c300000)]
  0x0000023dfd2f6c80 JavaThread "Sweeper thread" daemon [_thread_blocked, id=19252, stack(0x000000be4c300000,0x000000be4c400000)]
  0x0000023dfd4e8120 JavaThread "C1 CompilerThread1" daemon [_thread_blocked, id=21260, stack(0x000000be4c400000,0x000000be4c500000)]
  0x0000023dfd4eea60 JavaThread "C1 CompilerThread2" daemon [_thread_blocked, id=12192, stack(0x000000be4c500000,0x000000be4c600000)]
  0x0000023dfd4fd9a0 JavaThread "Notification Thread" daemon [_thread_blocked, id=21344, stack(0x000000be4c600000,0x000000be4c700000)]
  0x0000023dfd50cc40 JavaThread "Common-Cleaner" daemon [_thread_blocked, id=22360, stack(0x000000be4c800000,0x000000be4c900000)]

Other Threads:
  0x0000023dfd14cdb0 VMThread "VM Thread" [stack: 0x000000be4bb00000,0x000000be4bc00000] [id=5684]
  0x0000023dfd502eb0 WatcherThread [stack: 0x000000be4c700000,0x000000be4c800000] [id=30340]
  0x0000023df03a7f80 GCTaskThread "GC Thread#0" [stack: 0x000000be4b600000,0x000000be4b700000] [id=4240]
  0x0000023dfdecec80 GCTaskThread "GC Thread#1" [stack: 0x000000be4c900000,0x000000be4ca00000] [id=7564]
  0x0000023dfe1c47c0 GCTaskThread "GC Thread#2" [stack: 0x000000be4ca00000,0x000000be4cb00000] [id=1728]
  0x0000023dfe1c4a80 GCTaskThread "GC Thread#3" [stack: 0x000000be4cb00000,0x000000be4cc00000] [id=30152]
  0x0000023df03b25f0 ConcurrentGCThread "G1 Main Marker" [stack: 0x000000be4b700000,0x000000be4b800000] [id=14896]
  0x0000023df03b3ec0 ConcurrentGCThread "G1 Conc#0" [stack: 0x000000be4b800000,0x000000be4b900000] [id=8304]
  0x0000023df03f8570 ConcurrentGCThread "G1 Refine#0" [stack: 0x000000be4b900000,0x000000be4ba00000] [id=23172]
  0x0000023df03f8ea0 ConcurrentGCThread "G1 Service" [stack: 0x000000be4ba00000,0x000000be4bb00000] [id=31732]

Threads with active compile tasks:

VM state: not at safepoint (normal execution)

VM Mutex/Monitor currently owned by a thread:  ([mutex/lock_event])
[0x0000023df00b83f0] Metaspace_lock - owner thread: 0x0000023df036a8f0

Heap address: 0x00000000c0000000, size: 1024 MB, Compressed Oops mode: 32-bit

CDS archive(s) not mapped
Compressed class space mapped at: 0x0000000100000000-0x0000000140000000, reserved size: 1073741824
Narrow klass base: 0x0000000000000000, Narrow klass shift: 3, Narrow klass range: 0x140000000

GC Precious Log:
 CPUs: 8 total, 8 available
 Memory: 6020M
 Large Page Support: Disabled
 NUMA Support: Disabled
 Compressed Oops: Enabled (32-bit)
 Heap Region Size: 1M
 Heap Min Capacity: 8M
 Heap Initial Capacity: 96M
 Heap Max Capacity: 1G
 Pre-touch: Disabled
 Parallel Workers: 8
 Concurrent Workers: 2
 Concurrent Refinement Workers: 8
 Periodic GC: Disabled

Heap:
 garbage-first heap   total 98304K, used 33824K [0x00000000c0000000, 0x0000000100000000)
  region size 1024K, 22 young (22528K), 3 survivors (3072K)
 Metaspace       used 13191K, committed 13376K, reserved 1114112K
  class space    used 1619K, committed 1728K, reserved 1048576K

Heap Regions: E=young(eden), S=young(survivor), O=old, HS=humongous(starts), HC=humongous(continues), CS=collection set, F=free, OA=open archive, CA=closed archive, TAMS=top-at-mark-start (previous, next)
|   0|0x00000000c0000000, 0x00000000c0100000, 0x00000000c0100000|100%|HS|  |TAMS 0x00000000c0000000, 0x00000000c0000000| Complete 
|   1|0x00000000c0100000, 0x00000000c0200000, 0x00000000c0200000|100%|HC|  |TAMS 0x00000000c0100000, 0x00000000c0100000| Complete 
|   2|0x00000000c0200000, 0x00000000c0300000, 0x00000000c0300000|100%|HC|  |TAMS 0x00000000c0200000, 0x00000000c0200000| Complete 
|   3|0x00000000c0300000, 0x00000000c0400000, 0x00000000c0400000|100%|HC|  |TAMS 0x00000000c0300000, 0x00000000c0300000| Complete 
|   4|0x00000000c0400000, 0x00000000c0500000, 0x00000000c0500000|100%|HS|  |TAMS 0x00000000c0400000, 0x00000000c0400000| Complete 
|   5|0x00000000c0500000, 0x00000000c0600000, 0x00000000c0600000|100%|HC|  |TAMS 0x00000000c0500000, 0x00000000c0500000| Complete 
|   6|0x00000000c0600000, 0x00000000c0700000, 0x00000000c0700000|100%| O|  |TAMS 0x00000000c0600000, 0x00000000c0600000| Untracked 
|   7|0x00000000c0700000, 0x00000000c0800000, 0x00000000c0800000|100%| O|  |TAMS 0x00000000c0700000, 0x00000000c0700000| Untracked 
|   8|0x00000000c0800000, 0x00000000c0900000, 0x00000000c0900000|100%| O|  |TAMS 0x00000000c0800000, 0x00000000c0800000| Untracked 
|   9|0x00000000c0900000, 0x00000000c0a00000, 0x00000000c0a00000|100%| O|  |TAMS 0x00000000c0900000, 0x00000000c0900000| Untracked 
|  10|0x00000000c0a00000, 0x00000000c0b00000, 0x00000000c0b00000|100%| O|  |TAMS 0x00000000c0a00000, 0x00000000c0a00000| Untracked 
|  11|0x00000000c0b00000, 0x00000000c0c00000, 0x00000000c0c00000|100%| O|  |TAMS 0x00000000c0b00000, 0x00000000c0b00000| Untracked 
|  12|0x00000000c0c00000, 0x00000000c0c08000, 0x00000000c0d00000|  3%| O|  |TAMS 0x00000000c0c00000, 0x00000000c0c00000| Untracked 
|  13|0x00000000c0d00000, 0x00000000c0d00000, 0x00000000c0e00000|  0%| F|  |TAMS 0x00000000c0d00000, 0x00000000c0d00000| Untracked 
|  14|0x00000000c0e00000, 0x00000000c0e00000, 0x00000000c0f00000|  0%| F|  |TAMS 0x00000000c0e00000, 0x00000000c0e00000| Untracked 
|  15|0x00000000c0f00000, 0x00000000c0f00000, 0x00000000c1000000|  0%| F|  |TAMS 0x00000000c0f00000, 0x00000000c0f00000| Untracked 
|  16|0x00000000c1000000, 0x00000000c1000000, 0x00000000c1100000|  0%| F|  |TAMS 0x00000000c1000000, 0x00000000c1000000| Untracked 
|  17|0x00000000c1100000, 0x00000000c1100000, 0x00000000c1200000|  0%| F|  |TAMS 0x00000000c1100000, 0x00000000c1100000| Untracked 
|  18|0x00000000c1200000, 0x00000000c1200000, 0x00000000c1300000|  0%| F|  |TAMS 0x00000000c1200000, 0x00000000c1200000| Untracked 
|  19|0x00000000c1300000, 0x00000000c1300000, 0x00000000c1400000|  0%| F|  |TAMS 0x00000000c1300000, 0x00000000c1300000| Untracked 
|  20|0x00000000c1400000, 0x00000000c1400000, 0x00000000c1500000|  0%| F|  |TAMS 0x00000000c1400000, 0x00000000c1400000| Untracked 
|  21|0x00000000c1500000, 0x00000000c1500000, 0x00000000c1600000|  0%| F|  |TAMS 0x00000000c1500000, 0x00000000c1500000| Untracked 
|  22|0x00000000c1600000, 0x00000000c1600000, 0x00000000c1700000|  0%| F|  |TAMS 0x00000000c1600000, 0x00000000c1600000| Untracked 
|  23|0x00000000c1700000, 0x00000000c1700000, 0x00000000c1800000|  0%| F|  |TAMS 0x00000000c1700000, 0x00000000c1700000| Untracked 
|  24|0x00000000c1800000, 0x00000000c1800000, 0x00000000c1900000|  0%| F|  |TAMS 0x00000000c1800000, 0x00000000c1800000| Untracked 
|  25|0x00000000c1900000, 0x00000000c1900000, 0x00000000c1a00000|  0%| F|  |TAMS 0x00000000c1900000, 0x00000000c1900000| Untracked 
|  26|0x00000000c1a00000, 0x00000000c1a00000, 0x00000000c1b00000|  0%| F|  |TAMS 0x00000000c1a00000, 0x00000000c1a00000| Untracked 
|  27|0x00000000c1b00000, 0x00000000c1b00000, 0x00000000c1c00000|  0%| F|  |TAMS 0x00000000c1b00000, 0x00000000c1b00000| Untracked 
|  28|0x00000000c1c00000, 0x00000000c1c00000, 0x00000000c1d00000|  0%| F|  |TAMS 0x00000000c1c00000, 0x00000000c1c00000| Untracked 
|  29|0x00000000c1d00000, 0x00000000c1d00000, 0x00000000c1e00000|  0%| F|  |TAMS 0x00000000c1d00000, 0x00000000c1d00000| Untracked 
|  30|0x00000000c1e00000, 0x00000000c1e00000, 0x00000000c1f00000|  0%| F|  |TAMS 0x00000000c1e00000, 0x00000000c1e00000| Untracked 
|  31|0x00000000c1f00000, 0x00000000c1f00000, 0x00000000c2000000|  0%| F|  |TAMS 0x00000000c1f00000, 0x00000000c1f00000| Untracked 
|  32|0x00000000c2000000, 0x00000000c2000000, 0x00000000c2100000|  0%| F|  |TAMS 0x00000000c2000000, 0x00000000c2000000| Untracked 
|  33|0x00000000c2100000, 0x00000000c2100000, 0x00000000c2200000|  0%| F|  |TAMS 0x00000000c2100000, 0x00000000c2100000| Untracked 
|  34|0x00000000c2200000, 0x00000000c2200000, 0x00000000c2300000|  0%| F|  |TAMS 0x00000000c2200000, 0x00000000c2200000| Untracked 
|  35|0x00000000c2300000, 0x00000000c2300000, 0x00000000c2400000|  0%| F|  |TAMS 0x00000000c2300000, 0x00000000c2300000| Untracked 
|  36|0x00000000c2400000, 0x00000000c2400000, 0x00000000c2500000|  0%| F|  |TAMS 0x00000000c2400000, 0x00000000c2400000| Untracked 
|  37|0x00000000c2500000, 0x00000000c2500000, 0x00000000c2600000|  0%| F|  |TAMS 0x00000000c2500000, 0x00000000c2500000| Untracked 
|  38|0x00000000c2600000, 0x00000000c2600000, 0x00000000c2700000|  0%| F|  |TAMS 0x00000000c2600000, 0x00000000c2600000| Untracked 
|  39|0x00000000c2700000, 0x00000000c2700000, 0x00000000c2800000|  0%| F|  |TAMS 0x00000000c2700000, 0x00000000c2700000| Untracked 
|  40|0x00000000c2800000, 0x00000000c2800000, 0x00000000c2900000|  0%| F|  |TAMS 0x00000000c2800000, 0x00000000c2800000| Untracked 
|  41|0x00000000c2900000, 0x00000000c2900000, 0x00000000c2a00000|  0%| F|  |TAMS 0x00000000c2900000, 0x00000000c2900000| Untracked 
|  42|0x00000000c2a00000, 0x00000000c2a00000, 0x00000000c2b00000|  0%| F|  |TAMS 0x00000000c2a00000, 0x00000000c2a00000| Untracked 
|  43|0x00000000c2b00000, 0x00000000c2b00000, 0x00000000c2c00000|  0%| F|  |TAMS 0x00000000c2b00000, 0x00000000c2b00000| Untracked 
|  44|0x00000000c2c00000, 0x00000000c2c00000, 0x00000000c2d00000|  0%| F|  |TAMS 0x00000000c2c00000, 0x00000000c2c00000| Untracked 
|  45|0x00000000c2d00000, 0x00000000c2d00000, 0x00000000c2e00000|  0%| F|  |TAMS 0x00000000c2d00000, 0x00000000c2d00000| Untracked 
|  46|0x00000000c2e00000, 0x00000000c2e00000, 0x00000000c2f00000|  0%| F|  |TAMS 0x00000000c2e00000, 0x00000000c2e00000| Untracked 
|  47|0x00000000c2f00000, 0x00000000c2f00000, 0x00000000c3000000|  0%| F|  |TAMS 0x00000000c2f00000, 0x00000000c2f00000| Untracked 
|  48|0x00000000c3000000, 0x00000000c3000000, 0x00000000c3100000|  0%| F|  |TAMS 0x00000000c3000000, 0x00000000c3000000| Untracked 
|  49|0x00000000c3100000, 0x00000000c3100000, 0x00000000c3200000|  0%| F|  |TAMS 0x00000000c3100000, 0x00000000c3100000| Untracked 
|  50|0x00000000c3200000, 0x00000000c3200000, 0x00000000c3300000|  0%| F|  |TAMS 0x00000000c3200000, 0x00000000c3200000| Untracked 
|  51|0x00000000c3300000, 0x00000000c3300000, 0x00000000c3400000|  0%| F|  |TAMS 0x00000000c3300000, 0x00000000c3300000| Untracked 
|  52|0x00000000c3400000, 0x00000000c3400000, 0x00000000c3500000|  0%| F|  |TAMS 0x00000000c3400000, 0x00000000c3400000| Untracked 
|  53|0x00000000c3500000, 0x00000000c3500000, 0x00000000c3600000|  0%| F|  |TAMS 0x00000000c3500000, 0x00000000c3500000| Untracked 
|  54|0x00000000c3600000, 0x00000000c3600000, 0x00000000c3700000|  0%| F|  |TAMS 0x00000000c3600000, 0x00000000c3600000| Untracked 
|  55|0x00000000c3700000, 0x00000000c3700000, 0x00000000c3800000|  0%| F|  |TAMS 0x00000000c3700000, 0x00000000c3700000| Untracked 
|  56|0x00000000c3800000, 0x00000000c3800000, 0x00000000c3900000|  0%| F|  |TAMS 0x00000000c3800000, 0x00000000c3800000| Untracked 
|  57|0x00000000c3900000, 0x00000000c3900000, 0x00000000c3a00000|  0%| F|  |TAMS 0x00000000c3900000, 0x00000000c3900000| Untracked 
|  58|0x00000000c3a00000, 0x00000000c3a00000, 0x00000000c3b00000|  0%| F|  |TAMS 0x00000000c3a00000, 0x00000000c3a00000| Untracked 
|  59|0x00000000c3b00000, 0x00000000c3b00000, 0x00000000c3c00000|  0%| F|  |TAMS 0x00000000c3b00000, 0x00000000c3b00000| Untracked 
|  60|0x00000000c3c00000, 0x00000000c3c00000, 0x00000000c3d00000|  0%| F|  |TAMS 0x00000000c3c00000, 0x00000000c3c00000| Untracked 
|  61|0x00000000c3d00000, 0x00000000c3d00000, 0x00000000c3e00000|  0%| F|  |TAMS 0x00000000c3d00000, 0x00000000c3d00000| Untracked 
|  62|0x00000000c3e00000, 0x00000000c3e00000, 0x00000000c3f00000|  0%| F|  |TAMS 0x00000000c3e00000, 0x00000000c3e00000| Untracked 
|  63|0x00000000c3f00000, 0x00000000c3f00000, 0x00000000c4000000|  0%| F|  |TAMS 0x00000000c3f00000, 0x00000000c3f00000| Untracked 
|  64|0x00000000c4000000, 0x00000000c4000000, 0x00000000c4100000|  0%| F|  |TAMS 0x00000000c4000000, 0x00000000c4000000| Untracked 
|  65|0x00000000c4100000, 0x00000000c4100000, 0x00000000c4200000|  0%| F|  |TAMS 0x00000000c4100000, 0x00000000c4100000| Untracked 
|  66|0x00000000c4200000, 0x00000000c4200000, 0x00000000c4300000|  0%| F|  |TAMS 0x00000000c4200000, 0x00000000c4200000| Untracked 
|  67|0x00000000c4300000, 0x00000000c4300000, 0x00000000c4400000|  0%| F|  |TAMS 0x00000000c4300000, 0x00000000c4300000| Untracked 
|  68|0x00000000c4400000, 0x00000000c4400000, 0x00000000c4500000|  0%| F|  |TAMS 0x00000000c4400000, 0x00000000c4400000| Untracked 
|  69|0x00000000c4500000, 0x00000000c4500000, 0x00000000c4600000|  0%| F|  |TAMS 0x00000000c4500000, 0x00000000c4500000| Untracked 
|  70|0x00000000c4600000, 0x00000000c4700000, 0x00000000c4700000|100%| S|CS|TAMS 0x00000000c4600000, 0x00000000c4600000| Complete 
|  71|0x00000000c4700000, 0x00000000c4800000, 0x00000000c4800000|100%| S|CS|TAMS 0x00000000c4700000, 0x00000000c4700000| Complete 
|  72|0x00000000c4800000, 0x00000000c4900000, 0x00000000c4900000|100%| S|CS|TAMS 0x00000000c4800000, 0x00000000c4800000| Complete 
|  73|0x00000000c4900000, 0x00000000c4900000, 0x00000000c4a00000|  0%| F|  |TAMS 0x00000000c4900000, 0x00000000c4900000| Untracked 
|  74|0x00000000c4a00000, 0x00000000c4a00000, 0x00000000c4b00000|  0%| F|  |TAMS 0x00000000c4a00000, 0x00000000c4a00000| Untracked 
|  75|0x00000000c4b00000, 0x00000000c4b00000, 0x00000000c4c00000|  0%| F|  |TAMS 0x00000000c4b00000, 0x00000000c4b00000| Untracked 
|  76|0x00000000c4c00000, 0x00000000c4c00000, 0x00000000c4d00000|  0%| F|  |TAMS 0x00000000c4c00000, 0x00000000c4c00000| Untracked 
|  77|0x00000000c4d00000, 0x00000000c4dec498, 0x00000000c4e00000| 92%| E|  |TAMS 0x00000000c4d00000, 0x00000000c4d00000| Complete 
|  78|0x00000000c4e00000, 0x00000000c4f00000, 0x00000000c4f00000|100%| E|CS|TAMS 0x00000000c4e00000, 0x00000000c4e00000| Complete 
|  79|0x00000000c4f00000, 0x00000000c5000000, 0x00000000c5000000|100%| E|CS|TAMS 0x00000000c4f00000, 0x00000000c4f00000| Complete 
|  80|0x00000000c5000000, 0x00000000c5100000, 0x00000000c5100000|100%| E|CS|TAMS 0x00000000c5000000, 0x00000000c5000000| Complete 
|  81|0x00000000c5100000, 0x00000000c5200000, 0x00000000c5200000|100%| E|CS|TAMS 0x00000000c5100000, 0x00000000c5100000| Complete 
|  82|0x00000000c5200000, 0x00000000c5300000, 0x00000000c5300000|100%| E|CS|TAMS 0x00000000c5200000, 0x00000000c5200000| Complete 
|  83|0x00000000c5300000, 0x00000000c5400000, 0x00000000c5400000|100%| E|CS|TAMS 0x00000000c5300000, 0x00000000c5300000| Complete 
|  84|0x00000000c5400000, 0x00000000c5500000, 0x00000000c5500000|100%| E|CS|TAMS 0x00000000c5400000, 0x00000000c5400000| Complete 
|  85|0x00000000c5500000, 0x00000000c5600000, 0x00000000c5600000|100%| E|CS|TAMS 0x00000000c5500000, 0x00000000c5500000| Complete 
|  86|0x00000000c5600000, 0x00000000c5700000, 0x00000000c5700000|100%| E|CS|TAMS 0x00000000c5600000, 0x00000000c5600000| Complete 
|  87|0x00000000c5700000, 0x00000000c5800000, 0x00000000c5800000|100%| E|CS|TAMS 0x00000000c5700000, 0x00000000c5700000| Complete 
|  88|0x00000000c5800000, 0x00000000c5900000, 0x00000000c5900000|100%| E|CS|TAMS 0x00000000c5800000, 0x00000000c5800000| Complete 
|  89|0x00000000c5900000, 0x00000000c5a00000, 0x00000000c5a00000|100%| E|CS|TAMS 0x00000000c5900000, 0x00000000c5900000| Complete 
|  90|0x00000000c5a00000, 0x00000000c5b00000, 0x00000000c5b00000|100%| E|CS|TAMS 0x00000000c5a00000, 0x00000000c5a00000| Complete 
|  91|0x00000000c5b00000, 0x00000000c5c00000, 0x00000000c5c00000|100%| E|CS|TAMS 0x00000000c5b00000, 0x00000000c5b00000| Complete 
|  92|0x00000000c5c00000, 0x00000000c5d00000, 0x00000000c5d00000|100%| E|CS|TAMS 0x00000000c5c00000, 0x00000000c5c00000| Complete 
|  93|0x00000000c5d00000, 0x00000000c5e00000, 0x00000000c5e00000|100%| E|CS|TAMS 0x00000000c5d00000, 0x00000000c5d00000| Complete 
|  94|0x00000000c5e00000, 0x00000000c5f00000, 0x00000000c5f00000|100%| E|CS|TAMS 0x00000000c5e00000, 0x00000000c5e00000| Complete 
|  95|0x00000000c5f00000, 0x00000000c6000000, 0x00000000c6000000|100%| E|CS|TAMS 0x00000000c5f00000, 0x00000000c5f00000| Complete 

Card table byte_map: [0x0000023df82c0000,0x0000023df84c0000] _byte_map_base: 0x0000023df7cc0000

Marking Bits (Prev, Next): (CMBitMap*) 0x0000023df03a94b0, (CMBitMap*) 0x0000023df03a94f0
 Prev Bits: [0x0000023df86c0000, 0x0000023df96c0000)
 Next Bits: [0x0000023df96c0000, 0x0000023dfa6c0000)

Polling page: 0x0000023df0400000

Metaspace:

Usage:
  Non-class:     11.30 MB used.
      Class:      1.58 MB used.
       Both:     12.88 MB used.

Virtual space:
  Non-class space:       64.00 MB reserved,      11.38 MB ( 18%) committed,  1 nodes.
      Class space:        1.00 GB reserved,       1.69 MB ( <1%) committed,  1 nodes.
             Both:        1.06 GB reserved,      13.06 MB (  1%) committed. 

Chunk freelists:
   Non-Class:  4.23 MB
       Class:  14.33 MB
        Both:  18.56 MB

MaxMetaspaceSize: unlimited
CompressedClassSpaceSize: 1.00 GB
Initial GC threshold: 21.00 MB
Current GC threshold: 21.00 MB
CDS: off
MetaspaceReclaimPolicy: balanced
 - commit_granule_bytes: 65536.
 - commit_granule_words: 8192.
 - virtual_space_node_default_size: 8388608.
 - enlarge_chunks_in_place: 1.
 - new_chunks_are_fully_committed: 0.
 - uncommit_free_chunks: 1.
 - use_allocation_guard: 0.
 - handle_deallocations: 1.


Internal statistics:

num_allocs_failed_limit: 0.
num_arena_births: 118.
num_arena_deaths: 0.
num_vsnodes_births: 2.
num_vsnodes_deaths: 0.
num_space_committed: 209.
num_space_uncommitted: 0.
num_chunks_returned_to_freelist: 0.
num_chunks_taken_from_freelist: 336.
num_chunk_merges: 0.
num_chunk_splits: 221.
num_chunks_enlarged: 177.
num_inconsistent_stats: 0.

CodeCache: size=49152Kb used=3976Kb max_used=3976Kb free=45175Kb
 bounds [0x0000023df47e0000, 0x0000023df4bd0000, 0x0000023df77e0000]
 total_blobs=1571 nmethods=1154 adapters=343
 compilation: enabled
              stopped_count=0, restarted_count=0
 full_count=0

Compilation events (20 events):
Event: 1.152 Thread 0x0000023dfd4e8120 1144       1       java.util.concurrent.locks.AbstractOwnableSynchronizer::setExclusiveOwnerThread (6 bytes)
Event: 1.152 Thread 0x0000023dfd4eea60 nmethod 1142 0x0000023df4bbf610 code [0x0000023df4bbf7a0, 0x0000023df4bbf878]
Event: 1.152 Thread 0x0000023dfd4e8120 nmethod 1144 0x0000023df4bbf910 code [0x0000023df4bbfaa0, 0x0000023df4bbfbb8]
Event: 1.152 Thread 0x0000023dfd2ee360 nmethod 1143 0x0000023df4bbfc10 code [0x0000023df4bbfdc0, 0x0000023df4bbffc8]
Event: 1.162 Thread 0x0000023dfd2ee360 1145       1       java.lang.invoke.VarHandle::isDirect (2 bytes)
Event: 1.162 Thread 0x0000023dfd2ee360 nmethod 1145 0x0000023df4bc0110 code [0x0000023df4bc02a0, 0x0000023df4bc0378]
Event: 1.162 Thread 0x0000023dfd2ee360 1146       1       sun.reflect.generics.tree.SimpleClassTypeSignature::getName (5 bytes)
Event: 1.162 Thread 0x0000023dfd4e8120 1147       1       sun.reflect.generics.tree.ClassTypeSignature::getPath (5 bytes)
Event: 1.162 Thread 0x0000023dfd4eea60 1148       1       sun.reflect.generics.tree.SimpleClassTypeSignature::getDollar (5 bytes)
Event: 1.162 Thread 0x0000023dfd2ee360 nmethod 1146 0x0000023df4bc0410 code [0x0000023df4bc05a0, 0x0000023df4bc0678]
Event: 1.162 Thread 0x0000023dfd4e8120 nmethod 1147 0x0000023df4bc0710 code [0x0000023df4bc08a0, 0x0000023df4bc0978]
Event: 1.162 Thread 0x0000023dfd4eea60 nmethod 1148 0x0000023df4bc0a10 code [0x0000023df4bc0ba0, 0x0000023df4bc0c78]
Event: 1.168 Thread 0x0000023dfd4eea60 1149       1       java.lang.ClassLoader::getUnnamedModule (5 bytes)
Event: 1.168 Thread 0x0000023dfd4eea60 nmethod 1149 0x0000023df4bc0d10 code [0x0000023df4bc0ea0, 0x0000023df4bc0f78]
Event: 1.170 Thread 0x0000023dfd4eea60 1150       1       org.springframework.util.ConcurrentReferenceHashMap$Task::hasOption (9 bytes)
Event: 1.170 Thread 0x0000023dfd4eea60 nmethod 1150 0x0000023df4bc1010 code [0x0000023df4bc11a0, 0x0000023df4bc1288]
Event: 1.170 Thread 0x0000023dfd4e8120 1151       1       java.lang.invoke.DirectMethodHandle::allocateInstance (16 bytes)
Event: 1.170 Thread 0x0000023dfd2ee360 1153       1       java.lang.invoke.DirectMethodHandle::constructorMethod (10 bytes)
Event: 1.171 Thread 0x0000023dfd2ee360 nmethod 1153 0x0000023df4bc1810 code [0x0000023df4bc19a0, 0x0000023df4bc1a78]
Event: 1.171 Thread 0x0000023dfd4e8120 nmethod 1151 0x0000023df4bc1b10 code [0x0000023df4bc1ca0, 0x0000023df4bc1da8]

GC Heap History (2 events):
Event: 0.734 GC heap before
{Heap before GC invocations=0 (full 0):
 garbage-first heap   total 98304K, used 28672K [0x00000000c0000000, 0x0000000100000000)
  region size 1024K, 23 young (23552K), 0 survivors (0K)
 Metaspace       used 8096K, committed 8256K, reserved 1114112K
  class space    used 901K, committed 960K, reserved 1048576K
}
Event: 0.742 GC heap after
{Heap after GC invocations=1 (full 0):
 garbage-first heap   total 98304K, used 15392K [0x00000000c0000000, 0x0000000100000000)
  region size 1024K, 3 young (3072K), 3 survivors (3072K)
 Metaspace       used 8096K, committed 8256K, reserved 1114112K
  class space    used 901K, committed 960K, reserved 1048576K
}

Dll operation events (5 events):
Event: 0.010 Loaded shared library c:\Users\Juan Diego Cordoba F\.vscode\extensions\redhat.java-1.28.1-win32-x64\jre\17.0.10-win32-x86_64\bin\java.dll
Event: 0.289 Loaded shared library C:\Users\Juan Diego Cordoba F\.vscode\extensions\redhat.java-1.28.1-win32-x64\jre\17.0.10-win32-x86_64\bin\net.dll
Event: 0.291 Loaded shared library C:\Users\Juan Diego Cordoba F\.vscode\extensions\redhat.java-1.28.1-win32-x64\jre\17.0.10-win32-x86_64\bin\nio.dll
Event: 0.299 Loaded shared library C:\Users\Juan Diego Cordoba F\.vscode\extensions\redhat.java-1.28.1-win32-x64\jre\17.0.10-win32-x86_64\bin\zip.dll
Event: 0.486 Loaded shared library C:\Users\Juan Diego Cordoba F\.vscode\extensions\redhat.java-1.28.1-win32-x64\jre\17.0.10-win32-x86_64\bin\jimage.dll

Deoptimization events (0 events):
No events

Classes unloaded (0 events):
No events

Classes redefined (0 events):
No events

Internal exceptions (17 events):
Event: 0.544 Thread 0x0000023df036a8f0 Exception <a 'java/lang/ClassNotFoundException'{0x00000000c50aa550}: javax/smartcardio/CardPermission> (0x00000000c50aa550) 
thrown [s\src\hotspot\share\classfile\systemDictionary.cpp, line 256]
Event: 0.547 Thread 0x0000023df036a8f0 Exception <a 'java/io/FileNotFoundException'{0x00000000c50b96c8}> (0x00000000c50b96c8) 
thrown [s\src\hotspot\share\prims\jni.cpp, line 516]
Event: 0.580 Thread 0x0000023df036a8f0 Exception <a 'java/lang/NoSuchMethodError'{0x00000000c4f50a58}: 'java.lang.Object java.lang.invoke.DirectMethodHandle$Holder.invokeSpecial(java.lang.Object, java.lang.Object, java.lang.Object, long, java.lang.Object)'> (0x00000000c4f50a58) 
thrown [s\src\hotspot\share\interpreter\linkResolver.cpp, line 759]
Event: 0.580 Thread 0x0000023df036a8f0 Exception <a 'java/lang/NoSuchMethodError'{0x00000000c4f546f8}: 'java.lang.Object java.lang.invoke.Invokers$Holder.linkToTargetMethod(java.lang.Object, long, java.lang.Object, java.lang.Object)'> (0x00000000c4f546f8) 
thrown [s\src\hotspot\share\interpreter\linkResolver.cpp, line 759]
Event: 0.604 Thread 0x0000023df036a8f0 Exception <a 'java/lang/NoSuchMethodError'{0x00000000c4e4feb8}: 'void java.lang.invoke.DirectMethodHandle$Holder.invokeStatic(java.lang.Object, java.lang.Object, java.lang.Object)'> (0x00000000c4e4feb8) 
thrown [s\src\hotspot\share\interpreter\linkResolver.cpp, line 759]
Event: 0.742 Thread 0x0000023df036a8f0 Exception <a 'java/lang/NoSuchMethodError'{0x00000000c5f00cf0}: 'void java.lang.invoke.DirectMethodHandle$Holder.invokeSpecialIFC(java.lang.Object, java.lang.Object, java.lang.Object, java.lang.Object, java.lang.Object)'> (0x00000000c5f00cf0) 
thrown [s\src\hotspot\share\interpreter\linkResolver.cpp, line 759]
Event: 0.743 Thread 0x0000023df036a8f0 Exception <a 'java/lang/NoSuchMethodError'{0x00000000c5f090c8}: 'void java.lang.invoke.DirectMethodHandle$Holder.invokeStatic(java.lang.Object, java.lang.Object, java.lang.Object, java.lang.Object)'> (0x00000000c5f090c8) 
thrown [s\src\hotspot\share\interpreter\linkResolver.cpp, line 759]
Event: 0.744 Thread 0x0000023df036a8f0 Exception <a 'java/lang/NoSuchMethodError'{0x00000000c5f14878}: 'int java.lang.invoke.DirectMethodHandle$Holder.invokeSpecial(java.lang.Object, java.lang.Object, java.lang.Object)'> (0x00000000c5f14878) 
thrown [s\src\hotspot\share\interpreter\linkResolver.cpp, line 759]
Event: 0.772 Thread 0x0000023df036a8f0 Exception <a 'java/lang/NoSuchMethodError'{0x00000000c5e427c8}: 'java.lang.Object java.lang.invoke.DirectMethodHandle$Holder.invokeStaticInit(java.lang.Object, java.lang.Object, java.lang.Object)'> (0x00000000c5e427c8) 
thrown [s\src\hotspot\share\interpreter\linkResolver.cpp, line 759]
Event: 1.001 Thread 0x0000023df036a8f0 Exception <a 'java/lang/NoSuchMethodError'{0x00000000c5508960}: 'int java.lang.invoke.DirectMethodHandle$Holder.invokeStaticInit(java.lang.Object, java.lang.Object)'> (0x00000000c5508960) 
thrown [s\src\hotspot\share\interpreter\linkResolver.cpp, line 759]
Event: 1.010 Thread 0x0000023df036a8f0 Exception <a 'java/lang/NoSuchMethodError'{0x00000000c5580158}: 'void java.lang.invoke.DirectMethodHandle$Holder.invokeInterface(java.lang.Object, java.lang.Object, java.lang.Object, java.lang.Object)'> (0x00000000c5580158) 
thrown [s\src\hotspot\share\interpreter\linkResolver.cpp, line 759]
Event: 1.058 Thread 0x0000023df036a8f0 Exception <a 'java/lang/NoSuchMethodError'{0x00000000c53c35f0}: 'java.lang.Object java.lang.invoke.DirectMethodHandle$Holder.invokeInterface(java.lang.Object, java.lang.Object)'> (0x00000000c53c35f0) 
thrown [s\src\hotspot\share\interpreter\linkResolver.cpp, line 759]
Event: 1.065 Thread 0x0000023df036a8f0 Exception <a 'java/lang/NoSuchMethodError'{0x00000000c52365a8}: 'java.lang.Object java.lang.invoke.DirectMethodHandle$Holder.invokeSpecialIFC(java.lang.Object, java.lang.Object, java.lang.Object, java.lang.Object)'> (0x00000000c52365a8) 
thrown [s\src\hotspot\share\interpreter\linkResolver.cpp, line 759]
Event: 1.069 Thread 0x0000023df036a8f0 Exception <a 'java/lang/NoSuchMethodError'{0x00000000c5265790}: 'java.lang.Object java.lang.invoke.DirectMethodHandle$Holder.invokeInterface(java.lang.Object, java.lang.Object, java.lang.Object)'> (0x00000000c5265790) 
thrown [s\src\hotspot\share\interpreter\linkResolver.cpp, line 759]
Event: 1.092 Thread 0x0000023df036a8f0 Exception <a 'java/lang/NoSuchMethodError'{0x00000000c5173530}: 'int java.lang.invoke.DirectMethodHandle$Holder.invokeStaticInit(java.lang.Object, java.lang.Object, java.lang.Object)'> (0x00000000c5173530) 
thrown [s\src\hotspot\share\interpreter\linkResolver.cpp, line 759]
Event: 1.102 Thread 0x0000023df036a8f0 Exception <a 'java/lang/NoSuchMethodError'{0x00000000c51e4060}: 'java.lang.Object java.lang.invoke.DirectMethodHandle$Holder.newInvokeSpecial(java.lang.Object, java.lang.Object, java.lang.Object, java.lang.Object, java.lang.Object)'> (0x00000000c51e4060) 
thrown [s\src\hotspot\share\interpreter\linkResolver.cpp, line 759]
Event: 1.126 Thread 0x0000023df036a8f0 Exception <a 'java/lang/IncompatibleClassChangeError'{0x00000000c50d3688}: Found class java.lang.Object, but interface was expected> (0x00000000c50d3688) 
thrown [s\src\hotspot\share\interpreter\linkResolver.cpp, line 826]

VM Operations (16 events):
Event: 0.301 Executing VM operation: HandshakeAllThreads
Event: 0.301 Executing VM operation: HandshakeAllThreads done
Event: 0.477 Executing VM operation: HandshakeAllThreads
Event: 0.477 Executing VM operation: HandshakeAllThreads done
Event: 0.506 Executing VM operation: HandshakeAllThreads
Event: 0.506 Executing VM operation: HandshakeAllThreads done
Event: 0.525 Executing VM operation: HandshakeAllThreads
Event: 0.525 Executing VM operation: HandshakeAllThreads done
Event: 0.734 Executing VM operation: G1CollectForAllocation
Event: 0.742 Executing VM operation: G1CollectForAllocation done
Event: 0.872 Executing VM operation: HandshakeAllThreads
Event: 0.872 Executing VM operation: HandshakeAllThreads done
Event: 0.946 Executing VM operation: HandshakeAllThreads
Event: 0.946 Executing VM operation: HandshakeAllThreads done
Event: 1.134 Executing VM operation: HandshakeAllThreads
Event: 1.134 Executing VM operation: HandshakeAllThreads done

Events (20 events):
Event: 1.148 loading class sun/reflect/generics/tree/Wildcard
Event: 1.148 loading class sun/reflect/generics/tree/Wildcard done
Event: 1.148 loading class sun/reflect/generics/reflectiveObjects/WildcardTypeImpl
Event: 1.148 loading class sun/reflect/generics/reflectiveObjects/WildcardTypeImpl done
Event: 1.151 loading class java/util/Currency
Event: 1.151 loading class java/util/Currency done
Event: 1.153 loading class java/util/UUID
Event: 1.153 loading class java/util/UUID done
Event: 1.163 loading class java/util/Calendar
Event: 1.163 loading class java/util/Calendar done
Event: 1.163 loading class java/util/GregorianCalendar
Event: 1.164 loading class java/util/GregorianCalendar done
Event: 1.164 loading class java/time/ZonedDateTime
Event: 1.164 loading class java/time/chrono/ChronoZonedDateTime
Event: 1.164 loading class java/time/chrono/ChronoZonedDateTime done
Event: 1.164 loading class java/time/ZonedDateTime done
Event: 1.171 loading class java/math/BigDecimal
Event: 1.172 loading class java/math/BigDecimal done
Event: 1.172 loading class java/text/ParseException
Event: 1.172 loading class java/text/ParseException done


Dynamic libraries:
0x00007ff681830000 - 0x00007ff68183e000 	c:\Users\Juan Diego Cordoba F\.vscode\extensions\redhat.java-1.28.1-win32-x64\jre\17.0.10-win32-x86_64\bin\java.exe
0x00007ffacd930000 - 0x00007ffacdb47000 	C:\WINDOWS\SYSTEM32\ntdll.dll
0x00007ffacd030000 - 0x00007ffacd0f4000 	C:\WINDOWS\System32\KERNEL32.DLL
0x00007ffacb130000 - 0x00007ffacb4d6000 	C:\WINDOWS\System32\KERNELBASE.dll
0x00007ffac7da0000 - 0x00007ffac7e37000 	C:\WINDOWS\SYSTEM32\apphelp.dll
0x00007ffacae70000 - 0x00007ffacaf81000 	C:\WINDOWS\System32\ucrtbase.dll
0x00007ffa80010000 - 0x00007ffa8002b000 	c:\Users\Juan Diego Cordoba F\.vscode\extensions\redhat.java-1.28.1-win32-x64\jre\17.0.10-win32-x86_64\bin\VCRUNTIME140.dll
0x00007ffa803f0000 - 0x00007ffa80407000 	c:\Users\Juan Diego Cordoba F\.vscode\extensions\redhat.java-1.28.1-win32-x64\jre\17.0.10-win32-x86_64\bin\jli.dll
0x00007ffacc590000 - 0x00007ffacc73e000 	C:\WINDOWS\System32\USER32.dll
0x00007ffaa9bc0000 - 0x00007ffaa9e53000 	C:\WINDOWS\WinSxS\amd64_microsoft.windows.common-controls_6595b64144ccf1df_6.0.22621.2506_none_270c5ae97388e100\COMCTL32.dll
0x00007ffacbd50000 - 0x00007ffacbdf7000 	C:\WINDOWS\System32\msvcrt.dll
0x00007ffacada0000 - 0x00007ffacadc6000 	C:\WINDOWS\System32\win32u.dll
0x00007ffacbb90000 - 0x00007ffacbbb9000 	C:\WINDOWS\System32\GDI32.dll
0x00007ffacaf90000 - 0x00007ffacb0a8000 	C:\WINDOWS\System32\gdi32full.dll
0x00007ffacadd0000 - 0x00007ffacae6a000 	C:\WINDOWS\System32\msvcp_win.dll
0x00007ffacbe00000 - 0x00007ffacbe31000 	C:\WINDOWS\System32\IMM32.DLL
0x00007ffaa0f30000 - 0x00007ffaa0f3c000 	c:\Users\Juan Diego Cordoba F\.vscode\extensions\redhat.java-1.28.1-win32-x64\jre\17.0.10-win32-x86_64\bin\vcruntime140_1.dll
0x00007ffa53ee0000 - 0x00007ffa53f6d000 	c:\Users\Juan Diego Cordoba F\.vscode\extensions\redhat.java-1.28.1-win32-x64\jre\17.0.10-win32-x86_64\bin\msvcp140.dll
0x00007ffa28760000 - 0x00007ffa293c2000 	c:\Users\Juan Diego Cordoba F\.vscode\extensions\redhat.java-1.28.1-win32-x64\jre\17.0.10-win32-x86_64\bin\server\jvm.dll
0x00007ffacbad0000 - 0x00007ffacbb83000 	C:\WINDOWS\System32\ADVAPI32.dll
0x00007ffacc1d0000 - 0x00007ffacc278000 	C:\WINDOWS\System32\sechost.dll
0x00007ffacad70000 - 0x00007ffacad98000 	C:\WINDOWS\System32\bcrypt.dll
0x00007ffacd120000 - 0x00007ffacd237000 	C:\WINDOWS\System32\RPCRT4.dll
0x00007ffab2bd0000 - 0x00007ffab2bd9000 	C:\WINDOWS\SYSTEM32\WSOCK32.dll
0x00007ffac2c00000 - 0x00007ffac2c34000 	C:\WINDOWS\SYSTEM32\WINMM.dll
0x00007ffacd830000 - 0x00007ffacd8a1000 	C:\WINDOWS\System32\WS2_32.dll
0x00007ffacab10000 - 0x00007ffacab5d000 	C:\WINDOWS\SYSTEM32\POWRPROF.dll
0x00007ffac3ea0000 - 0x00007ffac3eaa000 	C:\WINDOWS\SYSTEM32\VERSION.dll
0x00007ffacaaf0000 - 0x00007ffacab03000 	C:\WINDOWS\SYSTEM32\UMPDC.dll
0x00007ffac9c80000 - 0x00007ffac9c98000 	C:\WINDOWS\SYSTEM32\kernel.appcore.dll
0x00007ffaa0df0000 - 0x00007ffaa0dfa000 	c:\Users\Juan Diego Cordoba F\.vscode\extensions\redhat.java-1.28.1-win32-x64\jre\17.0.10-win32-x86_64\bin\jimage.dll
0x00007ffac8670000 - 0x00007ffac88a3000 	C:\WINDOWS\SYSTEM32\DBGHELP.DLL
0x00007ffacbe40000 - 0x00007ffacc1c9000 	C:\WINDOWS\System32\combase.dll
0x00007ffacbbc0000 - 0x00007ffacbc97000 	C:\WINDOWS\System32\OLEAUT32.dll
0x00007ffabf160000 - 0x00007ffabf192000 	C:\WINDOWS\SYSTEM32\dbgcore.DLL
0x00007ffacb0b0000 - 0x00007ffacb12a000 	C:\WINDOWS\System32\bcryptPrimitives.dll
0x00007ffa6d700000 - 0x00007ffa6d725000 	c:\Users\Juan Diego Cordoba F\.vscode\extensions\redhat.java-1.28.1-win32-x64\jre\17.0.10-win32-x86_64\bin\java.dll
0x00007ffa7fb50000 - 0x00007ffa7fb68000 	c:\Users\Juan Diego Cordoba F\.vscode\extensions\redhat.java-1.28.1-win32-x64\jre\17.0.10-win32-x86_64\bin\zip.dll
0x00007ffacc740000 - 0x00007ffaccf9b000 	C:\WINDOWS\System32\SHELL32.dll
0x00007ffac8ba0000 - 0x00007ffac9496000 	C:\WINDOWS\SYSTEM32\windows.storage.dll
0x00007ffac8a60000 - 0x00007ffac8b9e000 	C:\WINDOWS\SYSTEM32\wintypes.dll
0x00007ffacc280000 - 0x00007ffacc373000 	C:\WINDOWS\System32\SHCORE.dll
0x00007ffacd7d0000 - 0x00007ffacd82e000 	C:\WINDOWS\System32\shlwapi.dll
0x00007ffacab70000 - 0x00007ffacab96000 	C:\WINDOWS\SYSTEM32\profapi.dll
0x00007ffa7a2b0000 - 0x00007ffa7a2c9000 	C:\Users\Juan Diego Cordoba F\.vscode\extensions\redhat.java-1.28.1-win32-x64\jre\17.0.10-win32-x86_64\bin\net.dll
0x00007ffac3f70000 - 0x00007ffac40a7000 	C:\WINDOWS\SYSTEM32\WINHTTP.dll
0x00007ffaca100000 - 0x00007ffaca169000 	C:\WINDOWS\system32\mswsock.dll
0x00007ffa6bf60000 - 0x00007ffa6bf76000 	C:\Users\Juan Diego Cordoba F\.vscode\extensions\redhat.java-1.28.1-win32-x64\jre\17.0.10-win32-x86_64\bin\nio.dll

dbghelp: loaded successfully - version: 4.0.5 - missing functions: none
symbol engine: initialized successfully - sym options: 0x614 - pdb path: .;c:\Users\Juan Diego Cordoba F\.vscode\extensions\redhat.java-1.28.1-win32-x64\jre\17.0.10-win32-x86_64\bin;C:\WINDOWS\SYSTEM32;C:\WINDOWS\WinSxS\amd64_microsoft.windows.common-controls_6595b64144ccf1df_6.0.22621.2506_none_270c5ae97388e100;c:\Users\Juan Diego Cordoba F\.vscode\extensions\redhat.java-1.28.1-win32-x64\jre\17.0.10-win32-x86_64\bin\server

VM Arguments:
jvm_args: -XX:+HeapDumpOnOutOfMemoryError -Xmx1024m -Dsts.lsp.client=vscode -Dsts.log.file=/dev/null -XX:TieredStopAtLevel=1 -Xlog:jni+resolve=off -Dspring.config.location=file:c:\Users\Juan Diego Cordoba F\.vscode\extensions\vmware.vscode-spring-boot-1.53.0\language-server\BOOT-INF\classes\application.properties 
java_command: org.springframework.ide.vscode.boot.app.BootLanguageServerBootApp
java_class_path (initial): c:\Users\Juan Diego Cordoba F\.vscode\extensions\vmware.vscode-spring-boot-1.53.0\language-server\BOOT-INF\classes;c:\Users\Juan Diego Cordoba F\.vscode\extensions\vmware.vscode-spring-boot-1.53.0\language-server\BOOT-INF\lib\annotations-24.1.0.jar;c:\Users\Juan Diego Cordoba F\.vscode\extensions\vmware.vscode-spring-boot-1.53.0\language-server\BOOT-INF\lib\antlr4-runtime-4.11.1.jar;c:\Users\Juan Diego Cordoba F\.vscode\extensions\vmware.vscode-spring-boot-1.53.0\language-server\BOOT-INF\lib\asm-9.6.jar;c:\Users\Juan Diego Cordoba F\.vscode\extensions\vmware.vscode-spring-boot-1.53.0\language-server\BOOT-INF\lib\asm-analysis-9.6.jar;c:\Users\Juan Diego Cordoba F\.vscode\extensions\vmware.vscode-spring-boot-1.53.0\language-server\BOOT-INF\lib\asm-tree-9.6.jar;c:\Users\Juan Diego Cordoba F\.vscode\extensions\vmware.vscode-spring-boot-1.53.0\language-server\BOOT-INF\lib\asm-util-9.6.jar;c:\Users\Juan Diego Cordoba F\.vscode\extensions\vmware.vscode-spring-boot-1.53.0\language-server\BOOT-INF\lib\caffeine-3.1.8.jar;c:\Users\Juan Diego Cordoba F\.vscode\extensions\vmware.vscode-spring-boot-1.53.0\language-server\BOOT-INF\lib\checker-qual-3.12.0.jar;c:\Users\Juan Diego Cordoba F\.vscode\extensions\vmware.vscode-spring-boot-1.53.0\language-server\BOOT-INF\lib\classgraph-4.8.149.jar;c:\Users\Juan Diego Cordoba F\.vscode\extensions\vmware.vscode-spring-boot-1.53.0\language-server\BOOT-INF\lib\commons-codec-1.16.1.jar;c:\Users\Juan Diego Cordoba F\.vscode\extensions\vmware.vscode-spring-boot-1.53.0\language-server\BOOT-INF\lib\commons-compress-1.26.0.jar;c:\Users\Juan Diego Cordoba F\.vscode\extensions\vmware.vscode-spring-boot-1.53.0\language-server\BOOT-INF\lib\commons-io-2.4.jar;c:\Users\Juan Diego Cordoba F\.vscode\extensions\vmware.vscode-spring-boot-1.53.0\language-server\BOOT-INF\lib\commons-java-1.53.0-SNAPSHOT.jar;c:\Users\Juan Diego Cordoba F\.vscode\extensions\vmware.vscode-spring-boot-1.53.0\language-server\BOOT-INF\lib\commons-lang3-3
Launcher Type: SUN_STANDARD

[Global flags]
     intx CICompilerCount                          = 4                                         {product} {ergonomic}
     uint ConcGCThreads                            = 2                                         {product} {ergonomic}
     uint G1ConcRefinementThreads                  = 8                                         {product} {ergonomic}
   size_t G1HeapRegionSize                         = 1048576                                   {product} {ergonomic}
    uintx GCDrainStackTargetSize                   = 64                                        {product} {ergonomic}
     bool HeapDumpOnOutOfMemoryError               = true                                   {manageable} {command line}
   size_t InitialHeapSize                          = 100663296                                 {product} {ergonomic}
   size_t MarkStackSize                            = 4194304                                   {product} {ergonomic}
   size_t MaxHeapSize                              = 1073741824                                {product} {command line}
   size_t MaxNewSize                               = 643825664                                 {product} {ergonomic}
   size_t MinHeapDeltaBytes                        = 1048576                                   {product} {ergonomic}
   size_t MinHeapSize                              = 8388608                                   {product} {ergonomic}
    uintx NonProfiledCodeHeapSize                  = 0                                      {pd product} {ergonomic}
     bool ProfileInterpreter                       = false                                  {pd product} {command line}
    uintx ProfiledCodeHeapSize                     = 0                                      {pd product} {ergonomic}
   size_t SoftMaxHeapSize                          = 1073741824                             {manageable} {ergonomic}
     intx TieredStopAtLevel                        = 1                                         {product} {command line}
     bool UseCompressedClassPointers               = true                           {product lp64_product} {ergonomic}
     bool UseCompressedOops                        = true                           {product lp64_product} {ergonomic}
     bool UseG1GC                                  = true                                      {product} {ergonomic}
     bool UseLargePagesIndividualAllocation        = false                                  {pd product} {ergonomic}

Logging:
Log output configuration:
 #0: stdout all=warning,jni+resolve=off uptime,level,tags
 #1: stderr all=off uptime,level,tags

Environment Variables:
PATH=C:\Program Files (x86)\VMware\VMware Player\bin\;C:\Program Files\Common Files\Oracle\Java\javapath;C:\Oracle\dbhomeXE\bin;C:\Program Files (x86)\Common Files\Oracle\Java\javapath;C:\Program Files\AdoptOpenJDK\jre-11.0.7.10-hotspot\bin;C:\WINDOWS\system32;C:\WINDOWS;C:\WINDOWS\System32\Wbem;C:\WINDOWS\System32\WindowsPowerShell\v1.0\;C:\WINDOWS\System32\OpenSSH\;C:\Program Files (x86)\dotnet\;C:\Program Files\Java\jdk-19\bin;C:\Program Files\Git\cmd;C:\workspace\apache-maven-3.9.6-bin\apache-maven-3.9.6\bin;C:\Users\Juan Diego Cordoba F\AppData\Local\Programs\Python\Python39\Scripts\;C:\Users\Juan Diego Cordoba F\AppData\Local\Programs\Python\Python39\;C:\Users\Juan Diego Cordoba F\AppData\Local\Microsoft\WindowsApps;C:\Users\Juan Diego Cordoba F\AppData\Local\atom\bin;C:\Users\Juan Diego Cordoba F\AppData\Local\Microsoft\WindowsApps;C:\MinGW\bin;C:\Users\Juan Diego Cordoba F\AppData\Local\Programs\Microsoft VS Code\bin;C:\Users\Juan Diego Cordoba F\AppData\Local\GitHubDesktop\bin
USERNAME=Juan Diego Cordoba F
OS=Windows_NT
PROCESSOR_IDENTIFIER=AMD64 Family 23 Model 24 Stepping 1, AuthenticAMD
TMP=C:\Users\JUANDI~1\AppData\Local\Temp
TEMP=C:\Users\JUANDI~1\AppData\Local\Temp



Periodic native trim disabled


---------------  S Y S T E M  ---------------

OS:
 Windows 11 , 64 bit Build 22621 (10.0.22621.3085)
OS uptime: 4 days 11:04 hours

CPU: total 8 (initial active 8) (8 cores per cpu, 2 threads per core) family 23 model 24 stepping 1 microcode 0x0, cx8, cmov, fxsr, ht, mmx, 3dnowpref, sse, sse2, sse3, ssse3, sse4a, sse4.1, sse4.2, popcnt, lzcnt, tsc, tscinvbit, avx, avx2, aes, clmul, bmi1, bmi2, adx, sha, fma, vzeroupper, clflush, clflushopt
Processor Information for processor 0
  Max Mhz: 2100, Current Mhz: 2100, Mhz Limit: 2100
Processor Information for processor 1
  Max Mhz: 2100, Current Mhz: 2100, Mhz Limit: 2100
Processor Information for processor 2
  Max Mhz: 2100, Current Mhz: 2100, Mhz Limit: 2100
Processor Information for processor 3
  Max Mhz: 2100, Current Mhz: 2100, Mhz Limit: 2100
Processor Information for processor 4
  Max Mhz: 2100, Current Mhz: 1400, Mhz Limit: 2100
Processor Information for processor 5
  Max Mhz: 2100, Current Mhz: 1400, Mhz Limit: 2100
Processor Information for processor 6
  Max Mhz: 2100, Current Mhz: 1400, Mhz Limit: 2100
Processor Information for processor 7
  Max Mhz: 2100, Current Mhz: 1400, Mhz Limit: 2100

Memory: 4k page, system-wide physical 6020M (371M free)
TotalPageFile size 24452M (AvailPageFile size 4M)
current process WorkingSet (physical memory assigned to process): 87M, peak: 87M
current process commit charge ("private bytes"): 188M, peak: 188M

vm_info: OpenJDK 64-Bit Server VM (17.0.10+7) for windows-amd64 JRE (17.0.10+7), built on Jan 16 2024 23:25:11 by "admin" with MS VC++ 16.10 / 16.11 (VS2019)

END.
